#
# There is insufficient memory for the Java Runtime Environment to continue.
# Native memory allocation (mmap) failed to map 130023424 bytes for G1 virtual space
# Possible reasons:
#   The system is out of physical RAM or swap space
#   The process is running with CompressedOops enabled, and the Java Heap may be blocking the growth of the native heap
# Possible solutions:
#   Reduce memory load on the system
#   Increase physical memory or swap space
#   Check if swap backing store is full
#   Decrease Java heap size (-Xmx/-Xms)
#   Decrease number of Java threads
#   Decrease Java thread stack sizes (-Xss)
#   Set larger code cache with -XX:ReservedCodeCacheSize=
#   JVM is running with Unscaled Compressed Oops mode in which the Java heap is
#     placed in the first 4GB address space. The Java Heap base address is the
#     maximum limit for the native heap growth. Please use -XX:HeapBaseMinAddress
#     to set the Java Heap base and to place the Java Heap above 4GB virtual address.
# This output file may be truncated or incomplete.
#
#  Out of Memory Error (os_windows.cpp:3535), pid=8368, tid=10584
#
# JRE version:  (17.0.4.1+1) (build )
# Java VM: Java HotSpot(TM) 64-Bit Server VM (17.0.4.1+1-LTS-2, mixed mode, sharing, tiered, compressed oops, compressed class ptrs, g1 gc, windows-amd64)
# No core dump will be written. Minidumps are not enabled by default on client versions of Windows
#

---------------  S U M M A R Y ------------

Command Line: -ea -Dfile.encoding=UTF-8 -XX:+ShowCodeDetailsInExceptionMessages org.testng.remote.RemoteTestNG -serport 63376 -protocol json -d C:\Users\rohan.patil\eclipse-workspace\Zeus\test-output C:\Users\ROHAN~1.PAT\AppData\Local\Temp\testng-eclipse-1783607995\testng-customsuite.xml

Host: 11th Gen Intel(R) Core(TM) i3-1115G4 @ 3.00GHz, 4 cores, 7G,  Windows 10 , 64 bit Build 19041 (10.0.19041.3155)
Time: Tue Aug  1 16:07:45 2023 India Standard Time elapsed time: 0.012373 seconds (0d 0h 0m 0s)

---------------  T H R E A D  ---------------

Current thread (0x000002375a77e5d0):  JavaThread "Unknown thread" [_thread_in_vm, id=10584, stack(0x000000e0fc000000,0x000000e0fc100000)]

Stack: [0x000000e0fc000000,0x000000e0fc100000]
Native frames: (J=compiled Java code, j=interpreted, Vv=VM code, C=native code)
V  [jvm.dll+0x6723ba]
V  [jvm.dll+0x7d1e34]
V  [jvm.dll+0x7d35de]
V  [jvm.dll+0x7d3c43]
V  [jvm.dll+0x243065]
V  [jvm.dll+0x66f2d9]
V  [jvm.dll+0x663c22]
V  [jvm.dll+0x3011cb]
V  [jvm.dll+0x308766]
V  [jvm.dll+0x35846e]
V  [jvm.dll+0x35869f]
V  [jvm.dll+0x2d83e8]
V  [jvm.dll+0x2d9354]
V  [jvm.dll+0x7a3911]
V  [jvm.dll+0x3662c1]
V  [jvm.dll+0x782d7c]
V  [jvm.dll+0x3e8c1f]
V  [jvm.dll+0x3ea6c1]
C  [jli.dll+0x527b]
C  [ucrtbase.dll+0x21bb2]
C  [KERNEL32.DLL+0x17614]
C  [ntdll.dll+0x526b1]


---------------  P R O C E S S  ---------------

Threads class SMR info:
_java_thread_list=0x00007ffd2f67a858, length=0, elements={
}

Java Threads: ( => current thread )

Other Threads:
  0x000002375a7d7dc0 GCTaskThread "GC Thread#0" [stack: 0x000000e0fc100000,0x000000e0fc200000] [id=9092]
  0x000002375a7e83c0 ConcurrentGCThread "G1 Main Marker" [stack: 0x000000e0fc200000,0x000000e0fc300000] [id=18372]
  0x000002375a7e9570 ConcurrentGCThread "G1 Conc#0" [stack: 0x000000e0fc300000,0x000000e0fc400000] [id=19792]

[error occurred during error reporting (printing all threads), id 0xc0000005, EXCEPTION_ACCESS_VIOLATION (0xc0000005) at pc=0x00007ffd2eec8dd7]

VM state: not at safepoint (not fully initialized)

VM Mutex/Monitor currently owned by a thread:  ([mutex/lock_event])
[0x000002375a77ad90] Heap_lock - owner thread: 0x000002375a77e5d0

Heap address: 0x0000000084a00000, size: 1974 MB, Compressed Oops mode: 32-bit

CDS archive(s) mapped at: [0x0000000000000000-0x0000000000000000-0x0000000000000000), size 0, SharedBaseAddress: 0x0000000800000000, ArchiveRelocationMode: 0.
Narrow klass base: 0x0000000000000000, Narrow klass shift: 0, Narrow klass range: 0x0

GC Precious Log:
<Empty>

Heap:
 garbage-first heap   total 0K, used 0K [0x0000000084a00000, 0x0000000100000000)
  region size 1024K, 0 young (0K), 0 survivors (0K)

[error occurred during error reporting (printing heap information), id 0xc0000005, EXCEPTION_ACCESS_VIOLATION (0xc0000005) at pc=0x00007ffd2f2ab869]

GC Heap History (0 events):
No events

Deoptimization events (0 events):
No events

Classes unloaded (0 events):
No events

Classes redefined (0 events):
No events

Internal exceptions (0 events):
No events

VM Operations (0 events):
No events

Events (1 events):
Event: 0.006 Loaded shared library C:\Program Files\Java\jdk-17.0.4.1\bin\java.dll


Dynamic libraries:
0x00007ff6c96b0000 - 0x00007ff6c96c0000 	C:\Program Files\Java\jdk-17.0.4.1\bin\javaw.exe
0x00007ffda6190000 - 0x00007ffda6388000 	C:\Windows\SYSTEM32\ntdll.dll
0x00007ffda6060000 - 0x00007ffda611f000 	C:\Windows\System32\KERNEL32.DLL
0x00007ffda39a0000 - 0x00007ffda3c96000 	C:\Windows\System32\KERNELBASE.dll
0x00007ffda38a0000 - 0x00007ffda39a0000 	C:\Windows\System32\ucrtbase.dll
0x00007ffd9d970000 - 0x00007ffd9d98a000 	C:\Program Files\Java\jdk-17.0.4.1\bin\VCRUNTIME140.dll
0x00007ffda0ac0000 - 0x00007ffda0ad8000 	C:\Program Files\Java\jdk-17.0.4.1\bin\jli.dll
0x00007ffda4f50000 - 0x00007ffda4fff000 	C:\Windows\System32\ADVAPI32.dll
0x00007ffda5060000 - 0x00007ffda50fe000 	C:\Windows\System32\msvcrt.dll
0x00007ffda4290000 - 0x00007ffda432c000 	C:\Windows\System32\sechost.dll
0x00007ffda4330000 - 0x00007ffda4456000 	C:\Windows\System32\RPCRT4.dll
0x00007ffda5b20000 - 0x00007ffda5cbd000 	C:\Windows\System32\USER32.dll
0x00007ffda3870000 - 0x00007ffda3892000 	C:\Windows\System32\win32u.dll
0x00007ffda4de0000 - 0x00007ffda4e0c000 	C:\Windows\System32\GDI32.dll
0x00007ffda40d0000 - 0x00007ffda41e5000 	C:\Windows\System32\gdi32full.dll
0x00007ffd8be90000 - 0x00007ffd8c12a000 	C:\Windows\WinSxS\amd64_microsoft.windows.common-controls_6595b64144ccf1df_6.0.19041.1110_none_60b5254171f9507e\COMCTL32.dll
0x00007ffda3cf0000 - 0x00007ffda3d8d000 	C:\Windows\System32\msvcp_win.dll
0x00007ffd95880000 - 0x00007ffd9588a000 	C:\Windows\SYSTEM32\VERSION.dll
0x00007ffda6120000 - 0x00007ffda6150000 	C:\Windows\System32\IMM32.DLL
0x00007ffda1e00000 - 0x00007ffda1e0c000 	C:\Program Files\Java\jdk-17.0.4.1\bin\vcruntime140_1.dll
0x00007ffd9d8e0000 - 0x00007ffd9d96d000 	C:\Program Files\Java\jdk-17.0.4.1\bin\msvcp140.dll
0x00007ffd2ebe0000 - 0x00007ffd2f7a2000 	C:\Program Files\Java\jdk-17.0.4.1\bin\server\jvm.dll
0x00007ffda4280000 - 0x00007ffda4288000 	C:\Windows\System32\PSAPI.DLL
0x00007ffd9ab80000 - 0x00007ffd9aba7000 	C:\Windows\SYSTEM32\WINMM.dll
0x00007ffd84f90000 - 0x00007ffd84f99000 	C:\Windows\SYSTEM32\WSOCK32.dll
0x00007ffda5100000 - 0x00007ffda516b000 	C:\Windows\System32\WS2_32.dll
0x00007ffda1fc0000 - 0x00007ffda1fd2000 	C:\Windows\SYSTEM32\kernel.appcore.dll
0x00007ffda0ab0000 - 0x00007ffda0aba000 	C:\Program Files\Java\jdk-17.0.4.1\bin\jimage.dll
0x00007ffda1c00000 - 0x00007ffda1de4000 	C:\Windows\SYSTEM32\DBGHELP.DLL
0x00007ffd9a7f0000 - 0x00007ffd9a824000 	C:\Windows\SYSTEM32\dbgcore.DLL
0x00007ffda3e30000 - 0x00007ffda3eb2000 	C:\Windows\System32\bcryptPrimitives.dll
0x00007ffd9d8b0000 - 0x00007ffd9d8d5000 	C:\Program Files\Java\jdk-17.0.4.1\bin\java.dll

dbghelp: loaded successfully - version: 4.0.5 - missing functions: none
symbol engine: initialized successfully - sym options: 0x614 - pdb path: .;C:\Program Files\Java\jdk-17.0.4.1\bin;C:\Windows\SYSTEM32;C:\Windows\WinSxS\amd64_microsoft.windows.common-controls_6595b64144ccf1df_6.0.19041.1110_none_60b5254171f9507e;C:\Program Files\Java\jdk-17.0.4.1\bin\server

VM Arguments:
jvm_args: -ea -Dfile.encoding=UTF-8 -XX:+ShowCodeDetailsInExceptionMessages 
java_command: org.testng.remote.RemoteTestNG -serport 63376 -protocol json -d C:\Users\rohan.patil\eclipse-workspace\Zeus\test-output C:\Users\ROHAN~1.PAT\AppData\Local\Temp\testng-eclipse-1783607995\testng-customsuite.xml
java_class_path (initial): C:\Users\rohan.patil\eclipse\java-2022-09\eclipse\configuration\org.eclipse.osgi\839\0\.cp\lib\testng-remote.jar;C:\Users\rohan.patil\eclipse-workspace\Zeus\target\test-classes;C:\Users\rohan.patil\eclipse-workspace\Zeus\target\classes;C:\Users\rohan.patil\.p2\pool\plugins\org.testng_7.8.0.r202306071539.jar;C:\Users\rohan.patil\.p2\pool\plugins\com.beust.jcommander_1.82.0.jar;C:\Users\rohan.patil\.p2\pool\plugins\org.apache-extras.beanshell.bsh_2.0.0.b6.jar;C:\Users\rohan.patil\.p2\pool\plugins\org.yaml.snakeyaml_1.27.0.v20221112-0806.jar;C:\Users\rohan.patil\.p2\pool\plugins\org.webjars.jquery_3.6.1.jar;C:\Users\rohan.patil\.m2\repository\org\apache\poi\poi-ooxml\5.2.2\poi-ooxml-5.2.2.jar;C:\Users\rohan.patil\.m2\repository\org\apache\poi\poi\5.2.2\poi-5.2.2.jar;C:\Users\rohan.patil\.m2\repository\commons-codec\commons-codec\1.15\commons-codec-1.15.jar;C:\Users\rohan.patil\.m2\repository\org\apache\commons\commons-math3\3.6.1\commons-math3-3.6.1.jar;C:\Users\rohan.patil\.m2\repository\com\zaxxer\SparseBitSet\1.2\SparseBitSet-1.2.jar;C:\Users\rohan.patil\.m2\repository\org\apache\poi\poi-ooxml-lite\5.2.2\poi-ooxml-lite-5.2.2.jar;C:\Users\rohan.patil\.m2\repository\org\apache\xmlbeans\xmlbeans\5.0.3\xmlbeans-5.0.3.jar;C:\Users\rohan.patil\.m2\repository\org\apache\commons\commons-compress\1.21\commons-compress-1.21.jar;C:\Users\rohan.patil\.m2\repository\commons-io\commons-io\2.11.0\commons-io-2.11.0.jar;C:\Users\rohan.patil\.m2\repository\com\github\virtuald\curvesapi\1.07\curvesapi-1.07.jar;C:\Users\rohan.patil\.m2\repository\org\apache\logging\log4j\log4j-api\2.17.2\log4j-api-2.17.2.jar;C:\Users\rohan.patil\.m2\repository\org\apache\commons\commons-collections4\4.4\commons-collections4-4.4.jar;C:\Users\rohan.patil\.m2\repository\org\seleniumhq\selenium\selenium-java\4.10.0\selenium-java-4.10.0.jar;C:\Users\rohan.patil\.m2\repository\org\seleniumhq\selenium\selenium-api\4.10.0\selenium-api-4.10.0.jar;C:\Users\rohan.patil\.m2\repository\
Launcher Type: SUN_STANDARD

[Global flags]
     intx CICompilerCount                          = 3                                         {product} {ergonomic}
     uint ConcGCThreads                            = 1                                         {product} {ergonomic}
     uint G1ConcRefinementThreads                  = 4                                         {product} {ergonomic}
   size_t G1HeapRegionSize                         = 1048576                                   {product} {ergonomic}
    uintx GCDrainStackTargetSize                   = 64                                        {product} {ergonomic}
   size_t InitialHeapSize                          = 130023424                                 {product} {ergonomic}
   size_t MarkStackSize                            = 4194304                                   {product} {ergonomic}
   size_t MaxHeapSize                              = 2069889024                                {product} {ergonomic}
   size_t MinHeapDeltaBytes                        = 1048576                                   {product} {ergonomic}
   size_t MinHeapSize                              = 8388608                                   {product} {ergonomic}
    uintx NonNMethodCodeHeapSize                   = 5832780                                {pd product} {ergonomic}
    uintx NonProfiledCodeHeapSize                  = 122912730                              {pd product} {ergonomic}
    uintx ProfiledCodeHeapSize                     = 122912730                              {pd product} {ergonomic}
    uintx ReservedCodeCacheSize                    = 251658240                              {pd product} {ergonomic}
     bool SegmentedCodeCache                       = true                                      {product} {ergonomic}
     bool ShowCodeDetailsInExceptionMessages       = true                                   {manageable} {command line}
   size_t SoftMaxHeapSize                          = 2069889024                             {manageable} {ergonomic}
     bool UseCompressedClassPointers               = true                           {product lp64_product} {ergonomic}
     bool UseCompressedOops                        = true                           {product lp64_product} {ergonomic}
     bool UseG1GC                                  = true                                      {product} {ergonomic}
     bool UseLargePagesIndividualAllocation        = false                                  {pd product} {ergonomic}

Logging:
Log output configuration:
 #0: stdout all=warning uptime,level,tags
 #1: stderr all=off uptime,level,tags

Environment Variables:
JAVA_HOME=C:\Program Files\Java\jdk-17.0.4.1
PATH=C:\Program Files\Common Files\Oracle\Java\javapath;C:\Windows\system32;C:\Windows;C:\Windows\System32\Wbem;C:\Windows\System32\WindowsPowerShell\v1.0\;C:\Windows\System32\OpenSSH\;C:\Program Files\nodejs\;C:\Program Files\Microsoft SQL Server\150\Tools\Binn\;C:\Program Files\dotnet\;C:\Users\rohan.patil\AppData\Local\Microsoft\WindowsApps;C:\Users\rohan.patil\AppData\Local\Programs\Git\cmd;C:\Users\rohan.patil\AppData\Local\Programs\Microsoft VS Code\bin;C:\Users\rohan.patil\AppData\Roaming\npm
USERNAME=rohan.patil
OS=Windows_NT
PROCESSOR_IDENTIFIER=Intel64 Family 6 Model 140 Stepping 1, GenuineIntel



---------------  S Y S T E M  ---------------

OS:
 Windows 10 , 64 bit Build 19041 (10.0.19041.3155)
OS uptime: 1 days 6:16 hours

CPU: total 4 (initial active 4) (2 cores per cpu, 2 threads per core) family 6 model 140 stepping 1 microcode 0x86, cx8, cmov, fxsr, ht, mmx, 3dnowpref, sse, sse2, sse3, ssse3, sse4.1, sse4.2, popcnt, lzcnt, tsc, tscinvbit, avx, avx2, aes, erms, clmul, bmi1, bmi2, adx, avx512f, avx512dq, avx512cd, avx512bw, avx512vl, sha, fma, vzeroupper, avx512_vpopcntdq, avx512_vpclmulqdq, avx512_vaes, avx512_vnni, clflush, clflushopt, clwb, avx512_vbmi2, avx512_vbmi

Memory: 4k page, system-wide physical 7894M (1011M free)
TotalPageFile size 20679M (AvailPageFile size 96M)
current process WorkingSet (physical memory assigned to process): 10M, peak: 10M
current process commit charge ("private bytes"): 51M, peak: 175M

vm_info: Java HotSpot(TM) 64-Bit Server VM (17.0.4.1+1-LTS-2) for windows-amd64 JRE (17.0.4.1+1-LTS-2), built on Aug 16 2022 18:32:06 by "mach5one" with MS VC++ 16.8 / 16.9 (VS2019)

END.
