#
# There is insufficient memory for the Java Runtime Environment to continue.
# Native memory allocation (malloc) failed to allocate 83376 bytes for Chunk::new
# Possible reasons:
#   The system is out of physical RAM or swap space
#   The process is running with CompressedOops enabled, and the Java Heap may be blocking the growth of the native heap
# Possible solutions:
#   Reduce memory load on the system
#   Increase physical memory or swap space
#   Check if swap backing store is full
#   Decrease Java heap size (-Xmx/-Xms)
#   Decrease number of Java threads
#   Decrease Java thread stack sizes (-Xss)
#   Set larger code cache with -XX:ReservedCodeCacheSize=
#   JVM is running with Unscaled Compressed Oops mode in which the Java heap is
#     placed in the first 4GB address space. The Java Heap base address is the
#     maximum limit for the native heap growth. Please use -XX:HeapBaseMinAddress
#     to set the Java Heap base and to place the Java Heap above 4GB virtual address.
# This output file may be truncated or incomplete.
#
#  Out of Memory Error (arena.cpp:189), pid=38436, tid=37960
#
# JRE version: Java(TM) SE Runtime Environment (17.0.4.1+1) (build 17.0.4.1+1-LTS-2)
# Java VM: Java HotSpot(TM) 64-Bit Server VM (17.0.4.1+1-LTS-2, mixed mode, sharing, tiered, compressed oops, compressed class ptrs, g1 gc, windows-amd64)
# No core dump will be written. Minidumps are not enabled by default on client versions of Windows
#

---------------  S U M M A R Y ------------

Command Line: -ea -Dfile.encoding=UTF-8 -XX:+ShowCodeDetailsInExceptionMessages org.testng.remote.RemoteTestNG -serport 53915 -protocol json -d C:\Users\rohan.patil\eclipse-workspace\Zeus\test-output C:\Users\ROHAN~1.PAT\AppData\Local\Temp\testng-eclipse--670109619\testng-customsuite.xml

Host: 11th Gen Intel(R) Core(TM) i3-1115G4 @ 3.00GHz, 4 cores, 7G,  Windows 10 , 64 bit Build 19041 (10.0.19041.2913)
Time: Thu Jul 20 17:38:25 2023 India Standard Time elapsed time: 7.688690 seconds (0d 0h 0m 7s)

---------------  T H R E A D  ---------------

Current thread (0x0000022f50d54b00):  JavaThread "C2 CompilerThread0" daemon [_thread_in_native, id=37960, stack(0x000000d739d00000,0x000000d739e00000)]


Current CompileTask:
C2:   7688 2435   !   4       java.lang.reflect.Field::declaredAnnotations (82 bytes)

Stack: [0x000000d739d00000,0x000000d739e00000]
Native frames: (J=compiled Java code, j=interpreted, Vv=VM code, C=native code)
V  [jvm.dll+0x6723ba]
V  [jvm.dll+0x7d1e34]
V  [jvm.dll+0x7d35de]
V  [jvm.dll+0x7d3c43]
V  [jvm.dll+0x243065]
V  [jvm.dll+0xaa57b]
V  [jvm.dll+0xaab0c]
V  [jvm.dll+0x360412]
V  [jvm.dll+0x1b9b75]
V  [jvm.dll+0x2162f9]
V  [jvm.dll+0x2155c1]
V  [jvm.dll+0x1a1fcd]
V  [jvm.dll+0x224e08]
V  [jvm.dll+0x222f75]
V  [jvm.dll+0x787a0b]
V  [jvm.dll+0x781fca]
V  [jvm.dll+0x671245]
C  [ucrtbase.dll+0x21bb2]
C  [KERNEL32.DLL+0x17614]
C  [ntdll.dll+0x526a1]


---------------  P R O C E S S  ---------------

Threads class SMR info:
_java_thread_list=0x0000022f53546e70, length=24, elements={
0x0000022f336ce1a0, 0x0000022f50d3cd10, 0x0000022f50d400f0, 0x0000022f50d50050,
0x0000022f50d50a00, 0x0000022f50d533c0, 0x0000022f50d53d70, 0x0000022f50d54b00,
0x0000022f50db7c00, 0x0000022f50dcfdb0, 0x0000022f518afd40, 0x0000022f518c5ed0,
0x0000022f520901d0, 0x0000022f529ef2d0, 0x0000022f52e03a00, 0x0000022f537004b0,
0x0000022f52cae020, 0x0000022f52e143b0, 0x0000022f540008a0, 0x0000022f52cda560,
0x0000022f52cda090, 0x0000022f52cdc240, 0x0000022f52cdd0b0, 0x0000022f52cdd580
}

Java Threads: ( => current thread )
  0x0000022f336ce1a0 JavaThread "main" [_thread_in_native, id=42696, stack(0x000000d739000000,0x000000d739100000)]
  0x0000022f50d3cd10 JavaThread "Reference Handler" daemon [_thread_blocked, id=17184, stack(0x000000d739700000,0x000000d739800000)]
  0x0000022f50d400f0 JavaThread "Finalizer" daemon [_thread_blocked, id=24128, stack(0x000000d739800000,0x000000d739900000)]
  0x0000022f50d50050 JavaThread "Signal Dispatcher" daemon [_thread_blocked, id=30048, stack(0x000000d739900000,0x000000d739a00000)]
  0x0000022f50d50a00 JavaThread "Attach Listener" daemon [_thread_blocked, id=40812, stack(0x000000d739a00000,0x000000d739b00000)]
  0x0000022f50d533c0 JavaThread "Service Thread" daemon [_thread_blocked, id=39060, stack(0x000000d739b00000,0x000000d739c00000)]
  0x0000022f50d53d70 JavaThread "Monitor Deflation Thread" daemon [_thread_blocked, id=39912, stack(0x000000d739c00000,0x000000d739d00000)]
=>0x0000022f50d54b00 JavaThread "C2 CompilerThread0" daemon [_thread_in_native, id=37960, stack(0x000000d739d00000,0x000000d739e00000)]
  0x0000022f50db7c00 JavaThread "C1 CompilerThread0" daemon [_thread_blocked, id=38548, stack(0x000000d739e00000,0x000000d739f00000)]
  0x0000022f50dcfdb0 JavaThread "Sweeper thread" daemon [_thread_blocked, id=42308, stack(0x000000d739f00000,0x000000d73a000000)]
  0x0000022f518afd40 JavaThread "Notification Thread" daemon [_thread_blocked, id=16116, stack(0x000000d73a000000,0x000000d73a100000)]
  0x0000022f518c5ed0 JavaThread "Common-Cleaner" daemon [_thread_blocked, id=42480, stack(0x000000d73a200000,0x000000d73a300000)]
  0x0000022f520901d0 JavaThread "ReaderThread" [_thread_in_native, id=21448, stack(0x000000d73a400000,0x000000d73a500000)]
  0x0000022f529ef2d0 JavaThread "ForkJoinPool.commonPool-worker-1" daemon [_thread_blocked, id=39076, stack(0x000000d73a900000,0x000000d73aa00000)]
  0x0000022f52e03a00 JavaThread "AsyncHttpClient-1-1" daemon [_thread_blocked, id=10420, stack(0x000000d73aa00000,0x000000d73ab00000)]
  0x0000022f537004b0 JavaThread "Exec Default Executor" daemon [_thread_in_native, id=23840, stack(0x000000d73ac00000,0x000000d73ad00000)]
  0x0000022f52cae020 JavaThread "Exec Stream Pumper" daemon [_thread_in_native, id=25552, stack(0x000000d73ad00000,0x000000d73ae00000)]
  0x0000022f52e143b0 JavaThread "Exec Stream Pumper" daemon [_thread_in_native, id=33488, stack(0x000000d73ae00000,0x000000d73af00000)]
  0x0000022f540008a0 JavaThread "Driver Service Executor" daemon [_thread_blocked, id=31088, stack(0x000000d73af00000,0x000000d73b000000)]
  0x0000022f52cda560 JavaThread "Driver Service Executor" daemon [_thread_blocked, id=34308, stack(0x000000d73b000000,0x000000d73b100000)]
  0x0000022f52cda090 JavaThread "UrlChecker-2" daemon [_thread_blocked, id=9352, stack(0x000000d73b100000,0x000000d73b200000)]
  0x0000022f52cdc240 JavaThread "AsyncHttpClient-1-2" daemon [_thread_in_native, id=38184, stack(0x000000d73b300000,0x000000d73b400000)]
  0x0000022f52cdd0b0 JavaThread "AsyncHttpClient-1-3" daemon [_thread_in_native, id=18472, stack(0x000000d73ab00000,0x000000d73ac00000)]
  0x0000022f52cdd580 JavaThread "AsyncHttpClient-1-4" daemon [_thread_in_native, id=27388, stack(0x000000d73b400000,0x000000d73b500000)]

Other Threads:
  0x0000022f50d36e10 VMThread "VM Thread" [stack: 0x000000d739600000,0x000000d739700000] [id=23124]
  0x0000022f518b4220 WatcherThread [stack: 0x000000d73a100000,0x000000d73a200000] [id=40840]
  0x0000022f33727440 GCTaskThread "GC Thread#0" [stack: 0x000000d739100000,0x000000d739200000] [id=41052]
  0x0000022f5228ed70 GCTaskThread "GC Thread#1" [stack: 0x000000d73a500000,0x000000d73a600000] [id=35028]
  0x0000022f52284610 GCTaskThread "GC Thread#2" [stack: 0x000000d73a600000,0x000000d73a700000] [id=38444]
  0x0000022f51faa890 GCTaskThread "GC Thread#3" [stack: 0x000000d73a700000,0x000000d73a800000] [id=40576]
  0x0000022f33737a40 ConcurrentGCThread "G1 Main Marker" [stack: 0x000000d739200000,0x000000d739300000] [id=34020]
  0x0000022f33738bf0 ConcurrentGCThread "G1 Conc#0" [stack: 0x000000d739300000,0x000000d739400000] [id=16680]
  0x0000022f50be0080 ConcurrentGCThread "G1 Refine#0" [stack: 0x000000d739400000,0x000000d739500000] [id=26036]
  0x0000022f518c4500 ConcurrentGCThread "G1 Refine#1" [stack: 0x000000d73a800000,0x000000d73a900000] [id=41696]
  0x0000022f50be1190 ConcurrentGCThread "G1 Service" [stack: 0x000000d739500000,0x000000d739600000] [id=38528]

Threads with active compile tasks:
C2 CompilerThread0     7711 2435   !   4       java.lang.reflect.Field::declaredAnnotations (82 bytes)

VM state: not at safepoint (normal execution)

VM Mutex/Monitor currently owned by a thread: None

Heap address: 0x0000000084a00000, size: 1974 MB, Compressed Oops mode: 32-bit

CDS archive(s) mapped at: [0x0000000800000000-0x0000000800bc0000-0x0000000800bc0000), size 12320768, SharedBaseAddress: 0x0000000800000000, ArchiveRelocationMode: 0.
Compressed class space mapped at: 0x0000000800c00000-0x0000000840c00000, reserved size: 1073741824
Narrow klass base: 0x0000000800000000, Narrow klass shift: 0, Narrow klass range: 0x100000000

GC Precious Log:
 CPUs: 4 total, 4 available
 Memory: 7894M
 Large Page Support: Disabled
 NUMA Support: Disabled
 Compressed Oops: Enabled (32-bit)
 Heap Region Size: 1M
 Heap Min Capacity: 8M
 Heap Initial Capacity: 124M
 Heap Max Capacity: 1974M
 Pre-touch: Disabled
 Parallel Workers: 4
 Concurrent Workers: 1
 Concurrent Refinement Workers: 4
 Periodic GC: Disabled

Heap:
 garbage-first heap   total 61440K, used 29586K [0x0000000084a00000, 0x0000000100000000)
  region size 1024K, 18 young (18432K), 4 survivors (4096K)
 Metaspace       used 23373K, committed 23744K, reserved 1073152K
  class space    used 2893K, committed 3072K, reserved 1048576K

Heap Regions: E=young(eden), S=young(survivor), O=old, HS=humongous(starts), HC=humongous(continues), CS=collection set, F=free, OA=open archive, CA=closed archive, TAMS=top-at-mark-start (previous, next)
|   0|0x0000000084a00000, 0x0000000084b00000, 0x0000000084b00000|100%| O|  |TAMS 0x0000000084b00000, 0x0000000084a00000| Untracked 
|   1|0x0000000084b00000, 0x0000000084c00000, 0x0000000084c00000|100%| O|  |TAMS 0x0000000084c00000, 0x0000000084b00000| Untracked 
|   2|0x0000000084c00000, 0x0000000084d00000, 0x0000000084d00000|100%| O|  |TAMS 0x0000000084d00000, 0x0000000084c00000| Untracked 
|   3|0x0000000084d00000, 0x0000000084e00000, 0x0000000084e00000|100%| O|  |TAMS 0x0000000084e00000, 0x0000000084d00000| Untracked 
|   4|0x0000000084e00000, 0x0000000084f00000, 0x0000000084f00000|100%| O|  |TAMS 0x0000000084f00000, 0x0000000084e00000| Untracked 
|   5|0x0000000084f00000, 0x0000000085000000, 0x0000000085000000|100%| O|  |TAMS 0x0000000085000000, 0x0000000084f00000| Untracked 
|   6|0x0000000085000000, 0x0000000085100000, 0x0000000085100000|100%| O|  |TAMS 0x00000000850a0400, 0x0000000085000000| Untracked 
|   7|0x0000000085100000, 0x0000000085200000, 0x0000000085200000|100%|HS|  |TAMS 0x0000000085200000, 0x0000000085100000| Complete 
|   8|0x0000000085200000, 0x0000000085300000, 0x0000000085300000|100%|HC|  |TAMS 0x0000000085300000, 0x0000000085200000| Complete 
|   9|0x0000000085300000, 0x0000000085400000, 0x0000000085400000|100%|HC|  |TAMS 0x0000000085400000, 0x0000000085300000| Complete 
|  10|0x0000000085400000, 0x0000000085500000, 0x0000000085500000|100%|HC|  |TAMS 0x0000000085500000, 0x0000000085400000| Complete 
|  11|0x0000000085500000, 0x0000000085600000, 0x0000000085600000|100%|HC|  |TAMS 0x0000000085600000, 0x0000000085500000| Complete 
|  12|0x0000000085600000, 0x0000000085645400, 0x0000000085700000| 27%| O|  |TAMS 0x0000000085600000, 0x0000000085600000| Untracked 
|  13|0x0000000085700000, 0x0000000085700000, 0x0000000085800000|  0%| F|  |TAMS 0x0000000085700000, 0x0000000085700000| Untracked 
|  14|0x0000000085800000, 0x0000000085800000, 0x0000000085900000|  0%| F|  |TAMS 0x0000000085800000, 0x0000000085800000| Untracked 
|  15|0x0000000085900000, 0x0000000085900000, 0x0000000085a00000|  0%| F|  |TAMS 0x0000000085900000, 0x0000000085900000| Untracked 
|  16|0x0000000085a00000, 0x0000000085a00000, 0x0000000085b00000|  0%| F|  |TAMS 0x0000000085a00000, 0x0000000085a00000| Untracked 
|  17|0x0000000085b00000, 0x0000000085b00000, 0x0000000085c00000|  0%| F|  |TAMS 0x0000000085b00000, 0x0000000085b00000| Untracked 
|  18|0x0000000085c00000, 0x0000000085c00000, 0x0000000085d00000|  0%| F|  |TAMS 0x0000000085c00000, 0x0000000085c00000| Untracked 
|  19|0x0000000085d00000, 0x0000000085d00000, 0x0000000085e00000|  0%| F|  |TAMS 0x0000000085d00000, 0x0000000085d00000| Untracked 
|  20|0x0000000085e00000, 0x0000000085e00000, 0x0000000085f00000|  0%| F|  |TAMS 0x0000000085e00000, 0x0000000085e00000| Untracked 
|  21|0x0000000085f00000, 0x0000000085f00000, 0x0000000086000000|  0%| F|  |TAMS 0x0000000085f00000, 0x0000000085f00000| Untracked 
|  22|0x0000000086000000, 0x0000000086000000, 0x0000000086100000|  0%| F|  |TAMS 0x0000000086000000, 0x0000000086000000| Untracked 
|  23|0x0000000086100000, 0x0000000086100000, 0x0000000086200000|  0%| F|  |TAMS 0x0000000086100000, 0x0000000086100000| Untracked 
|  24|0x0000000086200000, 0x0000000086200000, 0x0000000086300000|  0%| F|  |TAMS 0x0000000086200000, 0x0000000086200000| Untracked 
|  25|0x0000000086300000, 0x0000000086300000, 0x0000000086400000|  0%| F|  |TAMS 0x0000000086300000, 0x0000000086300000| Untracked 
|  26|0x0000000086400000, 0x0000000086400000, 0x0000000086500000|  0%| F|  |TAMS 0x0000000086400000, 0x0000000086400000| Untracked 
|  27|0x0000000086500000, 0x0000000086500000, 0x0000000086600000|  0%| F|  |TAMS 0x0000000086500000, 0x0000000086500000| Untracked 
|  28|0x0000000086600000, 0x0000000086600000, 0x0000000086700000|  0%| F|  |TAMS 0x0000000086600000, 0x0000000086600000| Untracked 
|  29|0x0000000086700000, 0x0000000086700000, 0x0000000086800000|  0%| F|  |TAMS 0x0000000086700000, 0x0000000086700000| Untracked 
|  30|0x0000000086800000, 0x0000000086800000, 0x0000000086900000|  0%| F|  |TAMS 0x0000000086800000, 0x0000000086800000| Untracked 
|  31|0x0000000086900000, 0x0000000086900000, 0x0000000086a00000|  0%| F|  |TAMS 0x0000000086900000, 0x0000000086900000| Untracked 
|  32|0x0000000086a00000, 0x0000000086a00000, 0x0000000086b00000|  0%| F|  |TAMS 0x0000000086a00000, 0x0000000086a00000| Untracked 
|  33|0x0000000086b00000, 0x0000000086b00000, 0x0000000086c00000|  0%| F|  |TAMS 0x0000000086b00000, 0x0000000086b00000| Untracked 
|  34|0x0000000086c00000, 0x0000000086c00000, 0x0000000086d00000|  0%| F|  |TAMS 0x0000000086c00000, 0x0000000086c00000| Untracked 
|  35|0x0000000086d00000, 0x0000000086d00000, 0x0000000086e00000|  0%| F|  |TAMS 0x0000000086d00000, 0x0000000086d00000| Untracked 
|  36|0x0000000086e00000, 0x0000000086e00000, 0x0000000086f00000|  0%| F|  |TAMS 0x0000000086e00000, 0x0000000086e00000| Untracked 
|  37|0x0000000086f00000, 0x0000000086f00000, 0x0000000087000000|  0%| F|  |TAMS 0x0000000086f00000, 0x0000000086f00000| Untracked 
|  38|0x0000000087000000, 0x0000000087000000, 0x0000000087100000|  0%| F|  |TAMS 0x0000000087000000, 0x0000000087000000| Untracked 
|  39|0x0000000087100000, 0x0000000087100000, 0x0000000087200000|  0%| F|  |TAMS 0x0000000087100000, 0x0000000087100000| Untracked 
|  40|0x0000000087200000, 0x0000000087200000, 0x0000000087300000|  0%| F|  |TAMS 0x0000000087200000, 0x0000000087200000| Untracked 
|  41|0x0000000087300000, 0x0000000087300000, 0x0000000087400000|  0%| F|  |TAMS 0x0000000087300000, 0x0000000087300000| Untracked 
|  42|0x0000000087400000, 0x0000000087481c10, 0x0000000087500000| 50%| E|  |TAMS 0x0000000087400000, 0x0000000087400000| Complete 
|  43|0x0000000087500000, 0x0000000087600000, 0x0000000087600000|100%| E|CS|TAMS 0x0000000087500000, 0x0000000087500000| Complete 
|  44|0x0000000087600000, 0x0000000087700000, 0x0000000087700000|100%| E|CS|TAMS 0x0000000087600000, 0x0000000087600000| Complete 
|  45|0x0000000087700000, 0x0000000087800000, 0x0000000087800000|100%| E|CS|TAMS 0x0000000087700000, 0x0000000087700000| Complete 
|  46|0x0000000087800000, 0x0000000087900000, 0x0000000087900000|100%| E|CS|TAMS 0x0000000087800000, 0x0000000087800000| Complete 
|  47|0x0000000087900000, 0x0000000087a00000, 0x0000000087a00000|100%| E|CS|TAMS 0x0000000087900000, 0x0000000087900000| Complete 
|  48|0x0000000087a00000, 0x0000000087b00000, 0x0000000087b00000|100%| E|CS|TAMS 0x0000000087a00000, 0x0000000087a00000| Complete 
|  49|0x0000000087b00000, 0x0000000087c00000, 0x0000000087c00000|100%| E|CS|TAMS 0x0000000087b00000, 0x0000000087b00000| Complete 
|  50|0x0000000087c00000, 0x0000000087d00000, 0x0000000087d00000|100%| E|CS|TAMS 0x0000000087c00000, 0x0000000087c00000| Complete 
|  51|0x0000000087d00000, 0x0000000087e00000, 0x0000000087e00000|100%| E|CS|TAMS 0x0000000087d00000, 0x0000000087d00000| Complete 
|  52|0x0000000087e00000, 0x0000000087f00000, 0x0000000087f00000|100%| E|CS|TAMS 0x0000000087e00000, 0x0000000087e00000| Complete 
|  53|0x0000000087f00000, 0x0000000088000000, 0x0000000088000000|100%| E|CS|TAMS 0x0000000087f00000, 0x0000000087f00000| Complete 
|  54|0x0000000088000000, 0x0000000088100000, 0x0000000088100000|100%| E|CS|TAMS 0x0000000088000000, 0x0000000088000000| Complete 
| 101|0x000000008af00000, 0x000000008af9f708, 0x000000008b000000| 62%| S|CS|TAMS 0x000000008af00000, 0x000000008af00000| Complete 
| 102|0x000000008b000000, 0x000000008b100000, 0x000000008b100000|100%| S|CS|TAMS 0x000000008b000000, 0x000000008b000000| Complete 
| 103|0x000000008b100000, 0x000000008b200000, 0x000000008b200000|100%| S|CS|TAMS 0x000000008b100000, 0x000000008b100000| Complete 
| 104|0x000000008b200000, 0x000000008b300000, 0x000000008b300000|100%| S|CS|TAMS 0x000000008b200000, 0x000000008b200000| Complete 
| 123|0x000000008c500000, 0x000000008c600000, 0x000000008c600000|100%| E|CS|TAMS 0x000000008c500000, 0x000000008c500000| Complete 

Card table byte_map: [0x0000022f4a320000,0x0000022f4a700000] _byte_map_base: 0x0000022f49efb000

Marking Bits (Prev, Next): (CMBitMap*) 0x0000022f33727a90, (CMBitMap*) 0x0000022f33727a50
 Prev Bits: [0x0000022f4c9c0000, 0x0000022f4e898000)
 Next Bits: [0x0000022f4aae0000, 0x0000022f4c9b8000)

Polling page: 0x0000022f31640000

Metaspace:

Usage:
  Non-class:     20.00 MB used.
      Class:      2.83 MB used.
       Both:     22.83 MB used.

Virtual space:
  Non-class space:       24.00 MB reserved,      20.19 MB ( 84%) committed,  3 nodes.
      Class space:        1.00 GB reserved,       3.00 MB ( <1%) committed,  1 nodes.
             Both:        1.02 GB reserved,      23.19 MB (  2%) committed. 

Chunk freelists:
   Non-Class:  3.17 MB
       Class:  1008.00 KB
        Both:  4.16 MB

MaxMetaspaceSize: unlimited
CompressedClassSpaceSize: 1.00 GB
Initial GC threshold: 21.00 MB
Current GC threshold: 35.25 MB
CDS: on
MetaspaceReclaimPolicy: balanced
 - commit_granule_bytes: 65536.
 - commit_granule_words: 8192.
 - virtual_space_node_default_size: 1048576.
 - enlarge_chunks_in_place: 1.
 - new_chunks_are_fully_committed: 0.
 - uncommit_free_chunks: 1.
 - use_allocation_guard: 0.
 - handle_deallocations: 1.


Internal statistics:

num_allocs_failed_limit: 3.
num_arena_births: 308.
num_arena_deaths: 0.
num_vsnodes_births: 4.
num_vsnodes_deaths: 0.
num_space_committed: 371.
num_space_uncommitted: 0.
num_chunks_returned_to_freelist: 3.
num_chunks_taken_from_freelist: 949.
num_chunk_merges: 3.
num_chunk_splits: 637.
num_chunks_enlarged: 483.
num_purges: 0.
num_inconsistent_stats: 0.

CodeHeap 'non-profiled nmethods': size=120000Kb used=1051Kb max_used=1051Kb free=118948Kb
 bounds [0x0000022f42a10000, 0x0000022f42c80000, 0x0000022f49f40000]
CodeHeap 'profiled nmethods': size=120000Kb used=4955Kb max_used=4955Kb free=115045Kb
 bounds [0x0000022f3b4e0000, 0x0000022f3b9c0000, 0x0000022f42a10000]
CodeHeap 'non-nmethods': size=5760Kb used=1292Kb max_used=1343Kb free=4467Kb
 bounds [0x0000022f3af40000, 0x0000022f3b1b0000, 0x0000022f3b4e0000]
 total_blobs=3027 nmethods=2437 adapters=502
 compilation: enabled
              stopped_count=0, restarted_count=0
 full_count=0

Compilation events (20 events):
Event: 7.656 Thread 0x0000022f50db7c00 nmethod 2425 0x0000022f3b9aef10 code [0x0000022f3b9af140, 0x0000022f3b9af8c8]
Event: 7.656 Thread 0x0000022f50db7c00 2426       3       java.util.Formatter::<init> (18 bytes)
Event: 7.657 Thread 0x0000022f50db7c00 nmethod 2426 0x0000022f3b9afb90 code [0x0000022f3b9afd60, 0x0000022f3b9b0138]
Event: 7.657 Thread 0x0000022f50db7c00 2427       3       org.openqa.selenium.By$ByXPath::<init> (30 bytes)
Event: 7.658 Thread 0x0000022f50db7c00 nmethod 2427 0x0000022f3b9b0290 code [0x0000022f3b9b0540, 0x0000022f3b9b1368]
Event: 7.658 Thread 0x0000022f50db7c00 2430       3       java.lang.StringBuilder::append (6 bytes)
Event: 7.658 Thread 0x0000022f50db7c00 nmethod 2430 0x0000022f3b9b1810 code [0x0000022f3b9b19c0, 0x0000022f3b9b1b68]
Event: 7.658 Thread 0x0000022f50db7c00 2431       3       java.util.Formatter$FormatSpecifier::print (230 bytes)
Event: 7.659 Thread 0x0000022f50db7c00 nmethod 2431 0x0000022f3b9b1c10 code [0x0000022f3b9b1ec0, 0x0000022f3b9b2908]
Event: 7.659 Thread 0x0000022f50db7c00 2428       3       java.util.regex.Pattern$BmpCharPredicate::union (23 bytes)
Event: 7.659 Thread 0x0000022f50d54b00 2432       4       java.util.regex.Pattern$BmpCharProperty::match (55 bytes)
Event: 7.659 Thread 0x0000022f50db7c00 nmethod 2428 0x0000022f3b9b2b90 code [0x0000022f3b9b2da0, 0x0000022f3b9b3658]
Event: 7.659 Thread 0x0000022f50db7c00 2429       3       java.util.regex.Pattern$BmpCharPredicate$$Lambda$22/0x80000002b::<init> (15 bytes)
Event: 7.660 Thread 0x0000022f50db7c00 nmethod 2429 0x0000022f3b9b3890 code [0x0000022f3b9b3a40, 0x0000022f3b9b3c58]
Event: 7.661 Thread 0x0000022f50db7c00 2433       3       java.lang.String::replaceAll (13 bytes)
Event: 7.662 Thread 0x0000022f50db7c00 nmethod 2433 0x0000022f3b9b3d10 code [0x0000022f3b9b3ee0, 0x0000022f3b9b4168]
Event: 7.663 Thread 0x0000022f50d54b00 nmethod 2432 0x0000022f42b16310 code [0x0000022f42b164a0, 0x0000022f42b166a8]
Event: 7.666 Thread 0x0000022f50d54b00 2434       4       java.util.ArrayList$Itr::next (66 bytes)
Event: 7.667 Thread 0x0000022f50d54b00 nmethod 2434 0x0000022f42b16890 code [0x0000022f42b16a20, 0x0000022f42b16b58]
Event: 7.667 Thread 0x0000022f50d54b00 2435   !   4       java.lang.reflect.Field::declaredAnnotations (82 bytes)

GC Heap History (8 events):
Event: 0.651 GC heap before
{Heap before GC invocations=0 (full 0):
 garbage-first heap   total 126976K, used 13312K [0x0000000084a00000, 0x0000000100000000)
  region size 1024K, 13 young (13312K), 0 survivors (0K)
 Metaspace       used 4824K, committed 5056K, reserved 1056768K
  class space    used 508K, committed 640K, reserved 1048576K
}
Event: 0.654 GC heap after
{Heap after GC invocations=1 (full 0):
 garbage-first heap   total 126976K, used 5818K [0x0000000084a00000, 0x0000000100000000)
  region size 1024K, 2 young (2048K), 2 survivors (2048K)
 Metaspace       used 4824K, committed 5056K, reserved 1056768K
  class space    used 508K, committed 640K, reserved 1048576K
}
Event: 0.965 GC heap before
{Heap before GC invocations=1 (full 0):
 garbage-first heap   total 126976K, used 17082K [0x0000000084a00000, 0x0000000100000000)
  region size 1024K, 13 young (13312K), 2 survivors (2048K)
 Metaspace       used 7758K, committed 8000K, reserved 1056768K
  class space    used 897K, committed 1024K, reserved 1048576K
}
Event: 0.968 GC heap after
{Heap after GC invocations=2 (full 0):
 garbage-first heap   total 126976K, used 6559K [0x0000000084a00000, 0x0000000100000000)
  region size 1024K, 1 young (1024K), 1 survivors (1024K)
 Metaspace       used 7758K, committed 8000K, reserved 1056768K
  class space    used 897K, committed 1024K, reserved 1048576K
}
Event: 1.814 GC heap before
{Heap before GC invocations=2 (full 0):
 garbage-first heap   total 126976K, used 30111K [0x0000000084a00000, 0x0000000100000000)
  region size 1024K, 24 young (24576K), 1 survivors (1024K)
 Metaspace       used 16299K, committed 16576K, reserved 1064960K
  class space    used 1965K, committed 2048K, reserved 1048576K
}
Event: 1.818 GC heap after
{Heap after GC invocations=3 (full 0):
 garbage-first heap   total 126976K, used 9857K [0x0000000084a00000, 0x0000000100000000)
  region size 1024K, 3 young (3072K), 3 survivors (3072K)
 Metaspace       used 16299K, committed 16576K, reserved 1064960K
  class space    used 1965K, committed 2048K, reserved 1048576K
}
Event: 2.967 GC heap before
{Heap before GC invocations=3 (full 0):
 garbage-first heap   total 126976K, used 33409K [0x0000000084a00000, 0x0000000100000000)
  region size 1024K, 22 young (22528K), 3 survivors (3072K)
 Metaspace       used 21247K, committed 21504K, reserved 1073152K
  class space    used 2623K, committed 2752K, reserved 1048576K
}
Event: 2.970 GC heap after
{Heap after GC invocations=4 (full 0):
 garbage-first heap   total 126976K, used 16274K [0x0000000084a00000, 0x0000000100000000)
  region size 1024K, 4 young (4096K), 4 survivors (4096K)
 Metaspace       used 21247K, committed 21504K, reserved 1073152K
  class space    used 2623K, committed 2752K, reserved 1048576K
}

Deoptimization events (20 events):
Event: 1.962 Thread 0x0000022f336ce1a0 Uncommon trap: trap_request=0xffffffde fr.pc=0x0000022f42ac8d34 relative=0x0000000000000454
Event: 1.962 Thread 0x0000022f336ce1a0 Uncommon trap: reason=class_check action=maybe_recompile pc=0x0000022f42ac8d34 method=java.util.regex.Pattern$Start.match(Ljava/util/regex/Matcher;ILjava/lang/CharSequence;)Z @ 44 c2
Event: 1.962 Thread 0x0000022f336ce1a0 DEOPT PACKING pc=0x0000022f42ac8d34 sp=0x000000d7390fc7f0
Event: 1.962 Thread 0x0000022f336ce1a0 DEOPT UNPACKING pc=0x0000022f3af95c23 sp=0x000000d7390fc740 mode 2
Event: 2.140 Thread 0x0000022f52cdc240 Uncommon trap: trap_request=0xffffff45 fr.pc=0x0000022f42aaae54 relative=0x0000000000000054
Event: 2.140 Thread 0x0000022f52cdc240 Uncommon trap: reason=unstable_if action=reinterpret pc=0x0000022f42aaae54 method=java.lang.CharacterData.of(I)Ljava/lang/CharacterData; @ 15 c2
Event: 2.140 Thread 0x0000022f52cdc240 DEOPT PACKING pc=0x0000022f42aaae54 sp=0x000000d73b3fda60
Event: 2.140 Thread 0x0000022f52cdc240 DEOPT UNPACKING pc=0x0000022f3af95c23 sp=0x000000d73b3fd9e8 mode 2
Event: 3.014 Thread 0x0000022f336ce1a0 Uncommon trap: trap_request=0xffffff45 fr.pc=0x0000022f42a87918 relative=0x0000000000000ef8
Event: 3.014 Thread 0x0000022f336ce1a0 Uncommon trap: reason=unstable_if action=reinterpret pc=0x0000022f42a87918 method=java.util.concurrent.ConcurrentHashMap.putVal(Ljava/lang/Object;Ljava/lang/Object;Z)Ljava/lang/Object; @ 231 c2
Event: 3.014 Thread 0x0000022f336ce1a0 DEOPT PACKING pc=0x0000022f42a87918 sp=0x000000d7390fd260
Event: 3.014 Thread 0x0000022f336ce1a0 DEOPT UNPACKING pc=0x0000022f3af95c23 sp=0x000000d7390fd1d0 mode 2
Event: 7.423 Thread 0x0000022f336ce1a0 Uncommon trap: trap_request=0xffffff45 fr.pc=0x0000022f42ab007c relative=0x0000000000002afc
Event: 7.423 Thread 0x0000022f336ce1a0 Uncommon trap: reason=unstable_if action=reinterpret pc=0x0000022f42ab007c method=jdk.internal.loader.URLClassPath$FileLoader.getResource(Ljava/lang/String;Z)Ljdk/internal/loader/Resource; @ 139 c2
Event: 7.423 Thread 0x0000022f336ce1a0 DEOPT PACKING pc=0x0000022f42ab007c sp=0x000000d7390fc9a0
Event: 7.423 Thread 0x0000022f336ce1a0 DEOPT UNPACKING pc=0x0000022f3af95c23 sp=0x000000d7390fc938 mode 2
Event: 7.452 Thread 0x0000022f336ce1a0 Uncommon trap: trap_request=0xffffff45 fr.pc=0x0000022f42adf370 relative=0x0000000000004b70
Event: 7.452 Thread 0x0000022f336ce1a0 Uncommon trap: reason=unstable_if action=reinterpret pc=0x0000022f42adf370 method=java.lang.invoke.MethodType.makeImpl(Ljava/lang/Class;[Ljava/lang/Class;Z)Ljava/lang/invoke/MethodType; @ 47 c2
Event: 7.452 Thread 0x0000022f336ce1a0 DEOPT PACKING pc=0x0000022f42adf370 sp=0x000000d7390fcf80
Event: 7.452 Thread 0x0000022f336ce1a0 DEOPT UNPACKING pc=0x0000022f3af95c23 sp=0x000000d7390fcfc0 mode 2

Classes unloaded (0 events):
No events

Classes redefined (0 events):
No events

Internal exceptions (20 events):
Event: 1.105 Thread 0x0000022f336ce1a0 Exception <a 'java/lang/NoSuchMethodError'{0x000000008c240208}: 'java.lang.Object java.lang.invoke.DirectMethodHandle$Holder.newInvokeSpecial(java.lang.Object, long)'> (0x000000008c240208) 
thrown [s\open\src\hotspot\share\interpreter\linkResolver.cpp, line 759]
Event: 1.108 Thread 0x0000022f336ce1a0 Exception <a 'java/lang/NoSuchMethodError'{0x000000008c246d30}: 'java.lang.Object java.lang.invoke.DirectMethodHandle$Holder.invokeStatic(java.lang.Object, java.lang.Object, long, java.lang.Object)'> (0x000000008c246d30) 
thrown [s\open\src\hotspot\share\interpreter\linkResolver.cpp, line 759]
Event: 1.108 Thread 0x0000022f336ce1a0 Exception <a 'java/lang/NoSuchMethodError'{0x000000008c24a7c8}: 'java.lang.Object java.lang.invoke.DirectMethodHandle$Holder.invokeStaticInit(java.lang.Object, java.lang.Object, long, java.lang.Object)'> (0x000000008c24a7c8) 
thrown [s\open\src\hotspot\share\interpreter\linkResolver.cpp, line 759]
Event: 1.109 Thread 0x0000022f336ce1a0 Exception <a 'java/lang/NoSuchMethodError'{0x000000008c250af8}: 'java.lang.Object java.lang.invoke.DirectMethodHandle$Holder.newInvokeSpecial(java.lang.Object, java.lang.Object, long)'> (0x000000008c250af8) 
thrown [s\open\src\hotspot\share\interpreter\linkResolver.cpp, line 759]
Event: 1.494 Thread 0x0000022f336ce1a0 Exception <a 'java/lang/NoSuchMethodError'{0x000000008c2a2398}: 'java.lang.Object java.lang.invoke.DirectMethodHandle$Holder.invokeSpecialIFC(java.lang.Object, java.lang.Object, java.lang.Object, java.lang.Object)'> (0x000000008c2a2398) 
thrown [s\open\src\hotspot\share\interpreter\linkResolver.cpp, line 759]
Event: 1.495 Thread 0x0000022f336ce1a0 Exception <a 'java/lang/NoSuchMethodError'{0x000000008c2b4640}: 'double java.lang.invoke.DirectMethodHandle$Holder.invokeVirtual(java.lang.Object, java.lang.Object)'> (0x000000008c2b4640) 
thrown [s\open\src\hotspot\share\interpreter\linkResolver.cpp, line 759]
Event: 1.496 Thread 0x0000022f336ce1a0 Exception <a 'java/lang/NoSuchMethodError'{0x000000008c2bade8}: 'float java.lang.invoke.DirectMethodHandle$Holder.invokeVirtual(java.lang.Object, java.lang.Object)'> (0x000000008c2bade8) 
thrown [s\open\src\hotspot\share\interpreter\linkResolver.cpp, line 759]
Event: 1.496 Thread 0x0000022f336ce1a0 Exception <a 'java/lang/NoSuchMethodError'{0x000000008c2c3dc8}: 'long java.lang.invoke.DirectMethodHandle$Holder.invokeVirtual(java.lang.Object, java.lang.Object)'> (0x000000008c2c3dc8) 
thrown [s\open\src\hotspot\share\interpreter\linkResolver.cpp, line 759]
Event: 1.499 Thread 0x0000022f336ce1a0 Exception <a 'java/lang/NoSuchMethodError'{0x000000008c2f6520}: 'java.lang.Object java.lang.invoke.DirectMethodHandle$Holder.invokeVirtual(java.lang.Object, java.lang.Object, java.lang.Object)'> (0x000000008c2f6520) 
thrown [s\open\src\hotspot\share\interpreter\linkResolver.cpp, line 759]
Event: 1.544 Thread 0x0000022f336ce1a0 Exception <a 'java/lang/NoClassDefFoundError'{0x000000008bef14c8}> (0x000000008bef14c8) 
thrown [s\open\src\hotspot\share\oops\instanceKlass.cpp, line 1166]
Event: 1.555 Thread 0x0000022f336ce1a0 Exception <a 'java/lang/NoSuchMethodError'{0x000000008bdee788}: 'void java.lang.invoke.DirectMethodHandle$Holder.invokeSpecial(java.lang.Object, java.lang.Object, java.lang.Object, java.lang.Object, java.lang.Object)'> (0x000000008bdee788) 
thrown [s\open\src\hotspot\share\interpreter\linkResolver.cpp, line 759]
Event: 1.642 Thread 0x0000022f336ce1a0 Exception <a 'sun/nio/fs/WindowsException'{0x000000008b6e88a8}> (0x000000008b6e88a8) 
thrown [s\open\src\hotspot\share\prims\jni.cpp, line 516]
Event: 1.647 Thread 0x0000022f336ce1a0 Exception <a 'java/lang/NoSuchMethodError'{0x000000008b50a5e0}: 'int java.lang.invoke.DirectMethodHandle$Holder.invokeStaticInit(java.lang.Object, java.lang.Object, java.lang.Object, java.lang.Object)'> (0x000000008b50a5e0) 
thrown [s\open\src\hotspot\share\interpreter\linkResolver.cpp, line 759]
Event: 1.868 Thread 0x0000022f336ce1a0 Exception <a 'java/lang/NoSuchMethodError'{0x000000008c2f2b10}: 'java.lang.Object java.lang.invoke.DirectMethodHandle$Holder.invokeInterface(java.lang.Object, java.lang.Object, java.lang.Object)'> (0x000000008c2f2b10) 
thrown [s\open\src\hotspot\share\interpreter\linkResolver.cpp, line 759]
Event: 1.868 Thread 0x0000022f336ce1a0 Exception <a 'java/lang/IncompatibleClassChangeError'{0x000000008c2f61d8}: Found class java.lang.Object, but interface was expected> (0x000000008c2f61d8) 
thrown [s\open\src\hotspot\share\interpreter\linkResolver.cpp, line 826]
Event: 1.869 Thread 0x0000022f336ce1a0 Exception <a 'java/lang/NoSuchMethodError'{0x000000008c2fe9e8}: 'int java.lang.invoke.DirectMethodHandle$Holder.invokeSpecialIFC(java.lang.Object, java.lang.Object, java.lang.Object, java.lang.Object)'> (0x000000008c2fe9e8) 
thrown [s\open\src\hotspot\share\interpreter\linkResolver.cpp, line 759]
Event: 1.976 Thread 0x0000022f336ce1a0 Exception <a 'java/lang/NoSuchMethodError'{0x000000008bfe4df0}: 'void java.lang.invoke.DirectMethodHandle$Holder.invokeStatic(java.lang.Object, java.lang.Object, int)'> (0x000000008bfe4df0) 
thrown [s\open\src\hotspot\share\interpreter\linkResolver.cpp, line 759]
Event: 2.012 Thread 0x0000022f336ce1a0 Exception <a 'java/lang/NoSuchMethodError'{0x000000008bdcef70}: 'int java.lang.invoke.DirectMethodHandle$Holder.invokeSpecialIFC(java.lang.Object, java.lang.Object, java.lang.Object)'> (0x000000008bdcef70) 
thrown [s\open\src\hotspot\share\interpreter\linkResolver.cpp, line 759]
Event: 2.073 Thread 0x0000022f336ce1a0 Exception <a 'java/lang/NoSuchMethodError'{0x000000008bab17a8}: 'void java.lang.invoke.DirectMethodHandle$Holder.invokeSpecial(java.lang.Object, java.lang.Object, java.lang.Object, java.lang.Object, java.lang.Object, java.lang.Object)'> (0x000000008bab17a8) 
thrown [s\open\src\hotspot\share\interpreter\linkResolver.cpp, line 759]
Event: 3.004 Thread 0x0000022f336ce1a0 Exception <a 'java/lang/NoSuchMethodError'{0x00000000880adda8}: 'java.lang.Object java.lang.invoke.DirectMethodHandle$Holder.invokeSpecialIFC(java.lang.Object, java.lang.Object, java.lang.Object)'> (0x00000000880adda8) 
thrown [s\open\src\hotspot\share\interpreter\linkResolver.cpp, line 759]

VM Operations (20 events):
Event: 1.814 Executing VM operation: G1CollectForAllocation
Event: 1.818 Executing VM operation: G1CollectForAllocation done
Event: 1.954 Executing VM operation: HandshakeAllThreads
Event: 1.955 Executing VM operation: HandshakeAllThreads done
Event: 1.955 Executing VM operation: HandshakeAllThreads
Event: 1.955 Executing VM operation: HandshakeAllThreads done
Event: 1.956 Executing VM operation: HandshakeAllThreads
Event: 1.956 Executing VM operation: HandshakeAllThreads done
Event: 2.956 Executing VM operation: Cleanup
Event: 2.956 Executing VM operation: Cleanup done
Event: 2.967 Executing VM operation: CollectForMetadataAllocation
Event: 2.970 Executing VM operation: CollectForMetadataAllocation done
Event: 2.978 Executing VM operation: G1Concurrent
Event: 2.979 Executing VM operation: G1Concurrent done
Event: 2.982 Executing VM operation: G1Concurrent
Event: 2.982 Executing VM operation: G1Concurrent done
Event: 3.990 Executing VM operation: Cleanup
Event: 3.991 Executing VM operation: Cleanup done
Event: 6.999 Executing VM operation: Cleanup
Event: 7.000 Executing VM operation: Cleanup done

Events (20 events):
Event: 3.093 loading class java/util/stream/ReduceOps$6 done
Event: 3.093 loading class java/util/stream/ReduceOps$5ReducingSink
Event: 3.093 loading class java/util/stream/ReduceOps$5ReducingSink done
Event: 3.093 loading class java/util/stream/ReferencePipeline$4$1
Event: 3.093 loading class java/util/stream/ReferencePipeline$4$1 done
Event: 3.093 loading class java/util/stream/SortedOps$SizedRefSortingSink
Event: 3.093 loading class java/util/stream/SortedOps$AbstractRefSortingSink
Event: 3.094 loading class java/util/stream/SortedOps$AbstractRefSortingSink done
Event: 3.094 loading class java/util/stream/SortedOps$SizedRefSortingSink done
Event: 3.913 loading class java/util/concurrent/ConcurrentLinkedDeque$Itr
Event: 3.913 loading class java/util/concurrent/ConcurrentLinkedDeque$AbstractItr
Event: 3.913 loading class java/util/concurrent/ConcurrentLinkedDeque$AbstractItr done
Event: 3.913 loading class java/util/concurrent/ConcurrentLinkedDeque$Itr done
Event: 6.969 Thread 0x0000022f52cdaa30 Thread exited: 0x0000022f52cdaa30
Event: 7.443 loading class java/lang/annotation/ElementType
Event: 7.443 loading class java/lang/annotation/ElementType done
Event: 7.455 loading class java/util/AbstractList$ListItr
Event: 7.455 loading class java/util/AbstractList$ListItr done
Event: 7.460 loading class jdk/internal/reflect/UnsafeStaticObjectFieldAccessorImpl
Event: 7.461 loading class jdk/internal/reflect/UnsafeStaticObjectFieldAccessorImpl done


Dynamic libraries:
0x00007ff6f48d0000 - 0x00007ff6f48e0000 	C:\Program Files\Java\jdk-17.0.4.1\bin\javaw.exe
0x00007ff910f10000 - 0x00007ff911108000 	C:\Windows\SYSTEM32\ntdll.dll
0x00007ff90fa70000 - 0x00007ff90fb2f000 	C:\Windows\System32\KERNEL32.DLL
0x00007ff90eb70000 - 0x00007ff90ee66000 	C:\Windows\System32\KERNELBASE.dll
0x00007ff90ea40000 - 0x00007ff90eb40000 	C:\Windows\System32\ucrtbase.dll
0x00007ff8fb230000 - 0x00007ff8fb24a000 	C:\Program Files\Java\jdk-17.0.4.1\bin\VCRUNTIME140.dll
0x00007ff9022d0000 - 0x00007ff9022e8000 	C:\Program Files\Java\jdk-17.0.4.1\bin\jli.dll
0x00007ff90ef70000 - 0x00007ff90f01f000 	C:\Windows\System32\ADVAPI32.dll
0x00007ff90fb30000 - 0x00007ff90fbce000 	C:\Windows\System32\msvcrt.dll
0x00007ff90f2f0000 - 0x00007ff90f38c000 	C:\Windows\System32\sechost.dll
0x00007ff90fc90000 - 0x00007ff90fdb6000 	C:\Windows\System32\RPCRT4.dll
0x00007ff90f530000 - 0x00007ff90f6cd000 	C:\Windows\System32\USER32.dll
0x00007ff90eb40000 - 0x00007ff90eb62000 	C:\Windows\System32\win32u.dll
0x00007ff90fc60000 - 0x00007ff90fc8c000 	C:\Windows\System32\GDI32.dll
0x00007ff90e5f0000 - 0x00007ff90e705000 	C:\Windows\System32\gdi32full.dll
0x00007ff90e7c0000 - 0x00007ff90e85d000 	C:\Windows\System32\msvcp_win.dll
0x00007ff8f6900000 - 0x00007ff8f6b9a000 	C:\Windows\WinSxS\amd64_microsoft.windows.common-controls_6595b64144ccf1df_6.0.19041.1110_none_60b5254171f9507e\COMCTL32.dll
0x00007ff902aa0000 - 0x00007ff902aaa000 	C:\Windows\SYSTEM32\VERSION.dll
0x00007ff90fc30000 - 0x00007ff90fc60000 	C:\Windows\System32\IMM32.DLL
0x00007ff9087e0000 - 0x00007ff9087ec000 	C:\Program Files\Java\jdk-17.0.4.1\bin\vcruntime140_1.dll
0x00007ff8e27c0000 - 0x00007ff8e284d000 	C:\Program Files\Java\jdk-17.0.4.1\bin\msvcp140.dll
0x00007ff89b470000 - 0x00007ff89c032000 	C:\Program Files\Java\jdk-17.0.4.1\bin\server\jvm.dll
0x00007ff90f140000 - 0x00007ff90f148000 	C:\Windows\System32\PSAPI.DLL
0x00007ff8efad0000 - 0x00007ff8efad9000 	C:\Windows\SYSTEM32\WSOCK32.dll
0x00007ff906360000 - 0x00007ff906387000 	C:\Windows\SYSTEM32\WINMM.dll
0x00007ff90f0d0000 - 0x00007ff90f13b000 	C:\Windows\System32\WS2_32.dll
0x00007ff90ced0000 - 0x00007ff90cee2000 	C:\Windows\SYSTEM32\kernel.appcore.dll
0x00007ff908370000 - 0x00007ff90837a000 	C:\Program Files\Java\jdk-17.0.4.1\bin\jimage.dll
0x00007ff90c1c0000 - 0x00007ff90c3a4000 	C:\Windows\SYSTEM32\DBGHELP.DLL
0x00007ff906320000 - 0x00007ff906354000 	C:\Windows\SYSTEM32\dbgcore.DLL
0x00007ff90eee0000 - 0x00007ff90ef62000 	C:\Windows\System32\bcryptPrimitives.dll
0x00007ff8f89f0000 - 0x00007ff8f8a15000 	C:\Program Files\Java\jdk-17.0.4.1\bin\java.dll
0x00007ff8d5ce0000 - 0x00007ff8d5db6000 	C:\Program Files\Java\jdk-17.0.4.1\bin\jsvml.dll
0x00007ff90fdc0000 - 0x00007ff910504000 	C:\Windows\System32\SHELL32.dll
0x00007ff90c600000 - 0x00007ff90cd93000 	C:\Windows\SYSTEM32\windows.storage.dll
0x00007ff910b70000 - 0x00007ff910ec4000 	C:\Windows\System32\combase.dll
0x00007ff90e050000 - 0x00007ff90e07e000 	C:\Windows\SYSTEM32\Wldp.dll
0x00007ff910570000 - 0x00007ff91061d000 	C:\Windows\System32\SHCORE.dll
0x00007ff90f150000 - 0x00007ff90f1a5000 	C:\Windows\System32\shlwapi.dll
0x00007ff90e530000 - 0x00007ff90e54f000 	C:\Windows\SYSTEM32\profapi.dll
0x00007ff8fb1a0000 - 0x00007ff8fb1b9000 	C:\Program Files\Java\jdk-17.0.4.1\bin\net.dll
0x00007ff906870000 - 0x00007ff90697a000 	C:\Windows\SYSTEM32\WINHTTP.dll
0x00007ff90ddb0000 - 0x00007ff90de1a000 	C:\Windows\system32\mswsock.dll
0x00007ff8fab30000 - 0x00007ff8fab46000 	C:\Program Files\Java\jdk-17.0.4.1\bin\nio.dll
0x00007ff8fa480000 - 0x00007ff8fa498000 	C:\Program Files\Java\jdk-17.0.4.1\bin\zip.dll
0x00007ff907860000 - 0x00007ff907870000 	C:\Program Files\Java\jdk-17.0.4.1\bin\verify.dll
0x00007ff90da90000 - 0x00007ff90db5b000 	C:\Windows\SYSTEM32\DNSAPI.dll
0x00007ff90da50000 - 0x00007ff90da8c000 	C:\Windows\SYSTEM32\IPHLPAPI.DLL
0x00007ff90f020000 - 0x00007ff90f028000 	C:\Windows\System32\NSI.dll
0x00007ff903490000 - 0x00007ff90349a000 	C:\Windows\System32\rasadhlp.dll
0x00007ff9061e0000 - 0x00007ff906262000 	C:\Windows\System32\fwpuclnt.dll
0x00007ff90ea10000 - 0x00007ff90ea37000 	C:\Windows\System32\bcrypt.dll
0x00007ff90dfa0000 - 0x00007ff90dfb8000 	C:\Windows\SYSTEM32\CRYPTSP.dll
0x00007ff90d660000 - 0x00007ff90d694000 	C:\Windows\system32\rsaenh.dll
0x00007ff90e4b0000 - 0x00007ff90e4de000 	C:\Windows\SYSTEM32\USERENV.dll
0x00007ff90dfc0000 - 0x00007ff90dfcc000 	C:\Windows\SYSTEM32\CRYPTBASE.dll
0x00007ff905f10000 - 0x00007ff905f27000 	C:\Windows\SYSTEM32\dhcpcsvc6.DLL
0x00007ff9058f0000 - 0x00007ff90590d000 	C:\Windows\SYSTEM32\dhcpcsvc.DLL
0x00007ff908e70000 - 0x00007ff908f01000 	C:\Windows\system32\apphelp.dll
0x00007ff908870000 - 0x00007ff908879000 	C:\Program Files\Java\jdk-17.0.4.1\bin\management.dll
0x00007ff908860000 - 0x00007ff90886b000 	C:\Program Files\Java\jdk-17.0.4.1\bin\management_ext.dll
0x00007ff904cd0000 - 0x00007ff904cde000 	C:\Program Files\Java\jdk-17.0.4.1\bin\sunmscapi.dll
0x00007ff90e860000 - 0x00007ff90e9be000 	C:\Windows\System32\CRYPT32.dll
0x00007ff90e0c0000 - 0x00007ff90e0e8000 	C:\Windows\SYSTEM32\ncrypt.dll
0x00007ff90e080000 - 0x00007ff90e0bb000 	C:\Windows\SYSTEM32\NTASN1.dll
0x00007ff908810000 - 0x00007ff908817000 	C:\Windows\system32\wshunix.dll

dbghelp: loaded successfully - version: 4.0.5 - missing functions: none
symbol engine: initialized successfully - sym options: 0x614 - pdb path: .;C:\Program Files\Java\jdk-17.0.4.1\bin;C:\Windows\SYSTEM32;C:\Windows\WinSxS\amd64_microsoft.windows.common-controls_6595b64144ccf1df_6.0.19041.1110_none_60b5254171f9507e;C:\Program Files\Java\jdk-17.0.4.1\bin\server

VM Arguments:
jvm_args: -ea -Dfile.encoding=UTF-8 -XX:+ShowCodeDetailsInExceptionMessages 
java_command: org.testng.remote.RemoteTestNG -serport 53915 -protocol json -d C:\Users\rohan.patil\eclipse-workspace\Zeus\test-output C:\Users\ROHAN~1.PAT\AppData\Local\Temp\testng-eclipse--670109619\testng-customsuite.xml
java_class_path (initial): C:\Users\rohan.patil\eclipse\java-2022-09\eclipse\configuration\org.eclipse.osgi\839\0\.cp\lib\testng-remote.jar;C:\Users\rohan.patil\eclipse-workspace\Zeus\target\test-classes;C:\Users\rohan.patil\eclipse-workspace\Zeus\target\classes;C:\Users\rohan.patil\.p2\pool\plugins\org.testng_7.8.0.r202306071539.jar;C:\Users\rohan.patil\.p2\pool\plugins\com.beust.jcommander_1.82.0.jar;C:\Users\rohan.patil\.p2\pool\plugins\org.apache-extras.beanshell.bsh_2.0.0.b6.jar;C:\Users\rohan.patil\.p2\pool\plugins\org.yaml.snakeyaml_1.27.0.v20221112-0806.jar;C:\Users\rohan.patil\.p2\pool\plugins\org.webjars.jquery_3.6.1.jar;C:\Users\rohan.patil\.m2\repository\org\apache\poi\poi-ooxml\5.2.2\poi-ooxml-5.2.2.jar;C:\Users\rohan.patil\.m2\repository\org\apache\poi\poi\5.2.2\poi-5.2.2.jar;C:\Users\rohan.patil\.m2\repository\commons-codec\commons-codec\1.15\commons-codec-1.15.jar;C:\Users\rohan.patil\.m2\repository\org\apache\commons\commons-math3\3.6.1\commons-math3-3.6.1.jar;C:\Users\rohan.patil\.m2\repository\com\zaxxer\SparseBitSet\1.2\SparseBitSet-1.2.jar;C:\Users\rohan.patil\.m2\repository\org\apache\poi\poi-ooxml-lite\5.2.2\poi-ooxml-lite-5.2.2.jar;C:\Users\rohan.patil\.m2\repository\org\apache\xmlbeans\xmlbeans\5.0.3\xmlbeans-5.0.3.jar;C:\Users\rohan.patil\.m2\repository\org\apache\commons\commons-compress\1.21\commons-compress-1.21.jar;C:\Users\rohan.patil\.m2\repository\commons-io\commons-io\2.11.0\commons-io-2.11.0.jar;C:\Users\rohan.patil\.m2\repository\com\github\virtuald\curvesapi\1.07\curvesapi-1.07.jar;C:\Users\rohan.patil\.m2\repository\org\apache\logging\log4j\log4j-api\2.17.2\log4j-api-2.17.2.jar;C:\Users\rohan.patil\.m2\repository\org\apache\commons\commons-collections4\4.4\commons-collections4-4.4.jar;C:\Users\rohan.patil\.m2\repository\org\seleniumhq\selenium\selenium-java\4.10.0\selenium-java-4.10.0.jar;C:\Users\rohan.patil\.m2\repository\org\seleniumhq\selenium\selenium-api\4.10.0\selenium-api-4.10.0.jar;C:\Users\rohan.patil\.m2\repository\
Launcher Type: SUN_STANDARD

[Global flags]
     intx CICompilerCount                          = 3                                         {product} {ergonomic}
     uint ConcGCThreads                            = 1                                         {product} {ergonomic}
     uint G1ConcRefinementThreads                  = 4                                         {product} {ergonomic}
   size_t G1HeapRegionSize                         = 1048576                                   {product} {ergonomic}
    uintx GCDrainStackTargetSize                   = 64                                        {product} {ergonomic}
   size_t InitialHeapSize                          = 130023424                                 {product} {ergonomic}
   size_t MarkStackSize                            = 4194304                                   {product} {ergonomic}
   size_t MaxHeapSize                              = 2069889024                                {product} {ergonomic}
   size_t MaxNewSize                               = 1241513984                                {product} {ergonomic}
   size_t MinHeapDeltaBytes                        = 1048576                                   {product} {ergonomic}
   size_t MinHeapSize                              = 8388608                                   {product} {ergonomic}
    uintx NonNMethodCodeHeapSize                   = 5832780                                {pd product} {ergonomic}
    uintx NonProfiledCodeHeapSize                  = 122912730                              {pd product} {ergonomic}
    uintx ProfiledCodeHeapSize                     = 122912730                              {pd product} {ergonomic}
    uintx ReservedCodeCacheSize                    = 251658240                              {pd product} {ergonomic}
     bool SegmentedCodeCache                       = true                                      {product} {ergonomic}
     bool ShowCodeDetailsInExceptionMessages       = true                                   {manageable} {command line}
   size_t SoftMaxHeapSize                          = 2069889024                             {manageable} {ergonomic}
     bool UseCompressedClassPointers               = true                           {product lp64_product} {ergonomic}
     bool UseCompressedOops                        = true                           {product lp64_product} {ergonomic}
     bool UseG1GC                                  = true                                      {product} {ergonomic}
     bool UseLargePagesIndividualAllocation        = false                                  {pd product} {ergonomic}

Logging:
Log output configuration:
 #0: stdout all=warning uptime,level,tags
 #1: stderr all=off uptime,level,tags

Environment Variables:
JAVA_HOME=C:\Program Files\Java\jdk-17.0.4.1
PATH=C:\Program Files\Common Files\Oracle\Java\javapath;C:\Windows\system32;C:\Windows;C:\Windows\System32\Wbem;C:\Windows\System32\WindowsPowerShell\v1.0\;C:\Windows\System32\OpenSSH\;C:\Program Files\nodejs\;C:\Program Files\Microsoft SQL Server\150\Tools\Binn\;C:\Program Files\dotnet\;C:\Users\rohan.patil\AppData\Local\Microsoft\WindowsApps;C:\Users\rohan.patil\AppData\Local\Programs\Git\cmd;C:\Users\rohan.patil\AppData\Local\Programs\Microsoft VS Code\bin;C:\Users\rohan.patil\AppData\Roaming\npm
USERNAME=rohan.patil
OS=Windows_NT
PROCESSOR_IDENTIFIER=Intel64 Family 6 Model 140 Stepping 1, GenuineIntel



---------------  S Y S T E M  ---------------

OS:
 Windows 10 , 64 bit Build 19041 (10.0.19041.2913)
OS uptime: 23 days 2:38 hours

CPU: total 4 (initial active 4) (2 cores per cpu, 2 threads per core) family 6 model 140 stepping 1 microcode 0x86, cx8, cmov, fxsr, ht, mmx, 3dnowpref, sse, sse2, sse3, ssse3, sse4.1, sse4.2, popcnt, lzcnt, tsc, tscinvbit, avx, avx2, aes, erms, clmul, bmi1, bmi2, adx, avx512f, avx512dq, avx512cd, avx512bw, avx512vl, sha, fma, vzeroupper, avx512_vpopcntdq, avx512_vpclmulqdq, avx512_vaes, avx512_vnni, clflush, clflushopt, clwb, avx512_vbmi2, avx512_vbmi

Memory: 4k page, system-wide physical 7894M (495M free)
TotalPageFile size 25527M (AvailPageFile size 3M)
current process WorkingSet (physical memory assigned to process): 122M, peak: 143M
current process commit charge ("private bytes"): 191M, peak: 266M

vm_info: Java HotSpot(TM) 64-Bit Server VM (17.0.4.1+1-LTS-2) for windows-amd64 JRE (17.0.4.1+1-LTS-2), built on Aug 16 2022 18:32:06 by "mach5one" with MS VC++ 16.8 / 16.9 (VS2019)

END.
