#
# There is insufficient memory for the Java Runtime Environment to continue.
# Native memory allocation (malloc) failed to allocate 791696 bytes for Chunk::new
# Possible reasons:
#   The system is out of physical RAM or swap space
#   The process is running with CompressedOops enabled, and the Java Heap may be blocking the growth of the native heap
# Possible solutions:
#   Reduce memory load on the system
#   Increase physical memory or swap space
#   Check if swap backing store is full
#   Decrease Java heap size (-Xmx/-Xms)
#   Decrease number of Java threads
#   Decrease Java thread stack sizes (-Xss)
#   Set larger code cache with -XX:ReservedCodeCacheSize=
#   JVM is running with Unscaled Compressed Oops mode in which the Java heap is
#     placed in the first 4GB address space. The Java Heap base address is the
#     maximum limit for the native heap growth. Please use -XX:HeapBaseMinAddress
#     to set the Java Heap base and to place the Java Heap above 4GB virtual address.
# This output file may be truncated or incomplete.
#
#  Out of Memory Error (arena.cpp:189), pid=33324, tid=24308
#
# JRE version: Java(TM) SE Runtime Environment (17.0.4.1+1) (build 17.0.4.1+1-LTS-2)
# Java VM: Java HotSpot(TM) 64-Bit Server VM (17.0.4.1+1-LTS-2, mixed mode, sharing, tiered, compressed oops, compressed class ptrs, g1 gc, windows-amd64)
# No core dump will be written. Minidumps are not enabled by default on client versions of Windows
#

---------------  S U M M A R Y ------------

Command Line: -ea -Dfile.encoding=UTF-8 -XX:+ShowCodeDetailsInExceptionMessages org.testng.remote.RemoteTestNG -serport 54057 -protocol json -d C:\Users\rohan.patil\eclipse-workspace\Zeus\test-output C:\Users\ROHAN~1.PAT\AppData\Local\Temp\testng-eclipse-946894774\testng-customsuite.xml

Host: 11th Gen Intel(R) Core(TM) i3-1115G4 @ 3.00GHz, 4 cores, 7G,  Windows 10 , 64 bit Build 19041 (10.0.19041.2913)
Time: Thu Jul 20 17:40:02 2023 India Standard Time elapsed time: 2.040785 seconds (0d 0h 0m 2s)

---------------  T H R E A D  ---------------

Current thread (0x000001547d3c18f0):  JavaThread "C2 CompilerThread0" daemon [_thread_in_native, id=24308, stack(0x0000002c4cb00000,0x0000002c4cc00000)]


Current CompileTask:
C2:   2040 2045       4       java.lang.invoke.MethodType::makeImpl (109 bytes)

Stack: [0x0000002c4cb00000,0x0000002c4cc00000]
Native frames: (J=compiled Java code, j=interpreted, Vv=VM code, C=native code)
V  [jvm.dll+0x6723ba]
V  [jvm.dll+0x7d1e34]
V  [jvm.dll+0x7d35de]
V  [jvm.dll+0x7d3c43]
V  [jvm.dll+0x243065]
V  [jvm.dll+0xaa57b]
V  [jvm.dll+0xaab0c]
V  [jvm.dll+0x2a9dcf]
V  [jvm.dll+0x57a7f7]
V  [jvm.dll+0x21e342]
V  [jvm.dll+0x21785f]
V  [jvm.dll+0x2154bb]
V  [jvm.dll+0x1a1fcd]
V  [jvm.dll+0x224e08]
V  [jvm.dll+0x222f75]
V  [jvm.dll+0x787a0b]
V  [jvm.dll+0x781fca]
V  [jvm.dll+0x671245]
C  [ucrtbase.dll+0x21bb2]
C  [KERNEL32.DLL+0x17614]
C  [ntdll.dll+0x526a1]


---------------  P R O C E S S  ---------------

Threads class SMR info:
_java_thread_list=0x000001547fc056e0, length=19, elements={
0x000001546ed3d870, 0x000001547d39d4e0, 0x000001547d39ffe0, 0x000001547d3b1930,
0x000001547d3b22e0, 0x000001547d3b4ca0, 0x000001547d3b5650, 0x000001547d3c18f0,
0x000001547d3c4790, 0x000001547d3d5d80, 0x000001547e0be270, 0x000001547e0d0160,
0x000001547e9469d0, 0x000001547fc33af0, 0x000001547f24f880, 0x000001547f309c40,
0x000001547f38a590, 0x000001547f38da80, 0x000001547f38a0c0
}

Java Threads: ( => current thread )
  0x000001546ed3d870 JavaThread "main" [_thread_in_vm, id=36040, stack(0x0000002c4be00000,0x0000002c4bf00000)]
  0x000001547d39d4e0 JavaThread "Reference Handler" daemon [_thread_blocked, id=32776, stack(0x0000002c4c500000,0x0000002c4c600000)]
  0x000001547d39ffe0 JavaThread "Finalizer" daemon [_thread_blocked, id=6276, stack(0x0000002c4c600000,0x0000002c4c700000)]
  0x000001547d3b1930 JavaThread "Signal Dispatcher" daemon [_thread_blocked, id=37668, stack(0x0000002c4c700000,0x0000002c4c800000)]
  0x000001547d3b22e0 JavaThread "Attach Listener" daemon [_thread_blocked, id=42072, stack(0x0000002c4c800000,0x0000002c4c900000)]
  0x000001547d3b4ca0 JavaThread "Service Thread" daemon [_thread_blocked, id=10076, stack(0x0000002c4c900000,0x0000002c4ca00000)]
  0x000001547d3b5650 JavaThread "Monitor Deflation Thread" daemon [_thread_blocked, id=34188, stack(0x0000002c4ca00000,0x0000002c4cb00000)]
=>0x000001547d3c18f0 JavaThread "C2 CompilerThread0" daemon [_thread_in_native, id=24308, stack(0x0000002c4cb00000,0x0000002c4cc00000)]
  0x000001547d3c4790 JavaThread "C1 CompilerThread0" daemon [_thread_blocked, id=40972, stack(0x0000002c4cc00000,0x0000002c4cd00000)]
  0x000001547d3d5d80 JavaThread "Sweeper thread" daemon [_thread_blocked, id=21664, stack(0x0000002c4cd00000,0x0000002c4ce00000)]
  0x000001547e0be270 JavaThread "Notification Thread" daemon [_thread_blocked, id=37656, stack(0x0000002c4ce00000,0x0000002c4cf00000)]
  0x000001547e0d0160 JavaThread "Common-Cleaner" daemon [_thread_blocked, id=31312, stack(0x0000002c4d000000,0x0000002c4d100000)]
  0x000001547e9469d0 JavaThread "ReaderThread" [_thread_in_native, id=20884, stack(0x0000002c4d300000,0x0000002c4d400000)]
  0x000001547fc33af0 JavaThread "ForkJoinPool.commonPool-worker-1" daemon [_thread_blocked, id=36336, stack(0x0000002c4d100000,0x0000002c4d200000)]
  0x000001547f24f880 JavaThread "AsyncHttpClient-1-1" daemon [_thread_blocked, id=38196, stack(0x0000002c4d700000,0x0000002c4d800000)]
  0x000001547f309c40 JavaThread "C2 CompilerThread1" daemon [_thread_blocked, id=36160, stack(0x0000002c4d800000,0x0000002c4d900000)]
  0x000001547f38a590 JavaThread "Driver Service Executor" daemon [_thread_blocked, id=19100, stack(0x0000002c4d900000,0x0000002c4da00000)]
  0x000001547f38da80 JavaThread "Driver Service Executor" daemon [_thread_blocked, id=41428, stack(0x0000002c4da00000,0x0000002c4db00000)]
  0x000001547f38a0c0 JavaThread "UrlChecker-2" daemon [_thread_blocked, id=39052, stack(0x0000002c4db00000,0x0000002c4dc00000)]

Other Threads:
  0x000001547d397d80 VMThread "VM Thread" [stack: 0x0000002c4c400000,0x0000002c4c500000] [id=36652]
  0x000001547e03d160 WatcherThread [stack: 0x0000002c4cf00000,0x0000002c4d000000] [id=21004]
  0x000001546ed96660 GCTaskThread "GC Thread#0" [stack: 0x0000002c4bf00000,0x0000002c4c000000] [id=1348]
  0x000001547e9e4a50 GCTaskThread "GC Thread#1" [stack: 0x0000002c4d400000,0x0000002c4d500000] [id=36968]
  0x000001547e9e4d00 GCTaskThread "GC Thread#2" [stack: 0x0000002c4d500000,0x0000002c4d600000] [id=42180]
  0x000001547e9e4fb0 GCTaskThread "GC Thread#3" [stack: 0x0000002c4d600000,0x0000002c4d700000] [id=39800]
  0x000001546eda7400 ConcurrentGCThread "G1 Main Marker" [stack: 0x0000002c4c000000,0x0000002c4c100000] [id=9696]
  0x000001546eda7e10 ConcurrentGCThread "G1 Conc#0" [stack: 0x0000002c4c100000,0x0000002c4c200000] [id=33344]
  0x000001546ee017f0 ConcurrentGCThread "G1 Refine#0" [stack: 0x0000002c4c200000,0x0000002c4c300000] [id=25524]
  0x000001546ee02210 ConcurrentGCThread "G1 Service" [stack: 0x0000002c4c300000,0x0000002c4c400000] [id=19848]

Threads with active compile tasks:
C2 CompilerThread0     2054 2045       4       java.lang.invoke.MethodType::makeImpl (109 bytes)

VM state: not at safepoint (normal execution)

VM Mutex/Monitor currently owned by a thread: None

Heap address: 0x0000000084a00000, size: 1974 MB, Compressed Oops mode: 32-bit

CDS archive(s) mapped at: [0x0000000800000000-0x0000000800bc0000-0x0000000800bc0000), size 12320768, SharedBaseAddress: 0x0000000800000000, ArchiveRelocationMode: 0.
Compressed class space mapped at: 0x0000000800c00000-0x0000000840c00000, reserved size: 1073741824
Narrow klass base: 0x0000000800000000, Narrow klass shift: 0, Narrow klass range: 0x100000000

GC Precious Log:
 CPUs: 4 total, 4 available
 Memory: 7894M
 Large Page Support: Disabled
 NUMA Support: Disabled
 Compressed Oops: Enabled (32-bit)
 Heap Region Size: 1M
 Heap Min Capacity: 8M
 Heap Initial Capacity: 124M
 Heap Max Capacity: 1974M
 Pre-touch: Disabled
 Parallel Workers: 4
 Concurrent Workers: 1
 Concurrent Refinement Workers: 4
 Periodic GC: Disabled

Heap:
 garbage-first heap   total 126976K, used 18076K [0x0000000084a00000, 0x0000000100000000)
  region size 1024K, 13 young (13312K), 4 survivors (4096K)
 Metaspace       used 18522K, committed 18880K, reserved 1073152K
  class space    used 2222K, committed 2368K, reserved 1048576K

Heap Regions: E=young(eden), S=young(survivor), O=old, HS=humongous(starts), HC=humongous(continues), CS=collection set, F=free, OA=open archive, CA=closed archive, TAMS=top-at-mark-start (previous, next)
|   0|0x0000000084a00000, 0x0000000084b00000, 0x0000000084b00000|100%| O|  |TAMS 0x0000000084a00000, 0x0000000084a00000| Untracked 
|   1|0x0000000084b00000, 0x0000000084c00000, 0x0000000084c00000|100%| O|  |TAMS 0x0000000084b00000, 0x0000000084b00000| Untracked 
|   2|0x0000000084c00000, 0x0000000084d00000, 0x0000000084d00000|100%| O|  |TAMS 0x0000000084c00000, 0x0000000084c00000| Untracked 
|   3|0x0000000084d00000, 0x0000000084e00000, 0x0000000084e00000|100%| O|  |TAMS 0x0000000084d00000, 0x0000000084d00000| Untracked 
|   4|0x0000000084e00000, 0x0000000084f00000, 0x0000000084f00000|100%| O|  |TAMS 0x0000000084e00000, 0x0000000084e00000| Untracked 
|   5|0x0000000084f00000, 0x0000000084faec00, 0x0000000085000000| 68%| O|  |TAMS 0x0000000084f00000, 0x0000000084f00000| Untracked 
|   6|0x0000000085000000, 0x0000000085000000, 0x0000000085100000|  0%| F|  |TAMS 0x0000000085000000, 0x0000000085000000| Untracked 
|   7|0x0000000085100000, 0x0000000085100000, 0x0000000085200000|  0%| F|  |TAMS 0x0000000085100000, 0x0000000085100000| Untracked 
|   8|0x0000000085200000, 0x0000000085200000, 0x0000000085300000|  0%| F|  |TAMS 0x0000000085200000, 0x0000000085200000| Untracked 
|   9|0x0000000085300000, 0x0000000085300000, 0x0000000085400000|  0%| F|  |TAMS 0x0000000085300000, 0x0000000085300000| Untracked 
|  10|0x0000000085400000, 0x0000000085400000, 0x0000000085500000|  0%| F|  |TAMS 0x0000000085400000, 0x0000000085400000| Untracked 
|  11|0x0000000085500000, 0x0000000085500000, 0x0000000085600000|  0%| F|  |TAMS 0x0000000085500000, 0x0000000085500000| Untracked 
|  12|0x0000000085600000, 0x0000000085600000, 0x0000000085700000|  0%| F|  |TAMS 0x0000000085600000, 0x0000000085600000| Untracked 
|  13|0x0000000085700000, 0x0000000085700000, 0x0000000085800000|  0%| F|  |TAMS 0x0000000085700000, 0x0000000085700000| Untracked 
|  14|0x0000000085800000, 0x0000000085800000, 0x0000000085900000|  0%| F|  |TAMS 0x0000000085800000, 0x0000000085800000| Untracked 
|  15|0x0000000085900000, 0x0000000085900000, 0x0000000085a00000|  0%| F|  |TAMS 0x0000000085900000, 0x0000000085900000| Untracked 
|  16|0x0000000085a00000, 0x0000000085a00000, 0x0000000085b00000|  0%| F|  |TAMS 0x0000000085a00000, 0x0000000085a00000| Untracked 
|  17|0x0000000085b00000, 0x0000000085b00000, 0x0000000085c00000|  0%| F|  |TAMS 0x0000000085b00000, 0x0000000085b00000| Untracked 
|  18|0x0000000085c00000, 0x0000000085c00000, 0x0000000085d00000|  0%| F|  |TAMS 0x0000000085c00000, 0x0000000085c00000| Untracked 
|  19|0x0000000085d00000, 0x0000000085d00000, 0x0000000085e00000|  0%| F|  |TAMS 0x0000000085d00000, 0x0000000085d00000| Untracked 
|  20|0x0000000085e00000, 0x0000000085e00000, 0x0000000085f00000|  0%| F|  |TAMS 0x0000000085e00000, 0x0000000085e00000| Untracked 
|  21|0x0000000085f00000, 0x0000000085f00000, 0x0000000086000000|  0%| F|  |TAMS 0x0000000085f00000, 0x0000000085f00000| Untracked 
|  22|0x0000000086000000, 0x0000000086000000, 0x0000000086100000|  0%| F|  |TAMS 0x0000000086000000, 0x0000000086000000| Untracked 
|  23|0x0000000086100000, 0x0000000086100000, 0x0000000086200000|  0%| F|  |TAMS 0x0000000086100000, 0x0000000086100000| Untracked 
|  24|0x0000000086200000, 0x0000000086200000, 0x0000000086300000|  0%| F|  |TAMS 0x0000000086200000, 0x0000000086200000| Untracked 
|  25|0x0000000086300000, 0x0000000086300000, 0x0000000086400000|  0%| F|  |TAMS 0x0000000086300000, 0x0000000086300000| Untracked 
|  26|0x0000000086400000, 0x0000000086400000, 0x0000000086500000|  0%| F|  |TAMS 0x0000000086400000, 0x0000000086400000| Untracked 
|  27|0x0000000086500000, 0x0000000086500000, 0x0000000086600000|  0%| F|  |TAMS 0x0000000086500000, 0x0000000086500000| Untracked 
|  28|0x0000000086600000, 0x0000000086600000, 0x0000000086700000|  0%| F|  |TAMS 0x0000000086600000, 0x0000000086600000| Untracked 
|  29|0x0000000086700000, 0x0000000086700000, 0x0000000086800000|  0%| F|  |TAMS 0x0000000086700000, 0x0000000086700000| Untracked 
|  30|0x0000000086800000, 0x0000000086800000, 0x0000000086900000|  0%| F|  |TAMS 0x0000000086800000, 0x0000000086800000| Untracked 
|  31|0x0000000086900000, 0x0000000086900000, 0x0000000086a00000|  0%| F|  |TAMS 0x0000000086900000, 0x0000000086900000| Untracked 
|  32|0x0000000086a00000, 0x0000000086a00000, 0x0000000086b00000|  0%| F|  |TAMS 0x0000000086a00000, 0x0000000086a00000| Untracked 
|  33|0x0000000086b00000, 0x0000000086b00000, 0x0000000086c00000|  0%| F|  |TAMS 0x0000000086b00000, 0x0000000086b00000| Untracked 
|  34|0x0000000086c00000, 0x0000000086c00000, 0x0000000086d00000|  0%| F|  |TAMS 0x0000000086c00000, 0x0000000086c00000| Untracked 
|  35|0x0000000086d00000, 0x0000000086d00000, 0x0000000086e00000|  0%| F|  |TAMS 0x0000000086d00000, 0x0000000086d00000| Untracked 
|  36|0x0000000086e00000, 0x0000000086e00000, 0x0000000086f00000|  0%| F|  |TAMS 0x0000000086e00000, 0x0000000086e00000| Untracked 
|  37|0x0000000086f00000, 0x0000000086f00000, 0x0000000087000000|  0%| F|  |TAMS 0x0000000086f00000, 0x0000000086f00000| Untracked 
|  38|0x0000000087000000, 0x0000000087000000, 0x0000000087100000|  0%| F|  |TAMS 0x0000000087000000, 0x0000000087000000| Untracked 
|  39|0x0000000087100000, 0x0000000087100000, 0x0000000087200000|  0%| F|  |TAMS 0x0000000087100000, 0x0000000087100000| Untracked 
|  40|0x0000000087200000, 0x0000000087200000, 0x0000000087300000|  0%| F|  |TAMS 0x0000000087200000, 0x0000000087200000| Untracked 
|  41|0x0000000087300000, 0x0000000087300000, 0x0000000087400000|  0%| F|  |TAMS 0x0000000087300000, 0x0000000087300000| Untracked 
|  42|0x0000000087400000, 0x0000000087400000, 0x0000000087500000|  0%| F|  |TAMS 0x0000000087400000, 0x0000000087400000| Untracked 
|  43|0x0000000087500000, 0x0000000087500000, 0x0000000087600000|  0%| F|  |TAMS 0x0000000087500000, 0x0000000087500000| Untracked 
|  44|0x0000000087600000, 0x0000000087600000, 0x0000000087700000|  0%| F|  |TAMS 0x0000000087600000, 0x0000000087600000| Untracked 
|  45|0x0000000087700000, 0x0000000087700000, 0x0000000087800000|  0%| F|  |TAMS 0x0000000087700000, 0x0000000087700000| Untracked 
|  46|0x0000000087800000, 0x0000000087800000, 0x0000000087900000|  0%| F|  |TAMS 0x0000000087800000, 0x0000000087800000| Untracked 
|  47|0x0000000087900000, 0x0000000087900000, 0x0000000087a00000|  0%| F|  |TAMS 0x0000000087900000, 0x0000000087900000| Untracked 
|  48|0x0000000087a00000, 0x0000000087a00000, 0x0000000087b00000|  0%| F|  |TAMS 0x0000000087a00000, 0x0000000087a00000| Untracked 
|  49|0x0000000087b00000, 0x0000000087b00000, 0x0000000087c00000|  0%| F|  |TAMS 0x0000000087b00000, 0x0000000087b00000| Untracked 
|  50|0x0000000087c00000, 0x0000000087c00000, 0x0000000087d00000|  0%| F|  |TAMS 0x0000000087c00000, 0x0000000087c00000| Untracked 
|  51|0x0000000087d00000, 0x0000000087d00000, 0x0000000087e00000|  0%| F|  |TAMS 0x0000000087d00000, 0x0000000087d00000| Untracked 
|  52|0x0000000087e00000, 0x0000000087e00000, 0x0000000087f00000|  0%| F|  |TAMS 0x0000000087e00000, 0x0000000087e00000| Untracked 
|  53|0x0000000087f00000, 0x0000000087f00000, 0x0000000088000000|  0%| F|  |TAMS 0x0000000087f00000, 0x0000000087f00000| Untracked 
|  54|0x0000000088000000, 0x0000000088000000, 0x0000000088100000|  0%| F|  |TAMS 0x0000000088000000, 0x0000000088000000| Untracked 
|  55|0x0000000088100000, 0x0000000088100000, 0x0000000088200000|  0%| F|  |TAMS 0x0000000088100000, 0x0000000088100000| Untracked 
|  56|0x0000000088200000, 0x0000000088200000, 0x0000000088300000|  0%| F|  |TAMS 0x0000000088200000, 0x0000000088200000| Untracked 
|  57|0x0000000088300000, 0x0000000088300000, 0x0000000088400000|  0%| F|  |TAMS 0x0000000088300000, 0x0000000088300000| Untracked 
|  58|0x0000000088400000, 0x0000000088400000, 0x0000000088500000|  0%| F|  |TAMS 0x0000000088400000, 0x0000000088400000| Untracked 
|  59|0x0000000088500000, 0x0000000088500000, 0x0000000088600000|  0%| F|  |TAMS 0x0000000088500000, 0x0000000088500000| Untracked 
|  60|0x0000000088600000, 0x0000000088600000, 0x0000000088700000|  0%| F|  |TAMS 0x0000000088600000, 0x0000000088600000| Untracked 
|  61|0x0000000088700000, 0x0000000088700000, 0x0000000088800000|  0%| F|  |TAMS 0x0000000088700000, 0x0000000088700000| Untracked 
|  62|0x0000000088800000, 0x0000000088800000, 0x0000000088900000|  0%| F|  |TAMS 0x0000000088800000, 0x0000000088800000| Untracked 
|  63|0x0000000088900000, 0x0000000088900000, 0x0000000088a00000|  0%| F|  |TAMS 0x0000000088900000, 0x0000000088900000| Untracked 
|  64|0x0000000088a00000, 0x0000000088a00000, 0x0000000088b00000|  0%| F|  |TAMS 0x0000000088a00000, 0x0000000088a00000| Untracked 
|  65|0x0000000088b00000, 0x0000000088b00000, 0x0000000088c00000|  0%| F|  |TAMS 0x0000000088b00000, 0x0000000088b00000| Untracked 
|  66|0x0000000088c00000, 0x0000000088c00000, 0x0000000088d00000|  0%| F|  |TAMS 0x0000000088c00000, 0x0000000088c00000| Untracked 
|  67|0x0000000088d00000, 0x0000000088d00000, 0x0000000088e00000|  0%| F|  |TAMS 0x0000000088d00000, 0x0000000088d00000| Untracked 
|  68|0x0000000088e00000, 0x0000000088e00000, 0x0000000088f00000|  0%| F|  |TAMS 0x0000000088e00000, 0x0000000088e00000| Untracked 
|  69|0x0000000088f00000, 0x0000000088f00000, 0x0000000089000000|  0%| F|  |TAMS 0x0000000088f00000, 0x0000000088f00000| Untracked 
|  70|0x0000000089000000, 0x0000000089000000, 0x0000000089100000|  0%| F|  |TAMS 0x0000000089000000, 0x0000000089000000| Untracked 
|  71|0x0000000089100000, 0x0000000089100000, 0x0000000089200000|  0%| F|  |TAMS 0x0000000089100000, 0x0000000089100000| Untracked 
|  72|0x0000000089200000, 0x0000000089200000, 0x0000000089300000|  0%| F|  |TAMS 0x0000000089200000, 0x0000000089200000| Untracked 
|  73|0x0000000089300000, 0x0000000089300000, 0x0000000089400000|  0%| F|  |TAMS 0x0000000089300000, 0x0000000089300000| Untracked 
|  74|0x0000000089400000, 0x0000000089400000, 0x0000000089500000|  0%| F|  |TAMS 0x0000000089400000, 0x0000000089400000| Untracked 
|  75|0x0000000089500000, 0x0000000089500000, 0x0000000089600000|  0%| F|  |TAMS 0x0000000089500000, 0x0000000089500000| Untracked 
|  76|0x0000000089600000, 0x0000000089600000, 0x0000000089700000|  0%| F|  |TAMS 0x0000000089600000, 0x0000000089600000| Untracked 
|  77|0x0000000089700000, 0x0000000089700000, 0x0000000089800000|  0%| F|  |TAMS 0x0000000089700000, 0x0000000089700000| Untracked 
|  78|0x0000000089800000, 0x0000000089800000, 0x0000000089900000|  0%| F|  |TAMS 0x0000000089800000, 0x0000000089800000| Untracked 
|  79|0x0000000089900000, 0x0000000089900000, 0x0000000089a00000|  0%| F|  |TAMS 0x0000000089900000, 0x0000000089900000| Untracked 
|  80|0x0000000089a00000, 0x0000000089a00000, 0x0000000089b00000|  0%| F|  |TAMS 0x0000000089a00000, 0x0000000089a00000| Untracked 
|  81|0x0000000089b00000, 0x0000000089b00000, 0x0000000089c00000|  0%| F|  |TAMS 0x0000000089b00000, 0x0000000089b00000| Untracked 
|  82|0x0000000089c00000, 0x0000000089c00000, 0x0000000089d00000|  0%| F|  |TAMS 0x0000000089c00000, 0x0000000089c00000| Untracked 
|  83|0x0000000089d00000, 0x0000000089d00000, 0x0000000089e00000|  0%| F|  |TAMS 0x0000000089d00000, 0x0000000089d00000| Untracked 
|  84|0x0000000089e00000, 0x0000000089e00000, 0x0000000089f00000|  0%| F|  |TAMS 0x0000000089e00000, 0x0000000089e00000| Untracked 
|  85|0x0000000089f00000, 0x0000000089f00000, 0x000000008a000000|  0%| F|  |TAMS 0x0000000089f00000, 0x0000000089f00000| Untracked 
|  86|0x000000008a000000, 0x000000008a000000, 0x000000008a100000|  0%| F|  |TAMS 0x000000008a000000, 0x000000008a000000| Untracked 
|  87|0x000000008a100000, 0x000000008a100000, 0x000000008a200000|  0%| F|  |TAMS 0x000000008a100000, 0x000000008a100000| Untracked 
|  88|0x000000008a200000, 0x000000008a200000, 0x000000008a300000|  0%| F|  |TAMS 0x000000008a200000, 0x000000008a200000| Untracked 
|  89|0x000000008a300000, 0x000000008a300000, 0x000000008a400000|  0%| F|  |TAMS 0x000000008a300000, 0x000000008a300000| Untracked 
|  90|0x000000008a400000, 0x000000008a400000, 0x000000008a500000|  0%| F|  |TAMS 0x000000008a400000, 0x000000008a400000| Untracked 
|  91|0x000000008a500000, 0x000000008a500000, 0x000000008a600000|  0%| F|  |TAMS 0x000000008a500000, 0x000000008a500000| Untracked 
|  92|0x000000008a600000, 0x000000008a600000, 0x000000008a700000|  0%| F|  |TAMS 0x000000008a600000, 0x000000008a600000| Untracked 
|  93|0x000000008a700000, 0x000000008a700000, 0x000000008a800000|  0%| F|  |TAMS 0x000000008a700000, 0x000000008a700000| Untracked 
|  94|0x000000008a800000, 0x000000008a800000, 0x000000008a900000|  0%| F|  |TAMS 0x000000008a800000, 0x000000008a800000| Untracked 
|  95|0x000000008a900000, 0x000000008a9f8558, 0x000000008aa00000| 97%| S|CS|TAMS 0x000000008a900000, 0x000000008a900000| Complete 
|  96|0x000000008aa00000, 0x000000008ab00000, 0x000000008ab00000|100%| S|CS|TAMS 0x000000008aa00000, 0x000000008aa00000| Complete 
|  97|0x000000008ab00000, 0x000000008ac00000, 0x000000008ac00000|100%| S|CS|TAMS 0x000000008ab00000, 0x000000008ab00000| Complete 
|  98|0x000000008ac00000, 0x000000008ad00000, 0x000000008ad00000|100%| S|CS|TAMS 0x000000008ac00000, 0x000000008ac00000| Complete 
|  99|0x000000008ad00000, 0x000000008ad00000, 0x000000008ae00000|  0%| F|  |TAMS 0x000000008ad00000, 0x000000008ad00000| Untracked 
| 100|0x000000008ae00000, 0x000000008ae00000, 0x000000008af00000|  0%| F|  |TAMS 0x000000008ae00000, 0x000000008ae00000| Untracked 
| 101|0x000000008af00000, 0x000000008af00000, 0x000000008b000000|  0%| F|  |TAMS 0x000000008af00000, 0x000000008af00000| Untracked 
| 102|0x000000008b000000, 0x000000008b000000, 0x000000008b100000|  0%| F|  |TAMS 0x000000008b000000, 0x000000008b000000| Untracked 
| 103|0x000000008b100000, 0x000000008b100000, 0x000000008b200000|  0%| F|  |TAMS 0x000000008b100000, 0x000000008b100000| Untracked 
| 104|0x000000008b200000, 0x000000008b200000, 0x000000008b300000|  0%| F|  |TAMS 0x000000008b200000, 0x000000008b200000| Untracked 
| 105|0x000000008b300000, 0x000000008b300000, 0x000000008b400000|  0%| F|  |TAMS 0x000000008b300000, 0x000000008b300000| Untracked 
| 106|0x000000008b400000, 0x000000008b400000, 0x000000008b500000|  0%| F|  |TAMS 0x000000008b400000, 0x000000008b400000| Untracked 
| 107|0x000000008b500000, 0x000000008b500000, 0x000000008b600000|  0%| F|  |TAMS 0x000000008b500000, 0x000000008b500000| Untracked 
| 108|0x000000008b600000, 0x000000008b600000, 0x000000008b700000|  0%| F|  |TAMS 0x000000008b600000, 0x000000008b600000| Untracked 
| 109|0x000000008b700000, 0x000000008b700000, 0x000000008b800000|  0%| F|  |TAMS 0x000000008b700000, 0x000000008b700000| Untracked 
| 110|0x000000008b800000, 0x000000008b800000, 0x000000008b900000|  0%| F|  |TAMS 0x000000008b800000, 0x000000008b800000| Untracked 
| 111|0x000000008b900000, 0x000000008b900000, 0x000000008ba00000|  0%| F|  |TAMS 0x000000008b900000, 0x000000008b900000| Untracked 
| 112|0x000000008ba00000, 0x000000008ba00000, 0x000000008bb00000|  0%| F|  |TAMS 0x000000008ba00000, 0x000000008ba00000| Untracked 
| 113|0x000000008bb00000, 0x000000008bb00000, 0x000000008bc00000|  0%| F|  |TAMS 0x000000008bb00000, 0x000000008bb00000| Untracked 
| 114|0x000000008bc00000, 0x000000008bc00000, 0x000000008bd00000|  0%| F|  |TAMS 0x000000008bc00000, 0x000000008bc00000| Untracked 
| 115|0x000000008bd00000, 0x000000008be00000, 0x000000008be00000|100%| E|  |TAMS 0x000000008bd00000, 0x000000008bd00000| Complete 
| 116|0x000000008be00000, 0x000000008bf00000, 0x000000008bf00000|100%| E|CS|TAMS 0x000000008be00000, 0x000000008be00000| Complete 
| 117|0x000000008bf00000, 0x000000008c000000, 0x000000008c000000|100%| E|CS|TAMS 0x000000008bf00000, 0x000000008bf00000| Complete 
| 118|0x000000008c000000, 0x000000008c100000, 0x000000008c100000|100%| E|CS|TAMS 0x000000008c000000, 0x000000008c000000| Complete 
| 119|0x000000008c100000, 0x000000008c200000, 0x000000008c200000|100%| E|CS|TAMS 0x000000008c100000, 0x000000008c100000| Complete 
| 120|0x000000008c200000, 0x000000008c300000, 0x000000008c300000|100%| E|CS|TAMS 0x000000008c200000, 0x000000008c200000| Complete 
| 121|0x000000008c300000, 0x000000008c400000, 0x000000008c400000|100%| E|CS|TAMS 0x000000008c300000, 0x000000008c300000| Complete 
| 122|0x000000008c400000, 0x000000008c500000, 0x000000008c500000|100%| E|CS|TAMS 0x000000008c400000, 0x000000008c400000| Complete 
| 123|0x000000008c500000, 0x000000008c600000, 0x000000008c600000|100%| E|CS|TAMS 0x000000008c500000, 0x000000008c500000| Complete 

Card table byte_map: [0x0000015476990000,0x0000015476d70000] _byte_map_base: 0x000001547656b000

Marking Bits (Prev, Next): (CMBitMap*) 0x000001546ed96c70, (CMBitMap*) 0x000001546ed96cb0
 Prev Bits: [0x0000015477150000, 0x0000015479028000)
 Next Bits: [0x0000015479030000, 0x000001547af08000)

Polling page: 0x000001546cd40000

Metaspace:

Usage:
  Non-class:     15.94 MB used.
      Class:      2.17 MB used.
       Both:     18.11 MB used.

Virtual space:
  Non-class space:       24.00 MB reserved,      16.12 MB ( 67%) committed,  3 nodes.
      Class space:        1.00 GB reserved,       2.31 MB ( <1%) committed,  1 nodes.
             Both:        1.02 GB reserved,      18.44 MB (  2%) committed. 

Chunk freelists:
   Non-Class:  3.92 MB
       Class:  1.73 MB
        Both:  5.66 MB

MaxMetaspaceSize: unlimited
CompressedClassSpaceSize: 1.00 GB
Initial GC threshold: 21.00 MB
Current GC threshold: 21.00 MB
CDS: on
MetaspaceReclaimPolicy: balanced
 - commit_granule_bytes: 65536.
 - commit_granule_words: 8192.
 - virtual_space_node_default_size: 1048576.
 - enlarge_chunks_in_place: 1.
 - new_chunks_are_fully_committed: 0.
 - uncommit_free_chunks: 1.
 - use_allocation_guard: 0.
 - handle_deallocations: 1.


Internal statistics:

num_allocs_failed_limit: 0.
num_arena_births: 290.
num_arena_deaths: 0.
num_vsnodes_births: 4.
num_vsnodes_deaths: 0.
num_space_committed: 295.
num_space_uncommitted: 0.
num_chunks_returned_to_freelist: 0.
num_chunks_taken_from_freelist: 742.
num_chunk_merges: 0.
num_chunk_splits: 485.
num_chunks_enlarged: 350.
num_purges: 0.
num_inconsistent_stats: 0.

CodeHeap 'non-profiled nmethods': size=120000Kb used=835Kb max_used=835Kb free=119165Kb
 bounds [0x0000015407ad0000, 0x0000015407d40000, 0x000001540f000000]
CodeHeap 'profiled nmethods': size=120000Kb used=4173Kb max_used=4173Kb free=115826Kb
 bounds [0x00000154005a0000, 0x00000154009c0000, 0x0000015407ad0000]
CodeHeap 'non-nmethods': size=5760Kb used=1281Kb max_used=1295Kb free=4478Kb
 bounds [0x0000015400000000, 0x0000015400270000, 0x00000154005a0000]
 total_blobs=2716 nmethods=2134 adapters=494
 compilation: enabled
              stopped_count=0, restarted_count=0
 full_count=0

Compilation events (20 events):
Event: 2.033 Thread 0x000001547d3c4790 nmethod 2076 0x0000015400984990 code [0x0000015400984b40, 0x0000015400984dc8]
Event: 2.033 Thread 0x000001547d3c4790 2077       3       sun.util.locale.BaseLocale::getInstance (149 bytes)
Event: 2.034 Thread 0x000001547d3c4790 nmethod 2077 0x0000015400984f10 code [0x0000015400985180, 0x0000015400985c28]
Event: 2.034 Thread 0x000001547d3c4790 2081       3       sun.util.locale.BaseLocale$Key::hashCode (178 bytes)
Event: 2.034 Thread 0x000001547f309c40 2083   !   4       java.lang.ref.ReferenceQueue::poll (28 bytes)
Event: 2.035 Thread 0x000001547d3c4790 nmethod 2081 0x0000015400986010 code [0x0000015400986420, 0x0000015400988498]
Event: 2.035 Thread 0x000001547d3c4790 2078       3       sun.util.locale.LocaleObjectCache::get (126 bytes)
Event: 2.036 Thread 0x000001547d3c4790 nmethod 2078 0x0000015400989210 code [0x00000154009894e0, 0x000001540098a868]
Event: 2.036 Thread 0x000001547d3c4790 2079       3       sun.util.locale.LocaleObjectCache::cleanStaleEntries (34 bytes)
Event: 2.036 Thread 0x000001547d3c4790 nmethod 2079 0x000001540098ad90 code [0x000001540098af80, 0x000001540098b598]
Event: 2.036 Thread 0x000001547d3c4790 2080       3       sun.util.locale.BaseLocale::<init> (76 bytes)
Event: 2.036 Thread 0x000001547d3c4790 nmethod 2080 0x000001540098b790 code [0x000001540098b9c0, 0x000001540098bfe8]
Event: 2.036 Thread 0x000001547d3c4790 2082       3       sun.util.locale.LocaleObjectCache$CacheEntry::<init> (12 bytes)
Event: 2.037 Thread 0x000001547d3c4790 nmethod 2082 0x000001540098c210 code [0x000001540098c3c0, 0x000001540098c778]
Event: 2.037 Thread 0x000001547f309c40 nmethod 2083 0x0000015407b9e610 code [0x0000015407b9e7a0, 0x0000015407b9ed08]
Event: 2.037 Thread 0x000001547d3c4790 2084       3       java.util.Locale::<init> (15 bytes)
Event: 2.037 Thread 0x000001547d3c4790 nmethod 2084 0x000001540098c890 code [0x000001540098ca40, 0x000001540098cc58]
Event: 2.037 Thread 0x000001547d3c4790 2086       3       sun.util.locale.LocaleUtils::toUpperString (95 bytes)
Event: 2.038 Thread 0x000001547d3c4790 nmethod 2086 0x000001540098cd10 code [0x000001540098cfe0, 0x000001540098e1a8]
Event: 2.038 Thread 0x000001547d3c4790 2089       3       sun.util.locale.LocaleUtils::toTitleString (139 bytes)

GC Heap History (6 events):
Event: 0.617 GC heap before
{Heap before GC invocations=0 (full 0):
 garbage-first heap   total 126976K, used 13312K [0x0000000084a00000, 0x0000000100000000)
  region size 1024K, 13 young (13312K), 0 survivors (0K)
 Metaspace       used 4830K, committed 5056K, reserved 1056768K
  class space    used 507K, committed 640K, reserved 1048576K
}
Event: 0.620 GC heap after
{Heap after GC invocations=1 (full 0):
 garbage-first heap   total 126976K, used 6122K [0x0000000084a00000, 0x0000000100000000)
  region size 1024K, 2 young (2048K), 2 survivors (2048K)
 Metaspace       used 4830K, committed 5056K, reserved 1056768K
  class space    used 507K, committed 640K, reserved 1048576K
}
Event: 0.943 GC heap before
{Heap before GC invocations=1 (full 0):
 garbage-first heap   total 126976K, used 18410K [0x0000000084a00000, 0x0000000100000000)
  region size 1024K, 14 young (14336K), 2 survivors (2048K)
 Metaspace       used 8101K, committed 8384K, reserved 1056768K
  class space    used 948K, committed 1088K, reserved 1048576K
}
Event: 0.946 GC heap after
{Heap after GC invocations=2 (full 0):
 garbage-first heap   total 126976K, used 7118K [0x0000000084a00000, 0x0000000100000000)
  region size 1024K, 2 young (2048K), 2 survivors (2048K)
 Metaspace       used 8101K, committed 8384K, reserved 1056768K
  class space    used 948K, committed 1088K, reserved 1048576K
}
Event: 1.866 GC heap before
{Heap before GC invocations=2 (full 0):
 garbage-first heap   total 126976K, used 30670K [0x0000000084a00000, 0x0000000100000000)
  region size 1024K, 25 young (25600K), 2 survivors (2048K)
 Metaspace       used 16845K, committed 17088K, reserved 1064960K
  class space    used 2015K, committed 2112K, reserved 1048576K
}
Event: 1.870 GC heap after
{Heap after GC invocations=3 (full 0):
 garbage-first heap   total 126976K, used 9884K [0x0000000084a00000, 0x0000000100000000)
  region size 1024K, 4 young (4096K), 4 survivors (4096K)
 Metaspace       used 16845K, committed 17088K, reserved 1064960K
  class space    used 2015K, committed 2112K, reserved 1048576K
}

Deoptimization events (20 events):
Event: 1.973 Thread 0x000001547f38a0c0 Uncommon trap: trap_request=0xffffffde fr.pc=0x0000015407b912b4 relative=0x0000000000000454
Event: 1.973 Thread 0x000001547f38a0c0 Uncommon trap: reason=class_check action=maybe_recompile pc=0x0000015407b912b4 method=java.util.regex.Pattern$Start.match(Ljava/util/regex/Matcher;ILjava/lang/CharSequence;)Z @ 44 c2
Event: 1.973 Thread 0x000001547f38a0c0 DEOPT PACKING pc=0x0000015407b912b4 sp=0x0000002c4dbfe540
Event: 1.973 Thread 0x000001547f38a0c0 DEOPT UNPACKING pc=0x0000015400055c23 sp=0x0000002c4dbfe480 mode 2
Event: 1.977 Thread 0x000001546ed3d870 Uncommon trap: trap_request=0xffffff45 fr.pc=0x0000015407b4672c relative=0x0000000000000e0c
Event: 1.977 Thread 0x000001546ed3d870 Uncommon trap: reason=unstable_if action=reinterpret pc=0x0000015407b4672c method=java.util.concurrent.ConcurrentHashMap.putVal(Ljava/lang/Object;Ljava/lang/Object;Z)Ljava/lang/Object; @ 231 c2
Event: 1.977 Thread 0x000001546ed3d870 DEOPT PACKING pc=0x0000015407b4672c sp=0x0000002c4befd930
Event: 1.977 Thread 0x000001546ed3d870 DEOPT UNPACKING pc=0x0000015400055c23 sp=0x0000002c4befd8a0 mode 2
Event: 1.982 Thread 0x000001546ed3d870 Uncommon trap: trap_request=0xffffffde fr.pc=0x0000015407b912b4 relative=0x0000000000000454
Event: 1.982 Thread 0x000001546ed3d870 Uncommon trap: reason=class_check action=maybe_recompile pc=0x0000015407b912b4 method=java.util.regex.Pattern$Start.match(Ljava/util/regex/Matcher;ILjava/lang/CharSequence;)Z @ 44 c2
Event: 1.982 Thread 0x000001546ed3d870 DEOPT PACKING pc=0x0000015407b912b4 sp=0x0000002c4befe7f0
Event: 1.982 Thread 0x000001546ed3d870 DEOPT UNPACKING pc=0x0000015400055c23 sp=0x0000002c4befe730 mode 2
Event: 1.982 Thread 0x000001546ed3d870 Uncommon trap: trap_request=0xffffffde fr.pc=0x0000015407b912b4 relative=0x0000000000000454
Event: 1.982 Thread 0x000001546ed3d870 Uncommon trap: reason=class_check action=maybe_recompile pc=0x0000015407b912b4 method=java.util.regex.Pattern$Start.match(Ljava/util/regex/Matcher;ILjava/lang/CharSequence;)Z @ 44 c2
Event: 1.982 Thread 0x000001546ed3d870 DEOPT PACKING pc=0x0000015407b912b4 sp=0x0000002c4befe7f0
Event: 1.982 Thread 0x000001546ed3d870 DEOPT UNPACKING pc=0x0000015400055c23 sp=0x0000002c4befe730 mode 2
Event: 1.982 Thread 0x000001546ed3d870 Uncommon trap: trap_request=0xffffffde fr.pc=0x0000015407b912b4 relative=0x0000000000000454
Event: 1.982 Thread 0x000001546ed3d870 Uncommon trap: reason=class_check action=maybe_recompile pc=0x0000015407b912b4 method=java.util.regex.Pattern$Start.match(Ljava/util/regex/Matcher;ILjava/lang/CharSequence;)Z @ 44 c2
Event: 1.982 Thread 0x000001546ed3d870 DEOPT PACKING pc=0x0000015407b912b4 sp=0x0000002c4befe7f0
Event: 1.982 Thread 0x000001546ed3d870 DEOPT UNPACKING pc=0x0000015400055c23 sp=0x0000002c4befe730 mode 2

Classes unloaded (0 events):
No events

Classes redefined (0 events):
No events

Internal exceptions (20 events):
Event: 1.057 Thread 0x000001546ed3d870 Exception <a 'java/lang/NoSuchMethodError'{0x000000008c353080}: 'java.lang.Object java.lang.invoke.DirectMethodHandle$Holder.invokeStatic(java.lang.Object, java.lang.Object, long, java.lang.Object)'> (0x000000008c353080) 
thrown [s\open\src\hotspot\share\interpreter\linkResolver.cpp, line 759]
Event: 1.057 Thread 0x000001546ed3d870 Exception <a 'java/lang/NoSuchMethodError'{0x000000008c356b18}: 'java.lang.Object java.lang.invoke.DirectMethodHandle$Holder.invokeStaticInit(java.lang.Object, java.lang.Object, long, java.lang.Object)'> (0x000000008c356b18) 
thrown [s\open\src\hotspot\share\interpreter\linkResolver.cpp, line 759]
Event: 1.058 Thread 0x000001546ed3d870 Exception <a 'java/lang/NoSuchMethodError'{0x000000008c35ce48}: 'java.lang.Object java.lang.invoke.DirectMethodHandle$Holder.newInvokeSpecial(java.lang.Object, java.lang.Object, long)'> (0x000000008c35ce48) 
thrown [s\open\src\hotspot\share\interpreter\linkResolver.cpp, line 759]
Event: 1.534 Thread 0x000001546ed3d870 Exception <a 'java/lang/NoSuchMethodError'{0x000000008c3aea28}: 'java.lang.Object java.lang.invoke.DirectMethodHandle$Holder.invokeSpecialIFC(java.lang.Object, java.lang.Object, java.lang.Object, java.lang.Object)'> (0x000000008c3aea28) 
thrown [s\open\src\hotspot\share\interpreter\linkResolver.cpp, line 759]
Event: 1.535 Thread 0x000001546ed3d870 Exception <a 'java/lang/NoSuchMethodError'{0x000000008c3c0cd0}: 'double java.lang.invoke.DirectMethodHandle$Holder.invokeVirtual(java.lang.Object, java.lang.Object)'> (0x000000008c3c0cd0) 
thrown [s\open\src\hotspot\share\interpreter\linkResolver.cpp, line 759]
Event: 1.536 Thread 0x000001546ed3d870 Exception <a 'java/lang/NoSuchMethodError'{0x000000008c3c7478}: 'float java.lang.invoke.DirectMethodHandle$Holder.invokeVirtual(java.lang.Object, java.lang.Object)'> (0x000000008c3c7478) 
thrown [s\open\src\hotspot\share\interpreter\linkResolver.cpp, line 759]
Event: 1.536 Thread 0x000001546ed3d870 Exception <a 'java/lang/NoSuchMethodError'{0x000000008c3d0458}: 'long java.lang.invoke.DirectMethodHandle$Holder.invokeVirtual(java.lang.Object, java.lang.Object)'> (0x000000008c3d0458) 
thrown [s\open\src\hotspot\share\interpreter\linkResolver.cpp, line 759]
Event: 1.539 Thread 0x000001546ed3d870 Exception <a 'java/lang/NoSuchMethodError'{0x000000008c203328}: 'java.lang.Object java.lang.invoke.DirectMethodHandle$Holder.invokeVirtual(java.lang.Object, java.lang.Object, java.lang.Object)'> (0x000000008c203328) 
thrown [s\open\src\hotspot\share\interpreter\linkResolver.cpp, line 759]
Event: 1.587 Thread 0x000001546ed3d870 Exception <a 'java/lang/NoClassDefFoundError'{0x000000008bfee758}> (0x000000008bfee758) 
thrown [s\open\src\hotspot\share\oops\instanceKlass.cpp, line 1166]
Event: 1.599 Thread 0x000001546ed3d870 Exception <a 'java/lang/NoSuchMethodError'{0x000000008beecf08}: 'void java.lang.invoke.DirectMethodHandle$Holder.invokeSpecial(java.lang.Object, java.lang.Object, java.lang.Object, java.lang.Object, java.lang.Object)'> (0x000000008beecf08) 
thrown [s\open\src\hotspot\share\interpreter\linkResolver.cpp, line 759]
Event: 1.688 Thread 0x000001546ed3d870 Exception <a 'sun/nio/fs/WindowsException'{0x000000008b7e4210}> (0x000000008b7e4210) 
thrown [s\open\src\hotspot\share\prims\jni.cpp, line 516]
Event: 1.694 Thread 0x000001546ed3d870 Exception <a 'java/lang/NoSuchMethodError'{0x000000008b507918}: 'int java.lang.invoke.DirectMethodHandle$Holder.invokeStaticInit(java.lang.Object, java.lang.Object, java.lang.Object, java.lang.Object)'> (0x000000008b507918) 
thrown [s\open\src\hotspot\share\interpreter\linkResolver.cpp, line 759]
Event: 1.904 Thread 0x000001546ed3d870 Exception <a 'java/lang/NoSuchMethodError'{0x000000008c202ef8}: 'java.lang.Object java.lang.invoke.DirectMethodHandle$Holder.invokeInterface(java.lang.Object, java.lang.Object, java.lang.Object)'> (0x000000008c202ef8) 
thrown [s\open\src\hotspot\share\interpreter\linkResolver.cpp, line 759]
Event: 1.904 Thread 0x000001546ed3d870 Exception <a 'java/lang/IncompatibleClassChangeError'{0x000000008c2065c0}: Found class java.lang.Object, but interface was expected> (0x000000008c2065c0) 
thrown [s\open\src\hotspot\share\interpreter\linkResolver.cpp, line 826]
Event: 1.905 Thread 0x000001546ed3d870 Exception <a 'java/lang/NoSuchMethodError'{0x000000008c20edd0}: 'int java.lang.invoke.DirectMethodHandle$Holder.invokeSpecialIFC(java.lang.Object, java.lang.Object, java.lang.Object, java.lang.Object)'> (0x000000008c20edd0) 
thrown [s\open\src\hotspot\share\interpreter\linkResolver.cpp, line 759]
Event: 1.975 Thread 0x000001547f38a0c0 Exception <a 'java/net/ConnectException'{0x000000008c0b6308}: Connection refused: no further information> (0x000000008c0b6308) 
thrown [s\open\src\hotspot\share\prims\jni.cpp, line 535]
Event: 1.975 Thread 0x000001547f38a0c0 Exception <a 'java/net/SocketException'{0x000000008c0b6640}: Socket is not connected: shutdown> (0x000000008c0b6640) 
thrown [s\open\src\hotspot\share\prims\jni.cpp, line 535]
Event: 1.981 Thread 0x000001546ed3d870 Exception <a 'java/lang/reflect/InvocationTargetException'{0x000000008bf066d0}> (0x000000008bf066d0) 
thrown [s\open\src\hotspot\share\runtime\reflection.cpp, line 1121]
Event: 1.997 Thread 0x000001547f38a0c0 Exception <a 'java/net/ConnectException'{0x000000008c0b7628}: Connection refused: no further information> (0x000000008c0b7628) 
thrown [s\open\src\hotspot\share\prims\jni.cpp, line 535]
Event: 1.997 Thread 0x000001547f38a0c0 Exception <a 'java/net/SocketException'{0x000000008c0b7960}: Socket is not connected: shutdown> (0x000000008c0b7960) 
thrown [s\open\src\hotspot\share\prims\jni.cpp, line 535]

VM Operations (20 events):
Event: 0.899 Executing VM operation: HandshakeAllThreads
Event: 0.899 Executing VM operation: HandshakeAllThreads done
Event: 0.933 Executing VM operation: HandshakeAllThreads
Event: 0.933 Executing VM operation: HandshakeAllThreads done
Event: 0.942 Executing VM operation: HandshakeAllThreads
Event: 0.942 Executing VM operation: HandshakeAllThreads done
Event: 0.943 Executing VM operation: G1CollectForAllocation
Event: 0.946 Executing VM operation: G1CollectForAllocation done
Event: 0.984 Executing VM operation: HandshakeAllThreads
Event: 0.984 Executing VM operation: HandshakeAllThreads done
Event: 1.585 Executing VM operation: HandshakeAllThreads
Event: 1.585 Executing VM operation: HandshakeAllThreads done
Event: 1.619 Executing VM operation: HandshakeAllThreads
Event: 1.619 Executing VM operation: HandshakeAllThreads done
Event: 1.674 Executing VM operation: HandshakeAllThreads
Event: 1.675 Executing VM operation: HandshakeAllThreads done
Event: 1.830 Executing VM operation: HandshakeAllThreads
Event: 1.831 Executing VM operation: HandshakeAllThreads done
Event: 1.866 Executing VM operation: G1CollectForAllocation
Event: 1.870 Executing VM operation: G1CollectForAllocation done

Events (20 events):
Event: 1.980 loading class java/util/stream/SortedOps$SizedRefSortingSink
Event: 1.980 loading class java/util/stream/SortedOps$AbstractRefSortingSink
Event: 1.980 loading class java/util/stream/SortedOps$AbstractRefSortingSink done
Event: 1.980 loading class java/util/stream/SortedOps$SizedRefSortingSink done
Event: 1.981 loading class java/lang/Throwable$WrappedPrintWriter
Event: 1.981 loading class java/lang/Throwable$PrintStreamOrWriter
Event: 1.981 loading class java/lang/Throwable$PrintStreamOrWriter done
Event: 1.981 loading class java/lang/Throwable$WrappedPrintWriter done
Event: 1.985 loading class jdk/internal/reflect/UnsafeLongFieldAccessorImpl
Event: 1.985 loading class jdk/internal/reflect/UnsafeLongFieldAccessorImpl done
Event: 2.001 loading class java/util/concurrent/ConcurrentLinkedQueue$Itr
Event: 2.001 loading class java/util/concurrent/ConcurrentLinkedQueue$Itr done
Event: 2.007 loading class java/util/concurrent/ConcurrentHashMap$KeySpliterator
Event: 2.007 loading class java/util/concurrent/ConcurrentHashMap$KeySpliterator done
Event: 2.010 loading class java/io/FileWriter
Event: 2.010 loading class java/io/FileWriter done
Event: 2.010 loading class java/io/FileReader
Event: 2.010 loading class java/io/FileReader done
Event: 2.011 loading class jdk/internal/math/FDBigInteger
Event: 2.011 loading class jdk/internal/math/FDBigInteger done


Dynamic libraries:
0x00007ff6f48d0000 - 0x00007ff6f48e0000 	C:\Program Files\Java\jdk-17.0.4.1\bin\javaw.exe
0x00007ff910f10000 - 0x00007ff911108000 	C:\Windows\SYSTEM32\ntdll.dll
0x00007ff90fa70000 - 0x00007ff90fb2f000 	C:\Windows\System32\KERNEL32.DLL
0x00007ff90eb70000 - 0x00007ff90ee66000 	C:\Windows\System32\KERNELBASE.dll
0x00007ff90ea40000 - 0x00007ff90eb40000 	C:\Windows\System32\ucrtbase.dll
0x00007ff8fb230000 - 0x00007ff8fb24a000 	C:\Program Files\Java\jdk-17.0.4.1\bin\VCRUNTIME140.dll
0x00007ff9022d0000 - 0x00007ff9022e8000 	C:\Program Files\Java\jdk-17.0.4.1\bin\jli.dll
0x00007ff90ef70000 - 0x00007ff90f01f000 	C:\Windows\System32\ADVAPI32.dll
0x00007ff90fb30000 - 0x00007ff90fbce000 	C:\Windows\System32\msvcrt.dll
0x00007ff90f2f0000 - 0x00007ff90f38c000 	C:\Windows\System32\sechost.dll
0x00007ff90fc90000 - 0x00007ff90fdb6000 	C:\Windows\System32\RPCRT4.dll
0x00007ff90f530000 - 0x00007ff90f6cd000 	C:\Windows\System32\USER32.dll
0x00007ff90eb40000 - 0x00007ff90eb62000 	C:\Windows\System32\win32u.dll
0x00007ff90fc60000 - 0x00007ff90fc8c000 	C:\Windows\System32\GDI32.dll
0x00007ff8f6900000 - 0x00007ff8f6b9a000 	C:\Windows\WinSxS\amd64_microsoft.windows.common-controls_6595b64144ccf1df_6.0.19041.1110_none_60b5254171f9507e\COMCTL32.dll
0x00007ff90e5f0000 - 0x00007ff90e705000 	C:\Windows\System32\gdi32full.dll
0x00007ff90e7c0000 - 0x00007ff90e85d000 	C:\Windows\System32\msvcp_win.dll
0x00007ff902aa0000 - 0x00007ff902aaa000 	C:\Windows\SYSTEM32\VERSION.dll
0x00007ff90fc30000 - 0x00007ff90fc60000 	C:\Windows\System32\IMM32.DLL
0x00007ff9087e0000 - 0x00007ff9087ec000 	C:\Program Files\Java\jdk-17.0.4.1\bin\vcruntime140_1.dll
0x00007ff8e27c0000 - 0x00007ff8e284d000 	C:\Program Files\Java\jdk-17.0.4.1\bin\msvcp140.dll
0x00007ff89b470000 - 0x00007ff89c032000 	C:\Program Files\Java\jdk-17.0.4.1\bin\server\jvm.dll
0x00007ff90f140000 - 0x00007ff90f148000 	C:\Windows\System32\PSAPI.DLL
0x00007ff906360000 - 0x00007ff906387000 	C:\Windows\SYSTEM32\WINMM.dll
0x00007ff8efad0000 - 0x00007ff8efad9000 	C:\Windows\SYSTEM32\WSOCK32.dll
0x00007ff90f0d0000 - 0x00007ff90f13b000 	C:\Windows\System32\ws2_32.DLL
0x00007ff90ced0000 - 0x00007ff90cee2000 	C:\Windows\SYSTEM32\kernel.appcore.dll
0x00007ff908370000 - 0x00007ff90837a000 	C:\Program Files\Java\jdk-17.0.4.1\bin\jimage.dll
0x00007ff90c1c0000 - 0x00007ff90c3a4000 	C:\Windows\SYSTEM32\DBGHELP.DLL
0x00007ff906320000 - 0x00007ff906354000 	C:\Windows\SYSTEM32\dbgcore.DLL
0x00007ff90eee0000 - 0x00007ff90ef62000 	C:\Windows\System32\bcryptPrimitives.dll
0x00007ff8f89f0000 - 0x00007ff8f8a15000 	C:\Program Files\Java\jdk-17.0.4.1\bin\java.dll
0x00007ff8d5ce0000 - 0x00007ff8d5db6000 	C:\Program Files\Java\jdk-17.0.4.1\bin\jsvml.dll
0x00007ff90fdc0000 - 0x00007ff910504000 	C:\Windows\System32\SHELL32.dll
0x00007ff90c600000 - 0x00007ff90cd93000 	C:\Windows\SYSTEM32\windows.storage.dll
0x00007ff910b70000 - 0x00007ff910ec4000 	C:\Windows\System32\combase.dll
0x00007ff90e050000 - 0x00007ff90e07e000 	C:\Windows\SYSTEM32\Wldp.dll
0x00007ff910570000 - 0x00007ff91061d000 	C:\Windows\System32\SHCORE.dll
0x00007ff90f150000 - 0x00007ff90f1a5000 	C:\Windows\System32\shlwapi.dll
0x00007ff90e530000 - 0x00007ff90e54f000 	C:\Windows\SYSTEM32\profapi.dll
0x00007ff8fb1a0000 - 0x00007ff8fb1b9000 	C:\Program Files\Java\jdk-17.0.4.1\bin\net.dll
0x00007ff906870000 - 0x00007ff90697a000 	C:\Windows\SYSTEM32\WINHTTP.dll
0x00007ff90ddb0000 - 0x00007ff90de1a000 	C:\Windows\system32\mswsock.dll
0x00007ff8fab30000 - 0x00007ff8fab46000 	C:\Program Files\Java\jdk-17.0.4.1\bin\nio.dll
0x00007ff8fa480000 - 0x00007ff8fa498000 	C:\Program Files\Java\jdk-17.0.4.1\bin\zip.dll
0x00007ff907860000 - 0x00007ff907870000 	C:\Program Files\Java\jdk-17.0.4.1\bin\verify.dll
0x00007ff90da90000 - 0x00007ff90db5b000 	C:\Windows\SYSTEM32\DNSAPI.dll
0x00007ff90da50000 - 0x00007ff90da8c000 	C:\Windows\SYSTEM32\IPHLPAPI.DLL
0x00007ff90f020000 - 0x00007ff90f028000 	C:\Windows\System32\NSI.dll
0x00007ff903490000 - 0x00007ff90349a000 	C:\Windows\System32\rasadhlp.dll
0x00007ff9061e0000 - 0x00007ff906262000 	C:\Windows\System32\fwpuclnt.dll
0x00007ff90ea10000 - 0x00007ff90ea37000 	C:\Windows\System32\bcrypt.dll
0x00007ff90dfa0000 - 0x00007ff90dfb8000 	C:\Windows\SYSTEM32\CRYPTSP.dll
0x00007ff90d660000 - 0x00007ff90d694000 	C:\Windows\system32\rsaenh.dll
0x00007ff90e4b0000 - 0x00007ff90e4de000 	C:\Windows\SYSTEM32\USERENV.dll
0x00007ff90dfc0000 - 0x00007ff90dfcc000 	C:\Windows\SYSTEM32\CRYPTBASE.dll
0x00007ff905f10000 - 0x00007ff905f27000 	C:\Windows\SYSTEM32\dhcpcsvc6.DLL
0x00007ff9058f0000 - 0x00007ff90590d000 	C:\Windows\SYSTEM32\dhcpcsvc.DLL
0x00007ff908e70000 - 0x00007ff908f01000 	C:\Windows\system32\apphelp.dll
0x00007ff908810000 - 0x00007ff908819000 	C:\Program Files\Java\jdk-17.0.4.1\bin\management.dll
0x00007ff9087c0000 - 0x00007ff9087cb000 	C:\Program Files\Java\jdk-17.0.4.1\bin\management_ext.dll
0x00007ff904cd0000 - 0x00007ff904cde000 	C:\Program Files\Java\jdk-17.0.4.1\bin\sunmscapi.dll
0x00007ff90e860000 - 0x00007ff90e9be000 	C:\Windows\System32\CRYPT32.dll
0x00007ff90e0c0000 - 0x00007ff90e0e8000 	C:\Windows\SYSTEM32\ncrypt.dll
0x00007ff90e080000 - 0x00007ff90e0bb000 	C:\Windows\SYSTEM32\NTASN1.dll
0x00007ff908740000 - 0x00007ff908747000 	C:\Windows\system32\wshunix.dll
0x00007ff8f4b90000 - 0x00007ff8f4ba7000 	C:\Windows\system32\napinsp.dll
0x00007ff8f4bb0000 - 0x00007ff8f4bcb000 	C:\Windows\system32\pnrpnsp.dll
0x00007ff906810000 - 0x00007ff906825000 	C:\Windows\system32\wshbth.dll
0x00007ff906840000 - 0x00007ff90685d000 	C:\Windows\system32\NLAapi.dll
0x00007ff8f0bb0000 - 0x00007ff8f0bc2000 	C:\Windows\System32\winrnr.dll

dbghelp: loaded successfully - version: 4.0.5 - missing functions: none
symbol engine: initialized successfully - sym options: 0x614 - pdb path: .;C:\Program Files\Java\jdk-17.0.4.1\bin;C:\Windows\SYSTEM32;C:\Windows\WinSxS\amd64_microsoft.windows.common-controls_6595b64144ccf1df_6.0.19041.1110_none_60b5254171f9507e;C:\Program Files\Java\jdk-17.0.4.1\bin\server

VM Arguments:
jvm_args: -ea -Dfile.encoding=UTF-8 -XX:+ShowCodeDetailsInExceptionMessages 
java_command: org.testng.remote.RemoteTestNG -serport 54057 -protocol json -d C:\Users\rohan.patil\eclipse-workspace\Zeus\test-output C:\Users\ROHAN~1.PAT\AppData\Local\Temp\testng-eclipse-946894774\testng-customsuite.xml
java_class_path (initial): C:\Users\rohan.patil\eclipse\java-2022-09\eclipse\configuration\org.eclipse.osgi\839\0\.cp\lib\testng-remote.jar;C:\Users\rohan.patil\eclipse-workspace\Zeus\target\test-classes;C:\Users\rohan.patil\eclipse-workspace\Zeus\target\classes;C:\Users\rohan.patil\.p2\pool\plugins\org.testng_7.8.0.r202306071539.jar;C:\Users\rohan.patil\.p2\pool\plugins\com.beust.jcommander_1.82.0.jar;C:\Users\rohan.patil\.p2\pool\plugins\org.apache-extras.beanshell.bsh_2.0.0.b6.jar;C:\Users\rohan.patil\.p2\pool\plugins\org.yaml.snakeyaml_1.27.0.v20221112-0806.jar;C:\Users\rohan.patil\.p2\pool\plugins\org.webjars.jquery_3.6.1.jar;C:\Users\rohan.patil\.m2\repository\org\apache\poi\poi-ooxml\5.2.2\poi-ooxml-5.2.2.jar;C:\Users\rohan.patil\.m2\repository\org\apache\poi\poi\5.2.2\poi-5.2.2.jar;C:\Users\rohan.patil\.m2\repository\commons-codec\commons-codec\1.15\commons-codec-1.15.jar;C:\Users\rohan.patil\.m2\repository\org\apache\commons\commons-math3\3.6.1\commons-math3-3.6.1.jar;C:\Users\rohan.patil\.m2\repository\com\zaxxer\SparseBitSet\1.2\SparseBitSet-1.2.jar;C:\Users\rohan.patil\.m2\repository\org\apache\poi\poi-ooxml-lite\5.2.2\poi-ooxml-lite-5.2.2.jar;C:\Users\rohan.patil\.m2\repository\org\apache\xmlbeans\xmlbeans\5.0.3\xmlbeans-5.0.3.jar;C:\Users\rohan.patil\.m2\repository\org\apache\commons\commons-compress\1.21\commons-compress-1.21.jar;C:\Users\rohan.patil\.m2\repository\commons-io\commons-io\2.11.0\commons-io-2.11.0.jar;C:\Users\rohan.patil\.m2\repository\com\github\virtuald\curvesapi\1.07\curvesapi-1.07.jar;C:\Users\rohan.patil\.m2\repository\org\apache\logging\log4j\log4j-api\2.17.2\log4j-api-2.17.2.jar;C:\Users\rohan.patil\.m2\repository\org\apache\commons\commons-collections4\4.4\commons-collections4-4.4.jar;C:\Users\rohan.patil\.m2\repository\org\seleniumhq\selenium\selenium-java\4.10.0\selenium-java-4.10.0.jar;C:\Users\rohan.patil\.m2\repository\org\seleniumhq\selenium\selenium-api\4.10.0\selenium-api-4.10.0.jar;C:\Users\rohan.patil\.m2\repository\
Launcher Type: SUN_STANDARD

[Global flags]
     intx CICompilerCount                          = 3                                         {product} {ergonomic}
     uint ConcGCThreads                            = 1                                         {product} {ergonomic}
     uint G1ConcRefinementThreads                  = 4                                         {product} {ergonomic}
   size_t G1HeapRegionSize                         = 1048576                                   {product} {ergonomic}
    uintx GCDrainStackTargetSize                   = 64                                        {product} {ergonomic}
   size_t InitialHeapSize                          = 130023424                                 {product} {ergonomic}
   size_t MarkStackSize                            = 4194304                                   {product} {ergonomic}
   size_t MaxHeapSize                              = 2069889024                                {product} {ergonomic}
   size_t MaxNewSize                               = 1241513984                                {product} {ergonomic}
   size_t MinHeapDeltaBytes                        = 1048576                                   {product} {ergonomic}
   size_t MinHeapSize                              = 8388608                                   {product} {ergonomic}
    uintx NonNMethodCodeHeapSize                   = 5832780                                {pd product} {ergonomic}
    uintx NonProfiledCodeHeapSize                  = 122912730                              {pd product} {ergonomic}
    uintx ProfiledCodeHeapSize                     = 122912730                              {pd product} {ergonomic}
    uintx ReservedCodeCacheSize                    = 251658240                              {pd product} {ergonomic}
     bool SegmentedCodeCache                       = true                                      {product} {ergonomic}
     bool ShowCodeDetailsInExceptionMessages       = true                                   {manageable} {command line}
   size_t SoftMaxHeapSize                          = 2069889024                             {manageable} {ergonomic}
     bool UseCompressedClassPointers               = true                           {product lp64_product} {ergonomic}
     bool UseCompressedOops                        = true                           {product lp64_product} {ergonomic}
     bool UseG1GC                                  = true                                      {product} {ergonomic}
     bool UseLargePagesIndividualAllocation        = false                                  {pd product} {ergonomic}

Logging:
Log output configuration:
 #0: stdout all=warning uptime,level,tags
 #1: stderr all=off uptime,level,tags

Environment Variables:
JAVA_HOME=C:\Program Files\Java\jdk-17.0.4.1
PATH=C:\Program Files\Common Files\Oracle\Java\javapath;C:\Windows\system32;C:\Windows;C:\Windows\System32\Wbem;C:\Windows\System32\WindowsPowerShell\v1.0\;C:\Windows\System32\OpenSSH\;C:\Program Files\nodejs\;C:\Program Files\Microsoft SQL Server\150\Tools\Binn\;C:\Program Files\dotnet\;C:\Users\rohan.patil\AppData\Local\Microsoft\WindowsApps;C:\Users\rohan.patil\AppData\Local\Programs\Git\cmd;C:\Users\rohan.patil\AppData\Local\Programs\Microsoft VS Code\bin;C:\Users\rohan.patil\AppData\Roaming\npm
USERNAME=rohan.patil
OS=Windows_NT
PROCESSOR_IDENTIFIER=Intel64 Family 6 Model 140 Stepping 1, GenuineIntel



---------------  S Y S T E M  ---------------

OS:
 Windows 10 , 64 bit Build 19041 (10.0.19041.2913)
OS uptime: 23 days 2:39 hours

CPU: total 4 (initial active 4) (2 cores per cpu, 2 threads per core) family 6 model 140 stepping 1 microcode 0x86, cx8, cmov, fxsr, ht, mmx, 3dnowpref, sse, sse2, sse3, ssse3, sse4.1, sse4.2, popcnt, lzcnt, tsc, tscinvbit, avx, avx2, aes, erms, clmul, bmi1, bmi2, adx, avx512f, avx512dq, avx512cd, avx512bw, avx512vl, sha, fma, vzeroupper, avx512_vpopcntdq, avx512_vpclmulqdq, avx512_vaes, avx512_vnni, clflush, clflushopt, clwb, avx512_vbmi2, avx512_vbmi

Memory: 4k page, system-wide physical 7894M (468M free)
TotalPageFile size 25527M (AvailPageFile size 5M)
current process WorkingSet (physical memory assigned to process): 118M, peak: 118M
current process commit charge ("private bytes"): 243M, peak: 243M

vm_info: Java HotSpot(TM) 64-Bit Server VM (17.0.4.1+1-LTS-2) for windows-amd64 JRE (17.0.4.1+1-LTS-2), built on Aug 16 2022 18:32:06 by "mach5one" with MS VC++ 16.8 / 16.9 (VS2019)

END.
