#
# There is insufficient memory for the Java Runtime Environment to continue.
# Native memory allocation (malloc) failed to allocate 733376 bytes for Chunk::new
# Possible reasons:
#   The system is out of physical RAM or swap space
#   The process is running with CompressedOops enabled, and the Java Heap may be blocking the growth of the native heap
# Possible solutions:
#   Reduce memory load on the system
#   Increase physical memory or swap space
#   Check if swap backing store is full
#   Decrease Java heap size (-Xmx/-Xms)
#   Decrease number of Java threads
#   Decrease Java thread stack sizes (-Xss)
#   Set larger code cache with -XX:ReservedCodeCacheSize=
#   JVM is running with Unscaled Compressed Oops mode in which the Java heap is
#     placed in the first 4GB address space. The Java Heap base address is the
#     maximum limit for the native heap growth. Please use -XX:HeapBaseMinAddress
#     to set the Java Heap base and to place the Java Heap above 4GB virtual address.
# This output file may be truncated or incomplete.
#
#  Out of Memory Error (arena.cpp:189), pid=42600, tid=22848
#
# JRE version: Java(TM) SE Runtime Environment (17.0.4.1+1) (build 17.0.4.1+1-LTS-2)
# Java VM: Java HotSpot(TM) 64-Bit Server VM (17.0.4.1+1-LTS-2, mixed mode, sharing, tiered, compressed oops, compressed class ptrs, g1 gc, windows-amd64)
# No core dump will be written. Minidumps are not enabled by default on client versions of Windows
#

---------------  S U M M A R Y ------------

Command Line: -ea -Dfile.encoding=UTF-8 -XX:+ShowCodeDetailsInExceptionMessages org.testng.remote.RemoteTestNG -serport 54214 -protocol json -d C:\Users\rohan.patil\eclipse-workspace\Zeus\test-output C:\Users\ROHAN~1.PAT\AppData\Local\Temp\testng-eclipse-323046597\testng-customsuite.xml

Host: 11th Gen Intel(R) Core(TM) i3-1115G4 @ 3.00GHz, 4 cores, 7G,  Windows 10 , 64 bit Build 19041 (10.0.19041.2913)
Time: Thu Jul 20 17:44:46 2023 India Standard Time elapsed time: 0.782316 seconds (0d 0h 0m 0s)

---------------  T H R E A D  ---------------

Current thread (0x0000016d24fc4d00):  JavaThread "C2 CompilerThread0" daemon [_thread_in_native, id=22848, stack(0x000000443ee00000,0x000000443ef00000)]


Current CompileTask:
C2:    782 1161       4       jdk.internal.org.objectweb.asm.Frame::execute (2305 bytes)

Stack: [0x000000443ee00000,0x000000443ef00000]
Native frames: (J=compiled Java code, j=interpreted, Vv=VM code, C=native code)
V  [jvm.dll+0x6723ba]
V  [jvm.dll+0x7d1e34]
V  [jvm.dll+0x7d35de]
V  [jvm.dll+0x7d3c43]
V  [jvm.dll+0x243065]
V  [jvm.dll+0xaa57b]
V  [jvm.dll+0xaab0c]
V  [jvm.dll+0x2a9dcf]
V  [jvm.dll+0x57a7f7]
V  [jvm.dll+0x21e342]
V  [jvm.dll+0x217d94]
V  [jvm.dll+0x2154bb]
V  [jvm.dll+0x1a1fcd]
V  [jvm.dll+0x224e08]
V  [jvm.dll+0x222f75]
V  [jvm.dll+0x787a0b]
V  [jvm.dll+0x781fca]
V  [jvm.dll+0x671245]
C  [ucrtbase.dll+0x21bb2]
C  [KERNEL32.DLL+0x17614]
C  [ntdll.dll+0x526a1]


---------------  P R O C E S S  ---------------

Threads class SMR info:
_java_thread_list=0x0000016d265228e0, length=13, elements={
0x0000016d0794dcb0, 0x0000016d24faba40, 0x0000016d24fb0810, 0x0000016d24fc0250,
0x0000016d24fc0c00, 0x0000016d24fc35c0, 0x0000016d24fc3f70, 0x0000016d24fc4d00,
0x0000016d24fc7ba0, 0x0000016d2503ce10, 0x0000016d25cb1560, 0x0000016d25cc3890,
0x0000016d265432e0
}

Java Threads: ( => current thread )
  0x0000016d0794dcb0 JavaThread "main" [_thread_in_vm, id=38144, stack(0x000000443e100000,0x000000443e200000)]
  0x0000016d24faba40 JavaThread "Reference Handler" daemon [_thread_blocked, id=34564, stack(0x000000443e800000,0x000000443e900000)]
  0x0000016d24fb0810 JavaThread "Finalizer" daemon [_thread_blocked, id=42128, stack(0x000000443e900000,0x000000443ea00000)]
  0x0000016d24fc0250 JavaThread "Signal Dispatcher" daemon [_thread_blocked, id=32060, stack(0x000000443ea00000,0x000000443eb00000)]
  0x0000016d24fc0c00 JavaThread "Attach Listener" daemon [_thread_blocked, id=10260, stack(0x000000443eb00000,0x000000443ec00000)]
  0x0000016d24fc35c0 JavaThread "Service Thread" daemon [_thread_blocked, id=39072, stack(0x000000443ec00000,0x000000443ed00000)]
  0x0000016d24fc3f70 JavaThread "Monitor Deflation Thread" daemon [_thread_blocked, id=15332, stack(0x000000443ed00000,0x000000443ee00000)]
=>0x0000016d24fc4d00 JavaThread "C2 CompilerThread0" daemon [_thread_in_native, id=22848, stack(0x000000443ee00000,0x000000443ef00000)]
  0x0000016d24fc7ba0 JavaThread "C1 CompilerThread0" daemon [_thread_in_native, id=40412, stack(0x000000443ef00000,0x000000443f000000)]
  0x0000016d2503ce10 JavaThread "Sweeper thread" daemon [_thread_blocked, id=41836, stack(0x000000443f000000,0x000000443f100000)]
  0x0000016d25cb1560 JavaThread "Notification Thread" daemon [_thread_blocked, id=6944, stack(0x000000443f100000,0x000000443f200000)]
  0x0000016d25cc3890 JavaThread "Common-Cleaner" daemon [_thread_blocked, id=40220, stack(0x000000443f300000,0x000000443f400000)]
  0x0000016d265432e0 JavaThread "ReaderThread" [_thread_in_native, id=38816, stack(0x000000443f500000,0x000000443f600000)]

Other Threads:
  0x0000016d24fa66e0 VMThread "VM Thread" [stack: 0x000000443e700000,0x000000443e800000] [id=1052]
  0x0000016d25cb1a30 WatcherThread [stack: 0x000000443f200000,0x000000443f300000] [id=18292]
  0x0000016d079a5f70 GCTaskThread "GC Thread#0" [stack: 0x000000443e200000,0x000000443e300000] [id=41308]
  0x0000016d265dfc90 GCTaskThread "GC Thread#1" [stack: 0x000000443f600000,0x000000443f700000] [id=42660]
  0x0000016d26601f10 GCTaskThread "GC Thread#2" [stack: 0x000000443f700000,0x000000443f800000] [id=36676]
  0x0000016d266021c0 GCTaskThread "GC Thread#3" [stack: 0x000000443f800000,0x000000443f900000] [id=38304]
  0x0000016d079b6570 ConcurrentGCThread "G1 Main Marker" [stack: 0x000000443e300000,0x000000443e400000] [id=38396]
  0x0000016d079b7860 ConcurrentGCThread "G1 Conc#0" [stack: 0x000000443e400000,0x000000443e500000] [id=34256]
  0x0000016d07a1cf20 ConcurrentGCThread "G1 Refine#0" [stack: 0x000000443e500000,0x000000443e600000] [id=38124]
  0x0000016d07a1d940 ConcurrentGCThread "G1 Service" [stack: 0x000000443e600000,0x000000443e700000] [id=6868]

Threads with active compile tasks:
C2 CompilerThread0      790 1161       4       jdk.internal.org.objectweb.asm.Frame::execute (2305 bytes)
C1 CompilerThread0      790 1270       3       jdk.internal.org.objectweb.asm.ClassWriter::toByteArray (1515 bytes)

VM state: not at safepoint (normal execution)

VM Mutex/Monitor currently owned by a thread: None

Heap address: 0x0000000084a00000, size: 1974 MB, Compressed Oops mode: 32-bit

CDS archive(s) mapped at: [0x0000000800000000-0x0000000800bc0000-0x0000000800bc0000), size 12320768, SharedBaseAddress: 0x0000000800000000, ArchiveRelocationMode: 0.
Compressed class space mapped at: 0x0000000800c00000-0x0000000840c00000, reserved size: 1073741824
Narrow klass base: 0x0000000800000000, Narrow klass shift: 0, Narrow klass range: 0x100000000

GC Precious Log:
 CPUs: 4 total, 4 available
 Memory: 7894M
 Large Page Support: Disabled
 NUMA Support: Disabled
 Compressed Oops: Enabled (32-bit)
 Heap Region Size: 1M
 Heap Min Capacity: 8M
 Heap Initial Capacity: 124M
 Heap Max Capacity: 1974M
 Pre-touch: Disabled
 Parallel Workers: 4
 Concurrent Workers: 1
 Concurrent Refinement Workers: 4
 Periodic GC: Disabled

Heap:
 garbage-first heap   total 126976K, used 14294K [0x0000000084a00000, 0x0000000100000000)
  region size 1024K, 11 young (11264K), 2 survivors (2048K)
 Metaspace       used 7183K, committed 7488K, reserved 1056768K
  class space    used 816K, committed 960K, reserved 1048576K

Heap Regions: E=young(eden), S=young(survivor), O=old, HS=humongous(starts), HC=humongous(continues), CS=collection set, F=free, OA=open archive, CA=closed archive, TAMS=top-at-mark-start (previous, next)
|   0|0x0000000084a00000, 0x0000000084b00000, 0x0000000084b00000|100%| O|  |TAMS 0x0000000084a00000, 0x0000000084a00000| Untracked 
|   1|0x0000000084b00000, 0x0000000084c00000, 0x0000000084c00000|100%| O|  |TAMS 0x0000000084b00000, 0x0000000084b00000| Untracked 
|   2|0x0000000084c00000, 0x0000000084d00000, 0x0000000084d00000|100%| O|  |TAMS 0x0000000084c00000, 0x0000000084c00000| Untracked 
|   3|0x0000000084d00000, 0x0000000084df5800, 0x0000000084e00000| 95%| O|  |TAMS 0x0000000084d00000, 0x0000000084d00000| Untracked 
|   4|0x0000000084e00000, 0x0000000084e00000, 0x0000000084f00000|  0%| F|  |TAMS 0x0000000084e00000, 0x0000000084e00000| Untracked 
|   5|0x0000000084f00000, 0x0000000084f00000, 0x0000000085000000|  0%| F|  |TAMS 0x0000000084f00000, 0x0000000084f00000| Untracked 
|   6|0x0000000085000000, 0x0000000085000000, 0x0000000085100000|  0%| F|  |TAMS 0x0000000085000000, 0x0000000085000000| Untracked 
|   7|0x0000000085100000, 0x0000000085100000, 0x0000000085200000|  0%| F|  |TAMS 0x0000000085100000, 0x0000000085100000| Untracked 
|   8|0x0000000085200000, 0x0000000085200000, 0x0000000085300000|  0%| F|  |TAMS 0x0000000085200000, 0x0000000085200000| Untracked 
|   9|0x0000000085300000, 0x0000000085300000, 0x0000000085400000|  0%| F|  |TAMS 0x0000000085300000, 0x0000000085300000| Untracked 
|  10|0x0000000085400000, 0x0000000085400000, 0x0000000085500000|  0%| F|  |TAMS 0x0000000085400000, 0x0000000085400000| Untracked 
|  11|0x0000000085500000, 0x0000000085500000, 0x0000000085600000|  0%| F|  |TAMS 0x0000000085500000, 0x0000000085500000| Untracked 
|  12|0x0000000085600000, 0x0000000085600000, 0x0000000085700000|  0%| F|  |TAMS 0x0000000085600000, 0x0000000085600000| Untracked 
|  13|0x0000000085700000, 0x0000000085700000, 0x0000000085800000|  0%| F|  |TAMS 0x0000000085700000, 0x0000000085700000| Untracked 
|  14|0x0000000085800000, 0x0000000085800000, 0x0000000085900000|  0%| F|  |TAMS 0x0000000085800000, 0x0000000085800000| Untracked 
|  15|0x0000000085900000, 0x0000000085900000, 0x0000000085a00000|  0%| F|  |TAMS 0x0000000085900000, 0x0000000085900000| Untracked 
|  16|0x0000000085a00000, 0x0000000085a00000, 0x0000000085b00000|  0%| F|  |TAMS 0x0000000085a00000, 0x0000000085a00000| Untracked 
|  17|0x0000000085b00000, 0x0000000085b00000, 0x0000000085c00000|  0%| F|  |TAMS 0x0000000085b00000, 0x0000000085b00000| Untracked 
|  18|0x0000000085c00000, 0x0000000085c00000, 0x0000000085d00000|  0%| F|  |TAMS 0x0000000085c00000, 0x0000000085c00000| Untracked 
|  19|0x0000000085d00000, 0x0000000085d00000, 0x0000000085e00000|  0%| F|  |TAMS 0x0000000085d00000, 0x0000000085d00000| Untracked 
|  20|0x0000000085e00000, 0x0000000085e00000, 0x0000000085f00000|  0%| F|  |TAMS 0x0000000085e00000, 0x0000000085e00000| Untracked 
|  21|0x0000000085f00000, 0x0000000085f00000, 0x0000000086000000|  0%| F|  |TAMS 0x0000000085f00000, 0x0000000085f00000| Untracked 
|  22|0x0000000086000000, 0x0000000086000000, 0x0000000086100000|  0%| F|  |TAMS 0x0000000086000000, 0x0000000086000000| Untracked 
|  23|0x0000000086100000, 0x0000000086100000, 0x0000000086200000|  0%| F|  |TAMS 0x0000000086100000, 0x0000000086100000| Untracked 
|  24|0x0000000086200000, 0x0000000086200000, 0x0000000086300000|  0%| F|  |TAMS 0x0000000086200000, 0x0000000086200000| Untracked 
|  25|0x0000000086300000, 0x0000000086300000, 0x0000000086400000|  0%| F|  |TAMS 0x0000000086300000, 0x0000000086300000| Untracked 
|  26|0x0000000086400000, 0x0000000086400000, 0x0000000086500000|  0%| F|  |TAMS 0x0000000086400000, 0x0000000086400000| Untracked 
|  27|0x0000000086500000, 0x0000000086500000, 0x0000000086600000|  0%| F|  |TAMS 0x0000000086500000, 0x0000000086500000| Untracked 
|  28|0x0000000086600000, 0x0000000086600000, 0x0000000086700000|  0%| F|  |TAMS 0x0000000086600000, 0x0000000086600000| Untracked 
|  29|0x0000000086700000, 0x0000000086700000, 0x0000000086800000|  0%| F|  |TAMS 0x0000000086700000, 0x0000000086700000| Untracked 
|  30|0x0000000086800000, 0x0000000086800000, 0x0000000086900000|  0%| F|  |TAMS 0x0000000086800000, 0x0000000086800000| Untracked 
|  31|0x0000000086900000, 0x0000000086900000, 0x0000000086a00000|  0%| F|  |TAMS 0x0000000086900000, 0x0000000086900000| Untracked 
|  32|0x0000000086a00000, 0x0000000086a00000, 0x0000000086b00000|  0%| F|  |TAMS 0x0000000086a00000, 0x0000000086a00000| Untracked 
|  33|0x0000000086b00000, 0x0000000086b00000, 0x0000000086c00000|  0%| F|  |TAMS 0x0000000086b00000, 0x0000000086b00000| Untracked 
|  34|0x0000000086c00000, 0x0000000086c00000, 0x0000000086d00000|  0%| F|  |TAMS 0x0000000086c00000, 0x0000000086c00000| Untracked 
|  35|0x0000000086d00000, 0x0000000086d00000, 0x0000000086e00000|  0%| F|  |TAMS 0x0000000086d00000, 0x0000000086d00000| Untracked 
|  36|0x0000000086e00000, 0x0000000086e00000, 0x0000000086f00000|  0%| F|  |TAMS 0x0000000086e00000, 0x0000000086e00000| Untracked 
|  37|0x0000000086f00000, 0x0000000086f00000, 0x0000000087000000|  0%| F|  |TAMS 0x0000000086f00000, 0x0000000086f00000| Untracked 
|  38|0x0000000087000000, 0x0000000087000000, 0x0000000087100000|  0%| F|  |TAMS 0x0000000087000000, 0x0000000087000000| Untracked 
|  39|0x0000000087100000, 0x0000000087100000, 0x0000000087200000|  0%| F|  |TAMS 0x0000000087100000, 0x0000000087100000| Untracked 
|  40|0x0000000087200000, 0x0000000087200000, 0x0000000087300000|  0%| F|  |TAMS 0x0000000087200000, 0x0000000087200000| Untracked 
|  41|0x0000000087300000, 0x0000000087300000, 0x0000000087400000|  0%| F|  |TAMS 0x0000000087300000, 0x0000000087300000| Untracked 
|  42|0x0000000087400000, 0x0000000087400000, 0x0000000087500000|  0%| F|  |TAMS 0x0000000087400000, 0x0000000087400000| Untracked 
|  43|0x0000000087500000, 0x0000000087500000, 0x0000000087600000|  0%| F|  |TAMS 0x0000000087500000, 0x0000000087500000| Untracked 
|  44|0x0000000087600000, 0x0000000087600000, 0x0000000087700000|  0%| F|  |TAMS 0x0000000087600000, 0x0000000087600000| Untracked 
|  45|0x0000000087700000, 0x0000000087700000, 0x0000000087800000|  0%| F|  |TAMS 0x0000000087700000, 0x0000000087700000| Untracked 
|  46|0x0000000087800000, 0x0000000087800000, 0x0000000087900000|  0%| F|  |TAMS 0x0000000087800000, 0x0000000087800000| Untracked 
|  47|0x0000000087900000, 0x0000000087900000, 0x0000000087a00000|  0%| F|  |TAMS 0x0000000087900000, 0x0000000087900000| Untracked 
|  48|0x0000000087a00000, 0x0000000087a00000, 0x0000000087b00000|  0%| F|  |TAMS 0x0000000087a00000, 0x0000000087a00000| Untracked 
|  49|0x0000000087b00000, 0x0000000087b00000, 0x0000000087c00000|  0%| F|  |TAMS 0x0000000087b00000, 0x0000000087b00000| Untracked 
|  50|0x0000000087c00000, 0x0000000087c00000, 0x0000000087d00000|  0%| F|  |TAMS 0x0000000087c00000, 0x0000000087c00000| Untracked 
|  51|0x0000000087d00000, 0x0000000087d00000, 0x0000000087e00000|  0%| F|  |TAMS 0x0000000087d00000, 0x0000000087d00000| Untracked 
|  52|0x0000000087e00000, 0x0000000087e00000, 0x0000000087f00000|  0%| F|  |TAMS 0x0000000087e00000, 0x0000000087e00000| Untracked 
|  53|0x0000000087f00000, 0x0000000087f00000, 0x0000000088000000|  0%| F|  |TAMS 0x0000000087f00000, 0x0000000087f00000| Untracked 
|  54|0x0000000088000000, 0x0000000088000000, 0x0000000088100000|  0%| F|  |TAMS 0x0000000088000000, 0x0000000088000000| Untracked 
|  55|0x0000000088100000, 0x0000000088100000, 0x0000000088200000|  0%| F|  |TAMS 0x0000000088100000, 0x0000000088100000| Untracked 
|  56|0x0000000088200000, 0x0000000088200000, 0x0000000088300000|  0%| F|  |TAMS 0x0000000088200000, 0x0000000088200000| Untracked 
|  57|0x0000000088300000, 0x0000000088300000, 0x0000000088400000|  0%| F|  |TAMS 0x0000000088300000, 0x0000000088300000| Untracked 
|  58|0x0000000088400000, 0x0000000088400000, 0x0000000088500000|  0%| F|  |TAMS 0x0000000088400000, 0x0000000088400000| Untracked 
|  59|0x0000000088500000, 0x0000000088500000, 0x0000000088600000|  0%| F|  |TAMS 0x0000000088500000, 0x0000000088500000| Untracked 
|  60|0x0000000088600000, 0x0000000088600000, 0x0000000088700000|  0%| F|  |TAMS 0x0000000088600000, 0x0000000088600000| Untracked 
|  61|0x0000000088700000, 0x0000000088700000, 0x0000000088800000|  0%| F|  |TAMS 0x0000000088700000, 0x0000000088700000| Untracked 
|  62|0x0000000088800000, 0x0000000088800000, 0x0000000088900000|  0%| F|  |TAMS 0x0000000088800000, 0x0000000088800000| Untracked 
|  63|0x0000000088900000, 0x0000000088900000, 0x0000000088a00000|  0%| F|  |TAMS 0x0000000088900000, 0x0000000088900000| Untracked 
|  64|0x0000000088a00000, 0x0000000088a00000, 0x0000000088b00000|  0%| F|  |TAMS 0x0000000088a00000, 0x0000000088a00000| Untracked 
|  65|0x0000000088b00000, 0x0000000088b00000, 0x0000000088c00000|  0%| F|  |TAMS 0x0000000088b00000, 0x0000000088b00000| Untracked 
|  66|0x0000000088c00000, 0x0000000088c00000, 0x0000000088d00000|  0%| F|  |TAMS 0x0000000088c00000, 0x0000000088c00000| Untracked 
|  67|0x0000000088d00000, 0x0000000088d00000, 0x0000000088e00000|  0%| F|  |TAMS 0x0000000088d00000, 0x0000000088d00000| Untracked 
|  68|0x0000000088e00000, 0x0000000088e00000, 0x0000000088f00000|  0%| F|  |TAMS 0x0000000088e00000, 0x0000000088e00000| Untracked 
|  69|0x0000000088f00000, 0x0000000088f00000, 0x0000000089000000|  0%| F|  |TAMS 0x0000000088f00000, 0x0000000088f00000| Untracked 
|  70|0x0000000089000000, 0x0000000089000000, 0x0000000089100000|  0%| F|  |TAMS 0x0000000089000000, 0x0000000089000000| Untracked 
|  71|0x0000000089100000, 0x0000000089100000, 0x0000000089200000|  0%| F|  |TAMS 0x0000000089100000, 0x0000000089100000| Untracked 
|  72|0x0000000089200000, 0x0000000089200000, 0x0000000089300000|  0%| F|  |TAMS 0x0000000089200000, 0x0000000089200000| Untracked 
|  73|0x0000000089300000, 0x0000000089300000, 0x0000000089400000|  0%| F|  |TAMS 0x0000000089300000, 0x0000000089300000| Untracked 
|  74|0x0000000089400000, 0x0000000089400000, 0x0000000089500000|  0%| F|  |TAMS 0x0000000089400000, 0x0000000089400000| Untracked 
|  75|0x0000000089500000, 0x0000000089500000, 0x0000000089600000|  0%| F|  |TAMS 0x0000000089500000, 0x0000000089500000| Untracked 
|  76|0x0000000089600000, 0x0000000089600000, 0x0000000089700000|  0%| F|  |TAMS 0x0000000089600000, 0x0000000089600000| Untracked 
|  77|0x0000000089700000, 0x0000000089700000, 0x0000000089800000|  0%| F|  |TAMS 0x0000000089700000, 0x0000000089700000| Untracked 
|  78|0x0000000089800000, 0x0000000089800000, 0x0000000089900000|  0%| F|  |TAMS 0x0000000089800000, 0x0000000089800000| Untracked 
|  79|0x0000000089900000, 0x0000000089900000, 0x0000000089a00000|  0%| F|  |TAMS 0x0000000089900000, 0x0000000089900000| Untracked 
|  80|0x0000000089a00000, 0x0000000089a00000, 0x0000000089b00000|  0%| F|  |TAMS 0x0000000089a00000, 0x0000000089a00000| Untracked 
|  81|0x0000000089b00000, 0x0000000089b00000, 0x0000000089c00000|  0%| F|  |TAMS 0x0000000089b00000, 0x0000000089b00000| Untracked 
|  82|0x0000000089c00000, 0x0000000089c00000, 0x0000000089d00000|  0%| F|  |TAMS 0x0000000089c00000, 0x0000000089c00000| Untracked 
|  83|0x0000000089d00000, 0x0000000089d00000, 0x0000000089e00000|  0%| F|  |TAMS 0x0000000089d00000, 0x0000000089d00000| Untracked 
|  84|0x0000000089e00000, 0x0000000089e00000, 0x0000000089f00000|  0%| F|  |TAMS 0x0000000089e00000, 0x0000000089e00000| Untracked 
|  85|0x0000000089f00000, 0x0000000089f00000, 0x000000008a000000|  0%| F|  |TAMS 0x0000000089f00000, 0x0000000089f00000| Untracked 
|  86|0x000000008a000000, 0x000000008a000000, 0x000000008a100000|  0%| F|  |TAMS 0x000000008a000000, 0x000000008a000000| Untracked 
|  87|0x000000008a100000, 0x000000008a100000, 0x000000008a200000|  0%| F|  |TAMS 0x000000008a100000, 0x000000008a100000| Untracked 
|  88|0x000000008a200000, 0x000000008a200000, 0x000000008a300000|  0%| F|  |TAMS 0x000000008a200000, 0x000000008a200000| Untracked 
|  89|0x000000008a300000, 0x000000008a300000, 0x000000008a400000|  0%| F|  |TAMS 0x000000008a300000, 0x000000008a300000| Untracked 
|  90|0x000000008a400000, 0x000000008a400000, 0x000000008a500000|  0%| F|  |TAMS 0x000000008a400000, 0x000000008a400000| Untracked 
|  91|0x000000008a500000, 0x000000008a500000, 0x000000008a600000|  0%| F|  |TAMS 0x000000008a500000, 0x000000008a500000| Untracked 
|  92|0x000000008a600000, 0x000000008a600000, 0x000000008a700000|  0%| F|  |TAMS 0x000000008a600000, 0x000000008a600000| Untracked 
|  93|0x000000008a700000, 0x000000008a700000, 0x000000008a800000|  0%| F|  |TAMS 0x000000008a700000, 0x000000008a700000| Untracked 
|  94|0x000000008a800000, 0x000000008a800000, 0x000000008a900000|  0%| F|  |TAMS 0x000000008a800000, 0x000000008a800000| Untracked 
|  95|0x000000008a900000, 0x000000008a900000, 0x000000008aa00000|  0%| F|  |TAMS 0x000000008a900000, 0x000000008a900000| Untracked 
|  96|0x000000008aa00000, 0x000000008aa00000, 0x000000008ab00000|  0%| F|  |TAMS 0x000000008aa00000, 0x000000008aa00000| Untracked 
|  97|0x000000008ab00000, 0x000000008ab00000, 0x000000008ac00000|  0%| F|  |TAMS 0x000000008ab00000, 0x000000008ab00000| Untracked 
|  98|0x000000008ac00000, 0x000000008ac00000, 0x000000008ad00000|  0%| F|  |TAMS 0x000000008ac00000, 0x000000008ac00000| Untracked 
|  99|0x000000008ad00000, 0x000000008ad00000, 0x000000008ae00000|  0%| F|  |TAMS 0x000000008ad00000, 0x000000008ad00000| Untracked 
| 100|0x000000008ae00000, 0x000000008ae00000, 0x000000008af00000|  0%| F|  |TAMS 0x000000008ae00000, 0x000000008ae00000| Untracked 
| 101|0x000000008af00000, 0x000000008af00000, 0x000000008b000000|  0%| F|  |TAMS 0x000000008af00000, 0x000000008af00000| Untracked 
| 102|0x000000008b000000, 0x000000008b000000, 0x000000008b100000|  0%| F|  |TAMS 0x000000008b000000, 0x000000008b000000| Untracked 
| 103|0x000000008b100000, 0x000000008b100000, 0x000000008b200000|  0%| F|  |TAMS 0x000000008b100000, 0x000000008b100000| Untracked 
| 104|0x000000008b200000, 0x000000008b200000, 0x000000008b300000|  0%| F|  |TAMS 0x000000008b200000, 0x000000008b200000| Untracked 
| 105|0x000000008b300000, 0x000000008b300000, 0x000000008b400000|  0%| F|  |TAMS 0x000000008b300000, 0x000000008b300000| Untracked 
| 106|0x000000008b400000, 0x000000008b400000, 0x000000008b500000|  0%| F|  |TAMS 0x000000008b400000, 0x000000008b400000| Untracked 
| 107|0x000000008b500000, 0x000000008b500000, 0x000000008b600000|  0%| F|  |TAMS 0x000000008b500000, 0x000000008b500000| Untracked 
| 108|0x000000008b600000, 0x000000008b600000, 0x000000008b700000|  0%| F|  |TAMS 0x000000008b600000, 0x000000008b600000| Untracked 
| 109|0x000000008b700000, 0x000000008b800000, 0x000000008b800000|100%| S|CS|TAMS 0x000000008b700000, 0x000000008b700000| Complete 
| 110|0x000000008b800000, 0x000000008b900000, 0x000000008b900000|100%| S|CS|TAMS 0x000000008b800000, 0x000000008b800000| Complete 
| 111|0x000000008b900000, 0x000000008b900000, 0x000000008ba00000|  0%| F|  |TAMS 0x000000008b900000, 0x000000008b900000| Untracked 
| 112|0x000000008ba00000, 0x000000008ba00000, 0x000000008bb00000|  0%| F|  |TAMS 0x000000008ba00000, 0x000000008ba00000| Untracked 
| 113|0x000000008bb00000, 0x000000008bb00000, 0x000000008bc00000|  0%| F|  |TAMS 0x000000008bb00000, 0x000000008bb00000| Untracked 
| 114|0x000000008bc00000, 0x000000008bc00000, 0x000000008bd00000|  0%| F|  |TAMS 0x000000008bc00000, 0x000000008bc00000| Untracked 
| 115|0x000000008bd00000, 0x000000008bdb8338, 0x000000008be00000| 71%| E|  |TAMS 0x000000008bd00000, 0x000000008bd00000| Complete 
| 116|0x000000008be00000, 0x000000008bf00000, 0x000000008bf00000|100%| E|CS|TAMS 0x000000008be00000, 0x000000008be00000| Complete 
| 117|0x000000008bf00000, 0x000000008c000000, 0x000000008c000000|100%| E|CS|TAMS 0x000000008bf00000, 0x000000008bf00000| Complete 
| 118|0x000000008c000000, 0x000000008c100000, 0x000000008c100000|100%| E|CS|TAMS 0x000000008c000000, 0x000000008c000000| Complete 
| 119|0x000000008c100000, 0x000000008c200000, 0x000000008c200000|100%| E|CS|TAMS 0x000000008c100000, 0x000000008c100000| Complete 
| 120|0x000000008c200000, 0x000000008c300000, 0x000000008c300000|100%| E|CS|TAMS 0x000000008c200000, 0x000000008c200000| Complete 
| 121|0x000000008c300000, 0x000000008c400000, 0x000000008c400000|100%| E|CS|TAMS 0x000000008c300000, 0x000000008c300000| Complete 
| 122|0x000000008c400000, 0x000000008c500000, 0x000000008c500000|100%| E|CS|TAMS 0x000000008c400000, 0x000000008c400000| Complete 
| 123|0x000000008c500000, 0x000000008c600000, 0x000000008c600000|100%| E|CS|TAMS 0x000000008c500000, 0x000000008c500000| Complete 

Card table byte_map: [0x0000016d1e5a0000,0x0000016d1e980000] _byte_map_base: 0x0000016d1e17b000

Marking Bits (Prev, Next): (CMBitMap*) 0x0000016d079a6580, (CMBitMap*) 0x0000016d079a65c0
 Prev Bits: [0x0000016d1ed60000, 0x0000016d20c38000)
 Next Bits: [0x0000016d20c40000, 0x0000016d22b18000)

Polling page: 0x0000016d057e0000

Metaspace:

Usage:
  Non-class:      6.24 MB used.
      Class:    822.02 KB used.
       Both:      7.04 MB used.

Virtual space:
  Non-class space:        8.00 MB reserved,       6.38 MB ( 80%) committed,  1 nodes.
      Class space:        1.00 GB reserved,     960.00 KB ( <1%) committed,  1 nodes.
             Both:        1.01 GB reserved,       7.31 MB ( <1%) committed. 

Chunk freelists:
   Non-Class:  1.53 MB
       Class:  2.95 MB
        Both:  4.48 MB

MaxMetaspaceSize: unlimited
CompressedClassSpaceSize: 1.00 GB
Initial GC threshold: 21.00 MB
Current GC threshold: 21.00 MB
CDS: on
MetaspaceReclaimPolicy: balanced
 - commit_granule_bytes: 65536.
 - commit_granule_words: 8192.
 - virtual_space_node_default_size: 1048576.
 - enlarge_chunks_in_place: 1.
 - new_chunks_are_fully_committed: 0.
 - uncommit_free_chunks: 1.
 - use_allocation_guard: 0.
 - handle_deallocations: 1.


Internal statistics:

num_allocs_failed_limit: 0.
num_arena_births: 222.
num_arena_deaths: 0.
num_vsnodes_births: 2.
num_vsnodes_deaths: 0.
num_space_committed: 117.
num_space_uncommitted: 0.
num_chunks_returned_to_freelist: 0.
num_chunks_taken_from_freelist: 391.
num_chunk_merges: 0.
num_chunk_splits: 242.
num_chunks_enlarged: 162.
num_purges: 0.
num_inconsistent_stats: 0.

CodeHeap 'non-profiled nmethods': size=120000Kb used=370Kb max_used=370Kb free=119630Kb
 bounds [0x0000016d16c90000, 0x0000016d16f00000, 0x0000016d1e1c0000]
CodeHeap 'profiled nmethods': size=120000Kb used=2346Kb max_used=2346Kb free=117653Kb
 bounds [0x0000016d0f760000, 0x0000016d0f9d0000, 0x0000016d16c90000]
CodeHeap 'non-nmethods': size=5760Kb used=1180Kb max_used=1186Kb free=4579Kb
 bounds [0x0000016d0f1c0000, 0x0000016d0f430000, 0x0000016d0f760000]
 total_blobs=1729 nmethods=1267 adapters=375
 compilation: enabled
              stopped_count=0, restarted_count=0
 full_count=0

Compilation events (20 events):
Event: 0.773 Thread 0x0000016d24fc7ba0 nmethod 1243 0x0000016d0f993790 code [0x0000016d0f993940, 0x0000016d0f993ad8]
Event: 0.773 Thread 0x0000016d24fc7ba0 1246   !   3       java.lang.Class::getTypeName (59 bytes)
Event: 0.773 Thread 0x0000016d24fc7ba0 nmethod 1246 0x0000016d0f993b90 code [0x0000016d0f993e40, 0x0000016d0f994888]
Event: 0.773 Thread 0x0000016d24fc7ba0 1245       3       java.util.StringJoiner::add (110 bytes)
Event: 0.774 Thread 0x0000016d24fc7ba0 nmethod 1245 0x0000016d0f994d10 code [0x0000016d0f994f60, 0x0000016d0f995a18]
Event: 0.774 Thread 0x0000016d24fc7ba0 1244       1       java.lang.reflect.Modifier::methodModifiers (4 bytes)
Event: 0.774 Thread 0x0000016d24fc7ba0 nmethod 1244 0x0000016d16ceb910 code [0x0000016d16cebaa0, 0x0000016d16cebb58]
Event: 0.774 Thread 0x0000016d24fc7ba0 1247       3       java.util.Objects::hash (5 bytes)
Event: 0.774 Thread 0x0000016d24fc7ba0 nmethod 1247 0x0000016d0f995d90 code [0x0000016d0f995f20, 0x0000016d0f996028]
Event: 0.774 Thread 0x0000016d24fc7ba0 1248       3       sun.reflect.annotation.AnnotationInvocationHandler::toSourceString (56 bytes)
Event: 0.774 Thread 0x0000016d24fc7ba0 nmethod 1248 0x0000016d0f996110 code [0x0000016d0f9963c0, 0x0000016d0f997028]
Event: 0.774 Thread 0x0000016d24fc7ba0 1249       3       java.lang.invoke.DirectMethodHandle$Holder::invokeStatic (17 bytes)
Event: 0.775 Thread 0x0000016d24fc7ba0 nmethod 1249 0x0000016d0f997510 code [0x0000016d0f9976e0, 0x0000016d0f997bf8]
Event: 0.775 Thread 0x0000016d24fc7ba0 1250       3       org.testng.collections.Lists::newArrayList (8 bytes)
Event: 0.775 Thread 0x0000016d24fc7ba0 nmethod 1250 0x0000016d0f997d10 code [0x0000016d0f997ec0, 0x0000016d0f9981f8]
Event: 0.775 Thread 0x0000016d24fc7ba0 1251       3       java.lang.invoke.DirectMethodHandle$Holder::invokeStatic (21 bytes)
Event: 0.775 Thread 0x0000016d24fc7ba0 nmethod 1251 0x0000016d0f998310 code [0x0000016d0f9984e0, 0x0000016d0f9989d8]
Event: 0.776 Thread 0x0000016d24fc7ba0 1252       1       java.util.HashMap::size (5 bytes)
Event: 0.776 Thread 0x0000016d24fc7ba0 nmethod 1252 0x0000016d16cebc10 code [0x0000016d16cebda0, 0x0000016d16cebe78]
Event: 0.776 Thread 0x0000016d24fc7ba0 1253       3       java.lang.invoke.DelegatingMethodHandle$Holder::reinvoke_L (20 bytes)

GC Heap History (2 events):
Event: 0.585 GC heap before
{Heap before GC invocations=0 (full 0):
 garbage-first heap   total 126976K, used 13312K [0x0000000084a00000, 0x0000000100000000)
  region size 1024K, 13 young (13312K), 0 survivors (0K)
 Metaspace       used 4847K, committed 5120K, reserved 1056768K
  class space    used 506K, committed 640K, reserved 1048576K
}
Event: 0.589 GC heap after
{Heap after GC invocations=1 (full 0):
 garbage-first heap   total 126976K, used 6102K [0x0000000084a00000, 0x0000000100000000)
  region size 1024K, 2 young (2048K), 2 survivors (2048K)
 Metaspace       used 4847K, committed 5120K, reserved 1056768K
  class space    used 506K, committed 640K, reserved 1048576K
}

Deoptimization events (20 events):
Event: 0.260 Thread 0x0000016d0794dcb0 DEOPT PACKING pc=0x0000016d16ca1e70 sp=0x000000443e1fe460
Event: 0.260 Thread 0x0000016d0794dcb0 DEOPT UNPACKING pc=0x0000016d0f215c23 sp=0x000000443e1fe3c8 mode 2
Event: 0.353 Thread 0x0000016d0794dcb0 Uncommon trap: trap_request=0xffffff45 fr.pc=0x0000016d16ca8f94 relative=0x0000000000000174
Event: 0.353 Thread 0x0000016d0794dcb0 Uncommon trap: reason=unstable_if action=reinterpret pc=0x0000016d16ca8f94 method=java.util.zip.ZipFile$Source.isMetaName([BII)Z @ 43 c2
Event: 0.353 Thread 0x0000016d0794dcb0 DEOPT PACKING pc=0x0000016d16ca8f94 sp=0x000000443e1fe180
Event: 0.353 Thread 0x0000016d0794dcb0 DEOPT UNPACKING pc=0x0000016d0f215c23 sp=0x000000443e1fe128 mode 2
Event: 0.358 Thread 0x0000016d0794dcb0 Uncommon trap: trap_request=0xffffff45 fr.pc=0x0000016d16cad764 relative=0x0000000000000064
Event: 0.358 Thread 0x0000016d0794dcb0 Uncommon trap: reason=unstable_if action=reinterpret pc=0x0000016d16cad764 method=java.io.WinNTFileSystem.isSlash(C)Z @ 9 c2
Event: 0.358 Thread 0x0000016d0794dcb0 DEOPT PACKING pc=0x0000016d16cad764 sp=0x000000443e1fe7b0
Event: 0.358 Thread 0x0000016d0794dcb0 DEOPT UNPACKING pc=0x0000016d0f215c23 sp=0x000000443e1fe738 mode 2
Event: 0.362 Thread 0x0000016d0794dcb0 DEOPT PACKING pc=0x0000016d0f7852e5 sp=0x000000443e1fac20
Event: 0.362 Thread 0x0000016d0794dcb0 DEOPT UNPACKING pc=0x0000016d0f216763 sp=0x000000443e1fa098 mode 0
Event: 0.415 Thread 0x0000016d0794dcb0 DEOPT PACKING pc=0x0000016d0f786f3e sp=0x000000443e1fc360
Event: 0.415 Thread 0x0000016d0794dcb0 DEOPT UNPACKING pc=0x0000016d0f216763 sp=0x000000443e1fb7d8 mode 0
Event: 0.479 Thread 0x0000016d0794dcb0 DEOPT PACKING pc=0x0000016d0f78e1fe sp=0x000000443e1fb9d0
Event: 0.479 Thread 0x0000016d0794dcb0 DEOPT UNPACKING pc=0x0000016d0f216763 sp=0x000000443e1fae40 mode 0
Event: 0.533 Thread 0x0000016d0794dcb0 DEOPT PACKING pc=0x0000016d0f792e56 sp=0x000000443e1fcf40
Event: 0.533 Thread 0x0000016d0794dcb0 DEOPT UNPACKING pc=0x0000016d0f216763 sp=0x000000443e1fc3e0 mode 0
Event: 0.614 Thread 0x0000016d0794dcb0 DEOPT PACKING pc=0x0000016d0f89d3a7 sp=0x000000443e1fa1c0
Event: 0.614 Thread 0x0000016d0794dcb0 DEOPT UNPACKING pc=0x0000016d0f216763 sp=0x000000443e1f9620 mode 0

Classes unloaded (0 events):
No events

Classes redefined (0 events):
No events

Internal exceptions (20 events):
Event: 0.634 Thread 0x0000016d0794dcb0 Exception <a 'java/lang/NoSuchMethodError'{0x000000008c340898}: 'java.lang.Object java.lang.invoke.Invokers$Holder.invokeExact_MT(java.lang.Object, java.lang.Object, java.lang.Object, java.lang.Object, java.lang.Object, java.lang.Object)'> (0x000000008c340898) 
thrown [s\open\src\hotspot\share\interpreter\linkResolver.cpp, line 759]
Event: 0.636 Thread 0x0000016d0794dcb0 Exception <a 'java/lang/NoSuchMethodError'{0x000000008c3566b8}: 'java.lang.Object java.lang.invoke.DirectMethodHandle$Holder.invokeInterface(java.lang.Object, java.lang.Object)'> (0x000000008c3566b8) 
thrown [s\open\src\hotspot\share\interpreter\linkResolver.cpp, line 759]
Event: 0.641 Thread 0x0000016d0794dcb0 Exception <a 'java/lang/NoSuchMethodError'{0x000000008c3748e0}: 'int java.lang.invoke.DirectMethodHandle$Holder.invokeVirtual(java.lang.Object, java.lang.Object)'> (0x000000008c3748e0) 
thrown [s\open\src\hotspot\share\interpreter\linkResolver.cpp, line 759]
Event: 0.654 Thread 0x0000016d0794dcb0 Exception <a 'java/lang/NoSuchMethodError'{0x000000008c202a80}: 'java.lang.Object java.lang.invoke.DirectMethodHandle$Holder.invokeSpecial(java.lang.Object, java.lang.Object, java.lang.Object, int, java.lang.Object)'> (0x000000008c202a80) 
thrown [s\open\src\hotspot\share\interpreter\linkResolver.cpp, line 759]
Event: 0.657 Thread 0x0000016d0794dcb0 Exception <a 'java/lang/NoSuchMethodError'{0x000000008c21a828}: 'int java.lang.invoke.DirectMethodHandle$Holder.invokeStaticInit(java.lang.Object, java.lang.Object, java.lang.Object)'> (0x000000008c21a828) 
thrown [s\open\src\hotspot\share\interpreter\linkResolver.cpp, line 759]
Event: 0.697 Thread 0x0000016d0794dcb0 Exception <a 'java/lang/IncompatibleClassChangeError'{0x000000008c1acec8}: Found class java.lang.Object, but interface was expected> (0x000000008c1acec8) 
thrown [s\open\src\hotspot\share\interpreter\linkResolver.cpp, line 826]
Event: 0.699 Thread 0x0000016d0794dcb0 Exception <a 'java/lang/NoSuchMethodError'{0x000000008c1c8068}: 'java.lang.Object java.lang.invoke.DirectMethodHandle$Holder.invokeSpecial(java.lang.Object, java.lang.Object, java.lang.Object, java.lang.Object, java.lang.Object, java.lang.Object, java.lang.Object, java.lang.Object, java.lang.Object, java.lang.Object)'> (0x000000008c1c8068) 
thrown [s\open\src\hotspot\share\interpreter\linkResolver.cpp, line 759]
Event: 0.700 Thread 0x0000016d0794dcb0 Exception <a 'java/lang/NoSuchMethodError'{0x000000008c1d2de8}: 'java.lang.Object java.lang.invoke.DirectMethodHandle$Holder.newInvokeSpecial(java.lang.Object, java.lang.Object, java.lang.Object, java.lang.Object, java.lang.Object, java.lang.Object, java.lang.Object, java.lang.Object, java.lang.Object)'> (0x000000008c1d2de8) 
thrown [s\open\src\hotspot\share\interpreter\linkResolver.cpp, line 759]
Event: 0.700 Thread 0x0000016d0794dcb0 Exception <a 'java/lang/NoSuchMethodError'{0x000000008c1d8138}: 'java.lang.Object java.lang.invoke.Invokers$Holder.linkToTargetMethod(java.lang.Object, java.lang.Object, java.lang.Object, java.lang.Object, java.lang.Object, java.lang.Object, java.lang.Object, java.lang.Object, java.lang.Object)'> (0x000000008c1d8138) 
thrown [s\open\src\hotspot\share\interpreter\linkResolver.cpp, line 759]
Event: 0.709 Thread 0x0000016d0794dcb0 Exception <a 'java/lang/NoSuchMethodError'{0x000000008c0227d0}: 'java.lang.Object java.lang.invoke.DirectMethodHandle$Holder.newInvokeSpecial(java.lang.Object, java.lang.Object, java.lang.Object, java.lang.Object, java.lang.Object, java.lang.Object, java.lang.Object)'> (0x000000008c0227d0) 
thrown [s\open\src\hotspot\share\interpreter\linkResolver.cpp, line 759]
Event: 0.710 Thread 0x0000016d0794dcb0 Exception <a 'java/lang/NoSuchMethodError'{0x000000008c027438}: 'java.lang.Object java.lang.invoke.Invokers$Holder.linkToTargetMethod(java.lang.Object, java.lang.Object, java.lang.Object, java.lang.Object, java.lang.Object, java.lang.Object, java.lang.Object)'> (0x000000008c027438) 
thrown [s\open\src\hotspot\share\interpreter\linkResolver.cpp, line 759]
Event: 0.720 Thread 0x0000016d0794dcb0 Exception <a 'java/lang/NoSuchMethodError'{0x000000008c07a800}: 'java.lang.Object java.lang.invoke.DirectMethodHandle$Holder.newInvokeSpecial(java.lang.Object, java.lang.Object, java.lang.Object, java.lang.Object, java.lang.Object)'> (0x000000008c07a800) 
thrown [s\open\src\hotspot\share\interpreter\linkResolver.cpp, line 759]
Event: 0.724 Thread 0x0000016d0794dcb0 Exception <a 'java/lang/NoSuchMethodError'{0x000000008c0aad58}: 'int java.lang.invoke.DirectMethodHandle$Holder.invokeSpecial(java.lang.Object, java.lang.Object, java.lang.Object)'> (0x000000008c0aad58) 
thrown [s\open\src\hotspot\share\interpreter\linkResolver.cpp, line 759]
Event: 0.733 Thread 0x0000016d0794dcb0 Exception <a 'java/lang/IncompatibleClassChangeError'{0x000000008bf04fc8}: Found class java.lang.Object, but interface was expected> (0x000000008bf04fc8) 
thrown [s\open\src\hotspot\share\interpreter\linkResolver.cpp, line 826]
Event: 0.742 Thread 0x0000016d0794dcb0 Exception <a 'java/lang/NoSuchMethodError'{0x000000008bf7d030}: 'java.lang.Object java.lang.invoke.Invokers$Holder.linkToTargetMethod(java.lang.Object, long, java.lang.Object)'> (0x000000008bf7d030) 
thrown [s\open\src\hotspot\share\interpreter\linkResolver.cpp, line 759]
Event: 0.743 Thread 0x0000016d0794dcb0 Exception <a 'java/lang/NoSuchMethodError'{0x000000008bf88510}: 'java.lang.Object java.lang.invoke.DirectMethodHandle$Holder.newInvokeSpecial(java.lang.Object, java.lang.Object, int, java.lang.Object, java.lang.Object)'> (0x000000008bf88510) 
thrown [s\open\src\hotspot\share\interpreter\linkResolver.cpp, line 759]
Event: 0.761 Thread 0x0000016d0794dcb0 Exception <a 'java/lang/NoSuchMethodError'{0x000000008be1e4c0}: 'java.lang.Object java.lang.invoke.DirectMethodHandle$Holder.newInvokeSpecial(java.lang.Object, int, java.lang.Object)'> (0x000000008be1e4c0) 
thrown [s\open\src\hotspot\share\interpreter\linkResolver.cpp, line 759]
Event: 0.770 Thread 0x0000016d0794dcb0 Exception <a 'java/lang/NoSuchMethodError'{0x000000008be77178}: 'java.lang.Object java.lang.invoke.DirectMethodHandle$Holder.invokeStatic(java.lang.Object, java.lang.Object, java.lang.Object, int, java.lang.Object, java.lang.Object)'> (0x000000008be77178) 
thrown [s\open\src\hotspot\share\interpreter\linkResolver.cpp, line 759]
Event: 0.771 Thread 0x0000016d0794dcb0 Exception <a 'java/lang/NoSuchMethodError'{0x000000008be7f4c8}: 'java.lang.Object java.lang.invoke.DirectMethodHandle$Holder.newInvokeSpecial(java.lang.Object, java.lang.Object, java.lang.Object, int, java.lang.Object)'> (0x000000008be7f4c8) 
thrown [s\open\src\hotspot\share\interpreter\linkResolver.cpp, line 759]
Event: 0.772 Thread 0x0000016d0794dcb0 Exception <a 'java/lang/NoSuchMethodError'{0x000000008be86e98}: 'java.lang.Object java.lang.invoke.Invokers$Holder.linkToTargetMethod(java.lang.Object, java.lang.Object, int, java.lang.Object, java.lang.Object)'> (0x000000008be86e98) 
thrown [s\open\src\hotspot\share\interpreter\linkResolver.cpp, line 759]

VM Operations (18 events):
Event: 0.103 Executing VM operation: HandshakeAllThreads
Event: 0.103 Executing VM operation: HandshakeAllThreads done
Event: 0.358 Executing VM operation: HandshakeAllThreads
Event: 0.358 Executing VM operation: HandshakeAllThreads done
Event: 0.451 Executing VM operation: HandshakeAllThreads
Event: 0.451 Executing VM operation: HandshakeAllThreads done
Event: 0.464 Executing VM operation: HandshakeAllThreads
Event: 0.464 Executing VM operation: HandshakeAllThreads done
Event: 0.508 Executing VM operation: HandshakeAllThreads
Event: 0.508 Executing VM operation: HandshakeAllThreads done
Event: 0.567 Executing VM operation: HandshakeAllThreads
Event: 0.567 Executing VM operation: HandshakeAllThreads done
Event: 0.585 Executing VM operation: G1CollectForAllocation
Event: 0.590 Executing VM operation: G1CollectForAllocation done
Event: 0.764 Executing VM operation: HandshakeAllThreads
Event: 0.764 Executing VM operation: HandshakeAllThreads done
Event: 0.775 Executing VM operation: HandshakeAllThreads
Event: 0.775 Executing VM operation: HandshakeAllThreads done

Events (20 events):
Event: 0.765 loading class java/util/function/LongFunction
Event: 0.765 loading class java/util/function/LongFunction done
Event: 0.765 loading class java/util/stream/Nodes$ConcNode
Event: 0.765 loading class java/util/stream/Nodes$AbstractConcNode
Event: 0.765 loading class java/util/stream/Nodes$AbstractConcNode done
Event: 0.765 loading class java/util/stream/Nodes$ConcNode done
Event: 0.766 loading class java/util/stream/Nodes$ArrayNode
Event: 0.766 loading class java/util/stream/Nodes$ArrayNode done
Event: 0.772 loading class java/util/stream/Nodes$SizedCollectorTask$OfRef
Event: 0.772 loading class java/util/stream/Nodes$SizedCollectorTask
Event: 0.772 loading class java/util/stream/Nodes$SizedCollectorTask done
Event: 0.772 loading class java/util/stream/Nodes$SizedCollectorTask$OfRef done
Event: 0.775 loading class java/util/IdentityHashMap$ValueSpliterator
Event: 0.775 loading class java/util/IdentityHashMap$IdentityHashMapSpliterator
Event: 0.775 loading class java/util/IdentityHashMap$IdentityHashMapSpliterator done
Event: 0.775 loading class java/util/IdentityHashMap$ValueSpliterator done
Event: 0.775 loading class java/util/stream/ReduceOps$2
Event: 0.775 loading class java/util/stream/ReduceOps$2 done
Event: 0.775 loading class java/util/stream/ReduceOps$2ReducingSink
Event: 0.776 loading class java/util/stream/ReduceOps$2ReducingSink done


Dynamic libraries:
0x00007ff6f48d0000 - 0x00007ff6f48e0000 	C:\Program Files\Java\jdk-17.0.4.1\bin\javaw.exe
0x00007ff910f10000 - 0x00007ff911108000 	C:\Windows\SYSTEM32\ntdll.dll
0x00007ff90fa70000 - 0x00007ff90fb2f000 	C:\Windows\System32\KERNEL32.DLL
0x00007ff90eb70000 - 0x00007ff90ee66000 	C:\Windows\System32\KERNELBASE.dll
0x00007ff90ea40000 - 0x00007ff90eb40000 	C:\Windows\System32\ucrtbase.dll
0x00007ff8fb230000 - 0x00007ff8fb24a000 	C:\Program Files\Java\jdk-17.0.4.1\bin\VCRUNTIME140.dll
0x00007ff9022d0000 - 0x00007ff9022e8000 	C:\Program Files\Java\jdk-17.0.4.1\bin\jli.dll
0x00007ff90ef70000 - 0x00007ff90f01f000 	C:\Windows\System32\ADVAPI32.dll
0x00007ff90fb30000 - 0x00007ff90fbce000 	C:\Windows\System32\msvcrt.dll
0x00007ff90f2f0000 - 0x00007ff90f38c000 	C:\Windows\System32\sechost.dll
0x00007ff90fc90000 - 0x00007ff90fdb6000 	C:\Windows\System32\RPCRT4.dll
0x00007ff90f530000 - 0x00007ff90f6cd000 	C:\Windows\System32\USER32.dll
0x00007ff90eb40000 - 0x00007ff90eb62000 	C:\Windows\System32\win32u.dll
0x00007ff90fc60000 - 0x00007ff90fc8c000 	C:\Windows\System32\GDI32.dll
0x00007ff90e5f0000 - 0x00007ff90e705000 	C:\Windows\System32\gdi32full.dll
0x00007ff90e7c0000 - 0x00007ff90e85d000 	C:\Windows\System32\msvcp_win.dll
0x00007ff8f6900000 - 0x00007ff8f6b9a000 	C:\Windows\WinSxS\amd64_microsoft.windows.common-controls_6595b64144ccf1df_6.0.19041.1110_none_60b5254171f9507e\COMCTL32.dll
0x00007ff902aa0000 - 0x00007ff902aaa000 	C:\Windows\SYSTEM32\VERSION.dll
0x00007ff90fc30000 - 0x00007ff90fc60000 	C:\Windows\System32\IMM32.DLL
0x00007ff9087e0000 - 0x00007ff9087ec000 	C:\Program Files\Java\jdk-17.0.4.1\bin\vcruntime140_1.dll
0x00007ff8e27c0000 - 0x00007ff8e284d000 	C:\Program Files\Java\jdk-17.0.4.1\bin\msvcp140.dll
0x00007ff89b470000 - 0x00007ff89c032000 	C:\Program Files\Java\jdk-17.0.4.1\bin\server\jvm.dll
0x00007ff90f140000 - 0x00007ff90f148000 	C:\Windows\System32\PSAPI.DLL
0x00007ff8efad0000 - 0x00007ff8efad9000 	C:\Windows\SYSTEM32\WSOCK32.dll
0x00007ff90f0d0000 - 0x00007ff90f13b000 	C:\Windows\System32\WS2_32.dll
0x00007ff906360000 - 0x00007ff906387000 	C:\Windows\SYSTEM32\WINMM.dll
0x00007ff90ced0000 - 0x00007ff90cee2000 	C:\Windows\SYSTEM32\kernel.appcore.dll
0x00007ff908370000 - 0x00007ff90837a000 	C:\Program Files\Java\jdk-17.0.4.1\bin\jimage.dll
0x00007ff90c1c0000 - 0x00007ff90c3a4000 	C:\Windows\SYSTEM32\DBGHELP.DLL
0x00007ff906320000 - 0x00007ff906354000 	C:\Windows\SYSTEM32\dbgcore.DLL
0x00007ff90eee0000 - 0x00007ff90ef62000 	C:\Windows\System32\bcryptPrimitives.dll
0x00007ff8f89f0000 - 0x00007ff8f8a15000 	C:\Program Files\Java\jdk-17.0.4.1\bin\java.dll
0x00007ff8d5ce0000 - 0x00007ff8d5db6000 	C:\Program Files\Java\jdk-17.0.4.1\bin\jsvml.dll
0x00007ff90fdc0000 - 0x00007ff910504000 	C:\Windows\System32\SHELL32.dll
0x00007ff90c600000 - 0x00007ff90cd93000 	C:\Windows\SYSTEM32\windows.storage.dll
0x00007ff910b70000 - 0x00007ff910ec4000 	C:\Windows\System32\combase.dll
0x00007ff90e050000 - 0x00007ff90e07e000 	C:\Windows\SYSTEM32\Wldp.dll
0x00007ff910570000 - 0x00007ff91061d000 	C:\Windows\System32\SHCORE.dll
0x00007ff90f150000 - 0x00007ff90f1a5000 	C:\Windows\System32\shlwapi.dll
0x00007ff90e530000 - 0x00007ff90e54f000 	C:\Windows\SYSTEM32\profapi.dll
0x00007ff8fb1a0000 - 0x00007ff8fb1b9000 	C:\Program Files\Java\jdk-17.0.4.1\bin\net.dll
0x00007ff906870000 - 0x00007ff90697a000 	C:\Windows\SYSTEM32\WINHTTP.dll
0x00007ff90ddb0000 - 0x00007ff90de1a000 	C:\Windows\system32\mswsock.dll
0x00007ff8fab30000 - 0x00007ff8fab46000 	C:\Program Files\Java\jdk-17.0.4.1\bin\nio.dll
0x00007ff8fa480000 - 0x00007ff8fa498000 	C:\Program Files\Java\jdk-17.0.4.1\bin\zip.dll
0x00007ff907860000 - 0x00007ff907870000 	C:\Program Files\Java\jdk-17.0.4.1\bin\verify.dll
0x00007ff90da90000 - 0x00007ff90db5b000 	C:\Windows\SYSTEM32\DNSAPI.dll
0x00007ff90da50000 - 0x00007ff90da8c000 	C:\Windows\SYSTEM32\IPHLPAPI.DLL
0x00007ff90f020000 - 0x00007ff90f028000 	C:\Windows\System32\NSI.dll
0x00007ff903490000 - 0x00007ff90349a000 	C:\Windows\System32\rasadhlp.dll
0x00007ff9061e0000 - 0x00007ff906262000 	C:\Windows\System32\fwpuclnt.dll
0x00007ff90ea10000 - 0x00007ff90ea37000 	C:\Windows\System32\bcrypt.dll
0x00007ff90dfa0000 - 0x00007ff90dfb8000 	C:\Windows\SYSTEM32\CRYPTSP.dll
0x00007ff90d660000 - 0x00007ff90d694000 	C:\Windows\system32\rsaenh.dll
0x00007ff90e4b0000 - 0x00007ff90e4de000 	C:\Windows\SYSTEM32\USERENV.dll
0x00007ff90dfc0000 - 0x00007ff90dfcc000 	C:\Windows\SYSTEM32\CRYPTBASE.dll
0x00007ff905f10000 - 0x00007ff905f27000 	C:\Windows\SYSTEM32\dhcpcsvc6.DLL
0x00007ff9058f0000 - 0x00007ff90590d000 	C:\Windows\SYSTEM32\dhcpcsvc.DLL

dbghelp: loaded successfully - version: 4.0.5 - missing functions: none
symbol engine: initialized successfully - sym options: 0x614 - pdb path: .;C:\Program Files\Java\jdk-17.0.4.1\bin;C:\Windows\SYSTEM32;C:\Windows\WinSxS\amd64_microsoft.windows.common-controls_6595b64144ccf1df_6.0.19041.1110_none_60b5254171f9507e;C:\Program Files\Java\jdk-17.0.4.1\bin\server

VM Arguments:
jvm_args: -ea -Dfile.encoding=UTF-8 -XX:+ShowCodeDetailsInExceptionMessages 
java_command: org.testng.remote.RemoteTestNG -serport 54214 -protocol json -d C:\Users\rohan.patil\eclipse-workspace\Zeus\test-output C:\Users\ROHAN~1.PAT\AppData\Local\Temp\testng-eclipse-323046597\testng-customsuite.xml
java_class_path (initial): C:\Users\rohan.patil\eclipse\java-2022-09\eclipse\configuration\org.eclipse.osgi\839\0\.cp\lib\testng-remote.jar;C:\Users\rohan.patil\eclipse-workspace\Zeus\target\test-classes;C:\Users\rohan.patil\eclipse-workspace\Zeus\target\classes;C:\Users\rohan.patil\.p2\pool\plugins\org.testng_7.8.0.r202306071539.jar;C:\Users\rohan.patil\.p2\pool\plugins\com.beust.jcommander_1.82.0.jar;C:\Users\rohan.patil\.p2\pool\plugins\org.apache-extras.beanshell.bsh_2.0.0.b6.jar;C:\Users\rohan.patil\.p2\pool\plugins\org.yaml.snakeyaml_1.27.0.v20221112-0806.jar;C:\Users\rohan.patil\.p2\pool\plugins\org.webjars.jquery_3.6.1.jar;C:\Users\rohan.patil\.m2\repository\org\apache\poi\poi-ooxml\5.2.2\poi-ooxml-5.2.2.jar;C:\Users\rohan.patil\.m2\repository\org\apache\poi\poi\5.2.2\poi-5.2.2.jar;C:\Users\rohan.patil\.m2\repository\commons-codec\commons-codec\1.15\commons-codec-1.15.jar;C:\Users\rohan.patil\.m2\repository\org\apache\commons\commons-math3\3.6.1\commons-math3-3.6.1.jar;C:\Users\rohan.patil\.m2\repository\com\zaxxer\SparseBitSet\1.2\SparseBitSet-1.2.jar;C:\Users\rohan.patil\.m2\repository\org\apache\poi\poi-ooxml-lite\5.2.2\poi-ooxml-lite-5.2.2.jar;C:\Users\rohan.patil\.m2\repository\org\apache\xmlbeans\xmlbeans\5.0.3\xmlbeans-5.0.3.jar;C:\Users\rohan.patil\.m2\repository\org\apache\commons\commons-compress\1.21\commons-compress-1.21.jar;C:\Users\rohan.patil\.m2\repository\commons-io\commons-io\2.11.0\commons-io-2.11.0.jar;C:\Users\rohan.patil\.m2\repository\com\github\virtuald\curvesapi\1.07\curvesapi-1.07.jar;C:\Users\rohan.patil\.m2\repository\org\apache\logging\log4j\log4j-api\2.17.2\log4j-api-2.17.2.jar;C:\Users\rohan.patil\.m2\repository\org\apache\commons\commons-collections4\4.4\commons-collections4-4.4.jar;C:\Users\rohan.patil\.m2\repository\org\seleniumhq\selenium\selenium-java\4.10.0\selenium-java-4.10.0.jar;C:\Users\rohan.patil\.m2\repository\org\seleniumhq\selenium\selenium-api\4.10.0\selenium-api-4.10.0.jar;C:\Users\rohan.patil\.m2\repository\
Launcher Type: SUN_STANDARD

[Global flags]
     intx CICompilerCount                          = 3                                         {product} {ergonomic}
     uint ConcGCThreads                            = 1                                         {product} {ergonomic}
     uint G1ConcRefinementThreads                  = 4                                         {product} {ergonomic}
   size_t G1HeapRegionSize                         = 1048576                                   {product} {ergonomic}
    uintx GCDrainStackTargetSize                   = 64                                        {product} {ergonomic}
   size_t InitialHeapSize                          = 130023424                                 {product} {ergonomic}
   size_t MarkStackSize                            = 4194304                                   {product} {ergonomic}
   size_t MaxHeapSize                              = 2069889024                                {product} {ergonomic}
   size_t MaxNewSize                               = 1241513984                                {product} {ergonomic}
   size_t MinHeapDeltaBytes                        = 1048576                                   {product} {ergonomic}
   size_t MinHeapSize                              = 8388608                                   {product} {ergonomic}
    uintx NonNMethodCodeHeapSize                   = 5832780                                {pd product} {ergonomic}
    uintx NonProfiledCodeHeapSize                  = 122912730                              {pd product} {ergonomic}
    uintx ProfiledCodeHeapSize                     = 122912730                              {pd product} {ergonomic}
    uintx ReservedCodeCacheSize                    = 251658240                              {pd product} {ergonomic}
     bool SegmentedCodeCache                       = true                                      {product} {ergonomic}
     bool ShowCodeDetailsInExceptionMessages       = true                                   {manageable} {command line}
   size_t SoftMaxHeapSize                          = 2069889024                             {manageable} {ergonomic}
     bool UseCompressedClassPointers               = true                           {product lp64_product} {ergonomic}
     bool UseCompressedOops                        = true                           {product lp64_product} {ergonomic}
     bool UseG1GC                                  = true                                      {product} {ergonomic}
     bool UseLargePagesIndividualAllocation        = false                                  {pd product} {ergonomic}

Logging:
Log output configuration:
 #0: stdout all=warning uptime,level,tags
 #1: stderr all=off uptime,level,tags

Environment Variables:
JAVA_HOME=C:\Program Files\Java\jdk-17.0.4.1
PATH=C:\Program Files\Common Files\Oracle\Java\javapath;C:\Windows\system32;C:\Windows;C:\Windows\System32\Wbem;C:\Windows\System32\WindowsPowerShell\v1.0\;C:\Windows\System32\OpenSSH\;C:\Program Files\nodejs\;C:\Program Files\Microsoft SQL Server\150\Tools\Binn\;C:\Program Files\dotnet\;C:\Users\rohan.patil\AppData\Local\Microsoft\WindowsApps;C:\Users\rohan.patil\AppData\Local\Programs\Git\cmd;C:\Users\rohan.patil\AppData\Local\Programs\Microsoft VS Code\bin;C:\Users\rohan.patil\AppData\Roaming\npm
USERNAME=rohan.patil
OS=Windows_NT
PROCESSOR_IDENTIFIER=Intel64 Family 6 Model 140 Stepping 1, GenuineIntel



---------------  S Y S T E M  ---------------

OS:
 Windows 10 , 64 bit Build 19041 (10.0.19041.2913)
OS uptime: 23 days 2:44 hours

CPU: total 4 (initial active 4) (2 cores per cpu, 2 threads per core) family 6 model 140 stepping 1 microcode 0x86, cx8, cmov, fxsr, ht, mmx, 3dnowpref, sse, sse2, sse3, ssse3, sse4.1, sse4.2, popcnt, lzcnt, tsc, tscinvbit, avx, avx2, aes, erms, clmul, bmi1, bmi2, adx, avx512f, avx512dq, avx512cd, avx512bw, avx512vl, sha, fma, vzeroupper, avx512_vpopcntdq, avx512_vpclmulqdq, avx512_vaes, avx512_vnni, clflush, clflushopt, clwb, avx512_vbmi2, avx512_vbmi

Memory: 4k page, system-wide physical 7894M (766M free)
TotalPageFile size 25527M (AvailPageFile size 5M)
current process WorkingSet (physical memory assigned to process): 75M, peak: 75M
current process commit charge ("private bytes"): 218M, peak: 218M

vm_info: Java HotSpot(TM) 64-Bit Server VM (17.0.4.1+1-LTS-2) for windows-amd64 JRE (17.0.4.1+1-LTS-2), built on Aug 16 2022 18:32:06 by "mach5one" with MS VC++ 16.8 / 16.9 (VS2019)

END.
