#
# There is insufficient memory for the Java Runtime Environment to continue.
# Native memory allocation (malloc) failed to allocate 2029472 bytes for Chunk::new
# Possible reasons:
#   The system is out of physical RAM or swap space
#   The process is running with CompressedOops enabled, and the Java Heap may be blocking the growth of the native heap
# Possible solutions:
#   Reduce memory load on the system
#   Increase physical memory or swap space
#   Check if swap backing store is full
#   Decrease Java heap size (-Xmx/-Xms)
#   Decrease number of Java threads
#   Decrease Java thread stack sizes (-Xss)
#   Set larger code cache with -XX:ReservedCodeCacheSize=
#   JVM is running with Unscaled Compressed Oops mode in which the Java heap is
#     placed in the first 4GB address space. The Java Heap base address is the
#     maximum limit for the native heap growth. Please use -XX:HeapBaseMinAddress
#     to set the Java Heap base and to place the Java Heap above 4GB virtual address.
# This output file may be truncated or incomplete.
#
#  Out of Memory Error (arena.cpp:189), pid=6344, tid=19252
#
# JRE version: Java(TM) SE Runtime Environment (17.0.4.1+1) (build 17.0.4.1+1-LTS-2)
# Java VM: Java HotSpot(TM) 64-Bit Server VM (17.0.4.1+1-LTS-2, mixed mode, sharing, tiered, compressed oops, compressed class ptrs, g1 gc, windows-amd64)
# No core dump will be written. Minidumps are not enabled by default on client versions of Windows
#

---------------  S U M M A R Y ------------

Command Line: -ea -Dfile.encoding=UTF-8 -XX:+ShowCodeDetailsInExceptionMessages org.testng.remote.RemoteTestNG -serport 51465 -protocol json -d C:\Users\rohan.patil\eclipse-workspace\Zeus\test-output C:\Users\ROHAN~1.PAT\AppData\Local\Temp\testng-eclipse-1193257042\testng-customsuite.xml

Host: 11th Gen Intel(R) Core(TM) i3-1115G4 @ 3.00GHz, 4 cores, 7G,  Windows 10 , 64 bit Build 19041 (10.0.19041.3155)
Time: Tue Aug  1 16:29:19 2023 India Standard Time elapsed time: 2.221163 seconds (0d 0h 0m 2s)

---------------  T H R E A D  ---------------

Current thread (0x00000222d9503050):  JavaThread "C2 CompilerThread0" daemon [_thread_in_native, id=19252, stack(0x000000a6f6800000,0x000000a6f6900000)]


Current CompileTask:
C2:   2221 1973       4       java.lang.invoke.MethodType::makeImpl (109 bytes)

Stack: [0x000000a6f6800000,0x000000a6f6900000]
Native frames: (J=compiled Java code, j=interpreted, Vv=VM code, C=native code)
V  [jvm.dll+0x6723ba]
V  [jvm.dll+0x7d1e34]
V  [jvm.dll+0x7d35de]
V  [jvm.dll+0x7d3c43]
V  [jvm.dll+0x243065]
V  [jvm.dll+0xaa57b]
V  [jvm.dll+0xaab0c]
V  [jvm.dll+0x360467]
V  [jvm.dll+0x32a971]
V  [jvm.dll+0x329e1a]
V  [jvm.dll+0x2161a1]
V  [jvm.dll+0x2155c1]
V  [jvm.dll+0x1a1fcd]
V  [jvm.dll+0x224e08]
V  [jvm.dll+0x222f75]
V  [jvm.dll+0x787a0b]
V  [jvm.dll+0x781fca]
V  [jvm.dll+0x671245]
C  [ucrtbase.dll+0x21bb2]
C  [KERNEL32.DLL+0x17614]
C  [ntdll.dll+0x526b1]


---------------  P R O C E S S  ---------------

Threads class SMR info:
_java_thread_list=0x00000222dbd19040, length=22, elements={
0x00000222b9f209a0, 0x00000222d94e8e60, 0x00000222d94ee3d0, 0x00000222d94fe5a0,
0x00000222d94fef50, 0x00000222d9501910, 0x00000222d95022c0, 0x00000222d9503050,
0x00000222d956e140, 0x00000222d9571f00, 0x00000222da0a6df0, 0x00000222da0bb130,
0x00000222da9394d0, 0x00000222dbaaf130, 0x00000222db8adea0, 0x00000222dbc6e5e0,
0x00000222db3db860, 0x00000222db12c730, 0x00000222dab0e7c0, 0x00000222dab03a40,
0x00000222dab02700, 0x00000222dab030a0
}

Java Threads: ( => current thread )
  0x00000222b9f209a0 JavaThread "Forwarding newSession on session null to remote" [_thread_in_native, id=12332, stack(0x000000a6f5b00000,0x000000a6f5c00000)]
  0x00000222d94e8e60 JavaThread "Reference Handler" daemon [_thread_blocked, id=2368, stack(0x000000a6f6200000,0x000000a6f6300000)]
  0x00000222d94ee3d0 JavaThread "Finalizer" daemon [_thread_blocked, id=14348, stack(0x000000a6f6300000,0x000000a6f6400000)]
  0x00000222d94fe5a0 JavaThread "Signal Dispatcher" daemon [_thread_blocked, id=13680, stack(0x000000a6f6400000,0x000000a6f6500000)]
  0x00000222d94fef50 JavaThread "Attach Listener" daemon [_thread_blocked, id=1556, stack(0x000000a6f6500000,0x000000a6f6600000)]
  0x00000222d9501910 JavaThread "Service Thread" daemon [_thread_blocked, id=9660, stack(0x000000a6f6600000,0x000000a6f6700000)]
  0x00000222d95022c0 JavaThread "Monitor Deflation Thread" daemon [_thread_blocked, id=17328, stack(0x000000a6f6700000,0x000000a6f6800000)]
=>0x00000222d9503050 JavaThread "C2 CompilerThread0" daemon [_thread_in_native, id=19252, stack(0x000000a6f6800000,0x000000a6f6900000)]
  0x00000222d956e140 JavaThread "C1 CompilerThread0" daemon [_thread_blocked, id=12052, stack(0x000000a6f6900000,0x000000a6f6a00000)]
  0x00000222d9571f00 JavaThread "Sweeper thread" daemon [_thread_blocked, id=15880, stack(0x000000a6f6a00000,0x000000a6f6b00000)]
  0x00000222da0a6df0 JavaThread "Notification Thread" daemon [_thread_blocked, id=13428, stack(0x000000a6f6b00000,0x000000a6f6c00000)]
  0x00000222da0bb130 JavaThread "Common-Cleaner" daemon [_thread_blocked, id=10260, stack(0x000000a6f6d00000,0x000000a6f6e00000)]
  0x00000222da9394d0 JavaThread "ReaderThread" [_thread_in_native, id=8976, stack(0x000000a6f6f00000,0x000000a6f7000000)]
  0x00000222dbaaf130 JavaThread "ForkJoinPool.commonPool-worker-1" daemon [_thread_blocked, id=8296, stack(0x000000a6f7400000,0x000000a6f7500000)]
  0x00000222db8adea0 JavaThread "AsyncHttpClient-1-1" daemon [_thread_blocked, id=14696, stack(0x000000a6f7500000,0x000000a6f7600000)]
  0x00000222dbc6e5e0 JavaThread "Exec Default Executor" daemon [_thread_in_native, id=4960, stack(0x000000a6f7600000,0x000000a6f7700000)]
  0x00000222db3db860 JavaThread "Exec Stream Pumper" daemon [_thread_in_native, id=17424, stack(0x000000a6f7700000,0x000000a6f7800000)]
  0x00000222db12c730 JavaThread "Exec Stream Pumper" daemon [_thread_in_native, id=15244, stack(0x000000a6f7800000,0x000000a6f7900000)]
  0x00000222dab0e7c0 JavaThread "Driver Service Executor" daemon [_thread_blocked, id=12208, stack(0x000000a6f7900000,0x000000a6f7a00000)]
  0x00000222dab03a40 JavaThread "Driver Service Executor" daemon [_thread_blocked, id=8116, stack(0x000000a6f7a00000,0x000000a6f7b00000)]
  0x00000222dab02700 JavaThread "UrlChecker-2" daemon [_thread_blocked, id=3376, stack(0x000000a6f7b00000,0x000000a6f7c00000)]
  0x00000222dab030a0 JavaThread "Keep-Alive-Timer" daemon [_thread_blocked, id=1120, stack(0x000000a6f7300000,0x000000a6f7400000)]

Other Threads:
  0x00000222d94e2420 VMThread "VM Thread" [stack: 0x000000a6f6100000,0x000000a6f6200000] [id=9032]
  0x00000222da0a72c0 WatcherThread [stack: 0x000000a6f6c00000,0x000000a6f6d00000] [id=16436]
  0x00000222b9f75ba0 GCTaskThread "GC Thread#0" [stack: 0x000000a6f5c00000,0x000000a6f5d00000] [id=2472]
  0x00000222da9ad670 GCTaskThread "GC Thread#1" [stack: 0x000000a6f7000000,0x000000a6f7100000] [id=21468]
  0x00000222da9b4200 GCTaskThread "GC Thread#2" [stack: 0x000000a6f7100000,0x000000a6f7200000] [id=2968]
  0x00000222da9b44b0 GCTaskThread "GC Thread#3" [stack: 0x000000a6f7200000,0x000000a6f7300000] [id=10432]
  0x00000222b9f861a0 ConcurrentGCThread "G1 Main Marker" [stack: 0x000000a6f5d00000,0x000000a6f5e00000] [id=4180]
  0x00000222b9f87490 ConcurrentGCThread "G1 Conc#0" [stack: 0x000000a6f5e00000,0x000000a6f5f00000] [id=18860]
  0x00000222b9fecc30 ConcurrentGCThread "G1 Refine#0" [stack: 0x000000a6f5f00000,0x000000a6f6000000] [id=9964]
  0x00000222b9fedf30 ConcurrentGCThread "G1 Service" [stack: 0x000000a6f6000000,0x000000a6f6100000] [id=17304]

Threads with active compile tasks:
C2 CompilerThread0     2235 1973       4       java.lang.invoke.MethodType::makeImpl (109 bytes)

VM state: not at safepoint (normal execution)

VM Mutex/Monitor currently owned by a thread: None

Heap address: 0x0000000084a00000, size: 1974 MB, Compressed Oops mode: 32-bit

CDS archive(s) mapped at: [0x0000000800000000-0x0000000800bc0000-0x0000000800bc0000), size 12320768, SharedBaseAddress: 0x0000000800000000, ArchiveRelocationMode: 0.
Compressed class space mapped at: 0x0000000800c00000-0x0000000840c00000, reserved size: 1073741824
Narrow klass base: 0x0000000800000000, Narrow klass shift: 0, Narrow klass range: 0x100000000

GC Precious Log:
 CPUs: 4 total, 4 available
 Memory: 7894M
 Large Page Support: Disabled
 NUMA Support: Disabled
 Compressed Oops: Enabled (32-bit)
 Heap Region Size: 1M
 Heap Min Capacity: 8M
 Heap Initial Capacity: 124M
 Heap Max Capacity: 1974M
 Pre-touch: Disabled
 Parallel Workers: 4
 Concurrent Workers: 1
 Concurrent Refinement Workers: 4
 Periodic GC: Disabled

Heap:
 garbage-first heap   total 126976K, used 20967K [0x0000000084a00000, 0x0000000100000000)
  region size 1024K, 15 young (15360K), 3 survivors (3072K)
 Metaspace       used 19328K, committed 19648K, reserved 1073152K
  class space    used 2356K, committed 2496K, reserved 1048576K

Heap Regions: E=young(eden), S=young(survivor), O=old, HS=humongous(starts), HC=humongous(continues), CS=collection set, F=free, OA=open archive, CA=closed archive, TAMS=top-at-mark-start (previous, next)
|   0|0x0000000084a00000, 0x0000000084b00000, 0x0000000084b00000|100%| O|  |TAMS 0x0000000084a00000, 0x0000000084a00000| Untracked 
|   1|0x0000000084b00000, 0x0000000084c00000, 0x0000000084c00000|100%| O|  |TAMS 0x0000000084b00000, 0x0000000084b00000| Untracked 
|   2|0x0000000084c00000, 0x0000000084d00000, 0x0000000084d00000|100%| O|  |TAMS 0x0000000084c00000, 0x0000000084c00000| Untracked 
|   3|0x0000000084d00000, 0x0000000084e00000, 0x0000000084e00000|100%| O|  |TAMS 0x0000000084d00000, 0x0000000084d00000| Untracked 
|   4|0x0000000084e00000, 0x0000000084f00000, 0x0000000084f00000|100%| O|  |TAMS 0x0000000084e00000, 0x0000000084e00000| Untracked 
|   5|0x0000000084f00000, 0x0000000085000000, 0x0000000085000000|100%| O|  |TAMS 0x0000000084f00000, 0x0000000084f00000| Untracked 
|   6|0x0000000085000000, 0x0000000085079c00, 0x0000000085100000| 47%| O|  |TAMS 0x0000000085000000, 0x0000000085000000| Untracked 
|   7|0x0000000085100000, 0x0000000085100000, 0x0000000085200000|  0%| F|  |TAMS 0x0000000085100000, 0x0000000085100000| Untracked 
|   8|0x0000000085200000, 0x0000000085200000, 0x0000000085300000|  0%| F|  |TAMS 0x0000000085200000, 0x0000000085200000| Untracked 
|   9|0x0000000085300000, 0x0000000085300000, 0x0000000085400000|  0%| F|  |TAMS 0x0000000085300000, 0x0000000085300000| Untracked 
|  10|0x0000000085400000, 0x0000000085400000, 0x0000000085500000|  0%| F|  |TAMS 0x0000000085400000, 0x0000000085400000| Untracked 
|  11|0x0000000085500000, 0x0000000085500000, 0x0000000085600000|  0%| F|  |TAMS 0x0000000085500000, 0x0000000085500000| Untracked 
|  12|0x0000000085600000, 0x0000000085600000, 0x0000000085700000|  0%| F|  |TAMS 0x0000000085600000, 0x0000000085600000| Untracked 
|  13|0x0000000085700000, 0x0000000085700000, 0x0000000085800000|  0%| F|  |TAMS 0x0000000085700000, 0x0000000085700000| Untracked 
|  14|0x0000000085800000, 0x0000000085800000, 0x0000000085900000|  0%| F|  |TAMS 0x0000000085800000, 0x0000000085800000| Untracked 
|  15|0x0000000085900000, 0x0000000085900000, 0x0000000085a00000|  0%| F|  |TAMS 0x0000000085900000, 0x0000000085900000| Untracked 
|  16|0x0000000085a00000, 0x0000000085a00000, 0x0000000085b00000|  0%| F|  |TAMS 0x0000000085a00000, 0x0000000085a00000| Untracked 
|  17|0x0000000085b00000, 0x0000000085b00000, 0x0000000085c00000|  0%| F|  |TAMS 0x0000000085b00000, 0x0000000085b00000| Untracked 
|  18|0x0000000085c00000, 0x0000000085c00000, 0x0000000085d00000|  0%| F|  |TAMS 0x0000000085c00000, 0x0000000085c00000| Untracked 
|  19|0x0000000085d00000, 0x0000000085d00000, 0x0000000085e00000|  0%| F|  |TAMS 0x0000000085d00000, 0x0000000085d00000| Untracked 
|  20|0x0000000085e00000, 0x0000000085e00000, 0x0000000085f00000|  0%| F|  |TAMS 0x0000000085e00000, 0x0000000085e00000| Untracked 
|  21|0x0000000085f00000, 0x0000000085f00000, 0x0000000086000000|  0%| F|  |TAMS 0x0000000085f00000, 0x0000000085f00000| Untracked 
|  22|0x0000000086000000, 0x0000000086000000, 0x0000000086100000|  0%| F|  |TAMS 0x0000000086000000, 0x0000000086000000| Untracked 
|  23|0x0000000086100000, 0x0000000086100000, 0x0000000086200000|  0%| F|  |TAMS 0x0000000086100000, 0x0000000086100000| Untracked 
|  24|0x0000000086200000, 0x0000000086200000, 0x0000000086300000|  0%| F|  |TAMS 0x0000000086200000, 0x0000000086200000| Untracked 
|  25|0x0000000086300000, 0x0000000086300000, 0x0000000086400000|  0%| F|  |TAMS 0x0000000086300000, 0x0000000086300000| Untracked 
|  26|0x0000000086400000, 0x0000000086400000, 0x0000000086500000|  0%| F|  |TAMS 0x0000000086400000, 0x0000000086400000| Untracked 
|  27|0x0000000086500000, 0x0000000086500000, 0x0000000086600000|  0%| F|  |TAMS 0x0000000086500000, 0x0000000086500000| Untracked 
|  28|0x0000000086600000, 0x0000000086600000, 0x0000000086700000|  0%| F|  |TAMS 0x0000000086600000, 0x0000000086600000| Untracked 
|  29|0x0000000086700000, 0x0000000086700000, 0x0000000086800000|  0%| F|  |TAMS 0x0000000086700000, 0x0000000086700000| Untracked 
|  30|0x0000000086800000, 0x0000000086800000, 0x0000000086900000|  0%| F|  |TAMS 0x0000000086800000, 0x0000000086800000| Untracked 
|  31|0x0000000086900000, 0x0000000086900000, 0x0000000086a00000|  0%| F|  |TAMS 0x0000000086900000, 0x0000000086900000| Untracked 
|  32|0x0000000086a00000, 0x0000000086a00000, 0x0000000086b00000|  0%| F|  |TAMS 0x0000000086a00000, 0x0000000086a00000| Untracked 
|  33|0x0000000086b00000, 0x0000000086b00000, 0x0000000086c00000|  0%| F|  |TAMS 0x0000000086b00000, 0x0000000086b00000| Untracked 
|  34|0x0000000086c00000, 0x0000000086c00000, 0x0000000086d00000|  0%| F|  |TAMS 0x0000000086c00000, 0x0000000086c00000| Untracked 
|  35|0x0000000086d00000, 0x0000000086d00000, 0x0000000086e00000|  0%| F|  |TAMS 0x0000000086d00000, 0x0000000086d00000| Untracked 
|  36|0x0000000086e00000, 0x0000000086e00000, 0x0000000086f00000|  0%| F|  |TAMS 0x0000000086e00000, 0x0000000086e00000| Untracked 
|  37|0x0000000086f00000, 0x0000000086f00000, 0x0000000087000000|  0%| F|  |TAMS 0x0000000086f00000, 0x0000000086f00000| Untracked 
|  38|0x0000000087000000, 0x0000000087000000, 0x0000000087100000|  0%| F|  |TAMS 0x0000000087000000, 0x0000000087000000| Untracked 
|  39|0x0000000087100000, 0x0000000087100000, 0x0000000087200000|  0%| F|  |TAMS 0x0000000087100000, 0x0000000087100000| Untracked 
|  40|0x0000000087200000, 0x0000000087200000, 0x0000000087300000|  0%| F|  |TAMS 0x0000000087200000, 0x0000000087200000| Untracked 
|  41|0x0000000087300000, 0x0000000087300000, 0x0000000087400000|  0%| F|  |TAMS 0x0000000087300000, 0x0000000087300000| Untracked 
|  42|0x0000000087400000, 0x0000000087400000, 0x0000000087500000|  0%| F|  |TAMS 0x0000000087400000, 0x0000000087400000| Untracked 
|  43|0x0000000087500000, 0x0000000087500000, 0x0000000087600000|  0%| F|  |TAMS 0x0000000087500000, 0x0000000087500000| Untracked 
|  44|0x0000000087600000, 0x0000000087600000, 0x0000000087700000|  0%| F|  |TAMS 0x0000000087600000, 0x0000000087600000| Untracked 
|  45|0x0000000087700000, 0x0000000087700000, 0x0000000087800000|  0%| F|  |TAMS 0x0000000087700000, 0x0000000087700000| Untracked 
|  46|0x0000000087800000, 0x0000000087800000, 0x0000000087900000|  0%| F|  |TAMS 0x0000000087800000, 0x0000000087800000| Untracked 
|  47|0x0000000087900000, 0x0000000087900000, 0x0000000087a00000|  0%| F|  |TAMS 0x0000000087900000, 0x0000000087900000| Untracked 
|  48|0x0000000087a00000, 0x0000000087a00000, 0x0000000087b00000|  0%| F|  |TAMS 0x0000000087a00000, 0x0000000087a00000| Untracked 
|  49|0x0000000087b00000, 0x0000000087b00000, 0x0000000087c00000|  0%| F|  |TAMS 0x0000000087b00000, 0x0000000087b00000| Untracked 
|  50|0x0000000087c00000, 0x0000000087c00000, 0x0000000087d00000|  0%| F|  |TAMS 0x0000000087c00000, 0x0000000087c00000| Untracked 
|  51|0x0000000087d00000, 0x0000000087d00000, 0x0000000087e00000|  0%| F|  |TAMS 0x0000000087d00000, 0x0000000087d00000| Untracked 
|  52|0x0000000087e00000, 0x0000000087e00000, 0x0000000087f00000|  0%| F|  |TAMS 0x0000000087e00000, 0x0000000087e00000| Untracked 
|  53|0x0000000087f00000, 0x0000000087f00000, 0x0000000088000000|  0%| F|  |TAMS 0x0000000087f00000, 0x0000000087f00000| Untracked 
|  54|0x0000000088000000, 0x0000000088000000, 0x0000000088100000|  0%| F|  |TAMS 0x0000000088000000, 0x0000000088000000| Untracked 
|  55|0x0000000088100000, 0x0000000088100000, 0x0000000088200000|  0%| F|  |TAMS 0x0000000088100000, 0x0000000088100000| Untracked 
|  56|0x0000000088200000, 0x0000000088200000, 0x0000000088300000|  0%| F|  |TAMS 0x0000000088200000, 0x0000000088200000| Untracked 
|  57|0x0000000088300000, 0x0000000088300000, 0x0000000088400000|  0%| F|  |TAMS 0x0000000088300000, 0x0000000088300000| Untracked 
|  58|0x0000000088400000, 0x0000000088400000, 0x0000000088500000|  0%| F|  |TAMS 0x0000000088400000, 0x0000000088400000| Untracked 
|  59|0x0000000088500000, 0x0000000088500000, 0x0000000088600000|  0%| F|  |TAMS 0x0000000088500000, 0x0000000088500000| Untracked 
|  60|0x0000000088600000, 0x0000000088600000, 0x0000000088700000|  0%| F|  |TAMS 0x0000000088600000, 0x0000000088600000| Untracked 
|  61|0x0000000088700000, 0x0000000088700000, 0x0000000088800000|  0%| F|  |TAMS 0x0000000088700000, 0x0000000088700000| Untracked 
|  62|0x0000000088800000, 0x0000000088800000, 0x0000000088900000|  0%| F|  |TAMS 0x0000000088800000, 0x0000000088800000| Untracked 
|  63|0x0000000088900000, 0x0000000088900000, 0x0000000088a00000|  0%| F|  |TAMS 0x0000000088900000, 0x0000000088900000| Untracked 
|  64|0x0000000088a00000, 0x0000000088a00000, 0x0000000088b00000|  0%| F|  |TAMS 0x0000000088a00000, 0x0000000088a00000| Untracked 
|  65|0x0000000088b00000, 0x0000000088b00000, 0x0000000088c00000|  0%| F|  |TAMS 0x0000000088b00000, 0x0000000088b00000| Untracked 
|  66|0x0000000088c00000, 0x0000000088c00000, 0x0000000088d00000|  0%| F|  |TAMS 0x0000000088c00000, 0x0000000088c00000| Untracked 
|  67|0x0000000088d00000, 0x0000000088d00000, 0x0000000088e00000|  0%| F|  |TAMS 0x0000000088d00000, 0x0000000088d00000| Untracked 
|  68|0x0000000088e00000, 0x0000000088e00000, 0x0000000088f00000|  0%| F|  |TAMS 0x0000000088e00000, 0x0000000088e00000| Untracked 
|  69|0x0000000088f00000, 0x0000000088f00000, 0x0000000089000000|  0%| F|  |TAMS 0x0000000088f00000, 0x0000000088f00000| Untracked 
|  70|0x0000000089000000, 0x0000000089000000, 0x0000000089100000|  0%| F|  |TAMS 0x0000000089000000, 0x0000000089000000| Untracked 
|  71|0x0000000089100000, 0x0000000089100000, 0x0000000089200000|  0%| F|  |TAMS 0x0000000089100000, 0x0000000089100000| Untracked 
|  72|0x0000000089200000, 0x0000000089200000, 0x0000000089300000|  0%| F|  |TAMS 0x0000000089200000, 0x0000000089200000| Untracked 
|  73|0x0000000089300000, 0x0000000089300000, 0x0000000089400000|  0%| F|  |TAMS 0x0000000089300000, 0x0000000089300000| Untracked 
|  74|0x0000000089400000, 0x0000000089400000, 0x0000000089500000|  0%| F|  |TAMS 0x0000000089400000, 0x0000000089400000| Untracked 
|  75|0x0000000089500000, 0x0000000089500000, 0x0000000089600000|  0%| F|  |TAMS 0x0000000089500000, 0x0000000089500000| Untracked 
|  76|0x0000000089600000, 0x0000000089600000, 0x0000000089700000|  0%| F|  |TAMS 0x0000000089600000, 0x0000000089600000| Untracked 
|  77|0x0000000089700000, 0x0000000089700000, 0x0000000089800000|  0%| F|  |TAMS 0x0000000089700000, 0x0000000089700000| Untracked 
|  78|0x0000000089800000, 0x0000000089800000, 0x0000000089900000|  0%| F|  |TAMS 0x0000000089800000, 0x0000000089800000| Untracked 
|  79|0x0000000089900000, 0x0000000089900000, 0x0000000089a00000|  0%| F|  |TAMS 0x0000000089900000, 0x0000000089900000| Untracked 
|  80|0x0000000089a00000, 0x0000000089a00000, 0x0000000089b00000|  0%| F|  |TAMS 0x0000000089a00000, 0x0000000089a00000| Untracked 
|  81|0x0000000089b00000, 0x0000000089b00000, 0x0000000089c00000|  0%| F|  |TAMS 0x0000000089b00000, 0x0000000089b00000| Untracked 
|  82|0x0000000089c00000, 0x0000000089c00000, 0x0000000089d00000|  0%| F|  |TAMS 0x0000000089c00000, 0x0000000089c00000| Untracked 
|  83|0x0000000089d00000, 0x0000000089d00000, 0x0000000089e00000|  0%| F|  |TAMS 0x0000000089d00000, 0x0000000089d00000| Untracked 
|  84|0x0000000089e00000, 0x0000000089e00000, 0x0000000089f00000|  0%| F|  |TAMS 0x0000000089e00000, 0x0000000089e00000| Untracked 
|  85|0x0000000089f00000, 0x0000000089f00000, 0x000000008a000000|  0%| F|  |TAMS 0x0000000089f00000, 0x0000000089f00000| Untracked 
|  86|0x000000008a000000, 0x000000008a000000, 0x000000008a100000|  0%| F|  |TAMS 0x000000008a000000, 0x000000008a000000| Untracked 
|  87|0x000000008a100000, 0x000000008a100000, 0x000000008a200000|  0%| F|  |TAMS 0x000000008a100000, 0x000000008a100000| Untracked 
|  88|0x000000008a200000, 0x000000008a200000, 0x000000008a300000|  0%| F|  |TAMS 0x000000008a200000, 0x000000008a200000| Untracked 
|  89|0x000000008a300000, 0x000000008a300000, 0x000000008a400000|  0%| F|  |TAMS 0x000000008a300000, 0x000000008a300000| Untracked 
|  90|0x000000008a400000, 0x000000008a400000, 0x000000008a500000|  0%| F|  |TAMS 0x000000008a400000, 0x000000008a400000| Untracked 
|  91|0x000000008a500000, 0x000000008a500000, 0x000000008a600000|  0%| F|  |TAMS 0x000000008a500000, 0x000000008a500000| Untracked 
|  92|0x000000008a600000, 0x000000008a600000, 0x000000008a700000|  0%| F|  |TAMS 0x000000008a600000, 0x000000008a600000| Untracked 
|  93|0x000000008a700000, 0x000000008a700000, 0x000000008a800000|  0%| F|  |TAMS 0x000000008a700000, 0x000000008a700000| Untracked 
|  94|0x000000008a800000, 0x000000008a800000, 0x000000008a900000|  0%| F|  |TAMS 0x000000008a800000, 0x000000008a800000| Untracked 
|  95|0x000000008a900000, 0x000000008a900000, 0x000000008aa00000|  0%| F|  |TAMS 0x000000008a900000, 0x000000008a900000| Untracked 
|  96|0x000000008aa00000, 0x000000008aa00000, 0x000000008ab00000|  0%| F|  |TAMS 0x000000008aa00000, 0x000000008aa00000| Untracked 
|  97|0x000000008ab00000, 0x000000008ac00000, 0x000000008ac00000|100%| S|CS|TAMS 0x000000008ab00000, 0x000000008ab00000| Complete 
|  98|0x000000008ac00000, 0x000000008ad00000, 0x000000008ad00000|100%| S|CS|TAMS 0x000000008ac00000, 0x000000008ac00000| Complete 
|  99|0x000000008ad00000, 0x000000008ae00000, 0x000000008ae00000|100%| S|CS|TAMS 0x000000008ad00000, 0x000000008ad00000| Complete 
| 100|0x000000008ae00000, 0x000000008ae00000, 0x000000008af00000|  0%| F|  |TAMS 0x000000008ae00000, 0x000000008ae00000| Untracked 
| 101|0x000000008af00000, 0x000000008af00000, 0x000000008b000000|  0%| F|  |TAMS 0x000000008af00000, 0x000000008af00000| Untracked 
| 102|0x000000008b000000, 0x000000008b000000, 0x000000008b100000|  0%| F|  |TAMS 0x000000008b000000, 0x000000008b000000| Untracked 
| 103|0x000000008b100000, 0x000000008b100000, 0x000000008b200000|  0%| F|  |TAMS 0x000000008b100000, 0x000000008b100000| Untracked 
| 104|0x000000008b200000, 0x000000008b200000, 0x000000008b300000|  0%| F|  |TAMS 0x000000008b200000, 0x000000008b200000| Untracked 
| 105|0x000000008b300000, 0x000000008b300000, 0x000000008b400000|  0%| F|  |TAMS 0x000000008b300000, 0x000000008b300000| Untracked 
| 106|0x000000008b400000, 0x000000008b400000, 0x000000008b500000|  0%| F|  |TAMS 0x000000008b400000, 0x000000008b400000| Untracked 
| 107|0x000000008b500000, 0x000000008b500000, 0x000000008b600000|  0%| F|  |TAMS 0x000000008b500000, 0x000000008b500000| Untracked 
| 108|0x000000008b600000, 0x000000008b600000, 0x000000008b700000|  0%| F|  |TAMS 0x000000008b600000, 0x000000008b600000| Untracked 
| 109|0x000000008b700000, 0x000000008b700000, 0x000000008b800000|  0%| F|  |TAMS 0x000000008b700000, 0x000000008b700000| Untracked 
| 110|0x000000008b800000, 0x000000008b800000, 0x000000008b900000|  0%| F|  |TAMS 0x000000008b800000, 0x000000008b800000| Untracked 
| 111|0x000000008b900000, 0x000000008b980800, 0x000000008ba00000| 50%| E|  |TAMS 0x000000008b900000, 0x000000008b900000| Complete 
| 112|0x000000008ba00000, 0x000000008bb00000, 0x000000008bb00000|100%| E|CS|TAMS 0x000000008ba00000, 0x000000008ba00000| Complete 
| 113|0x000000008bb00000, 0x000000008bc00000, 0x000000008bc00000|100%| E|CS|TAMS 0x000000008bb00000, 0x000000008bb00000| Complete 
| 114|0x000000008bc00000, 0x000000008bd00000, 0x000000008bd00000|100%| E|CS|TAMS 0x000000008bc00000, 0x000000008bc00000| Complete 
| 115|0x000000008bd00000, 0x000000008be00000, 0x000000008be00000|100%| E|CS|TAMS 0x000000008bd00000, 0x000000008bd00000| Complete 
| 116|0x000000008be00000, 0x000000008bf00000, 0x000000008bf00000|100%| E|CS|TAMS 0x000000008be00000, 0x000000008be00000| Complete 
| 117|0x000000008bf00000, 0x000000008c000000, 0x000000008c000000|100%| E|CS|TAMS 0x000000008bf00000, 0x000000008bf00000| Complete 
| 118|0x000000008c000000, 0x000000008c100000, 0x000000008c100000|100%| E|CS|TAMS 0x000000008c000000, 0x000000008c000000| Complete 
| 119|0x000000008c100000, 0x000000008c200000, 0x000000008c200000|100%| E|CS|TAMS 0x000000008c100000, 0x000000008c100000| Complete 
| 120|0x000000008c200000, 0x000000008c300000, 0x000000008c300000|100%| E|CS|TAMS 0x000000008c200000, 0x000000008c200000| Complete 
| 121|0x000000008c300000, 0x000000008c400000, 0x000000008c400000|100%| E|CS|TAMS 0x000000008c300000, 0x000000008c300000| Complete 
| 122|0x000000008c400000, 0x000000008c500000, 0x000000008c500000|100%| E|CS|TAMS 0x000000008c400000, 0x000000008c400000| Complete 
| 123|0x000000008c500000, 0x000000008c600000, 0x000000008c600000|100%| E|CS|TAMS 0x000000008c500000, 0x000000008c500000| Complete 

Card table byte_map: [0x00000222d2980000,0x00000222d2d60000] _byte_map_base: 0x00000222d255b000

Marking Bits (Prev, Next): (CMBitMap*) 0x00000222b9f761b0, (CMBitMap*) 0x00000222b9f761f0
 Prev Bits: [0x00000222d3140000, 0x00000222d5018000)
 Next Bits: [0x00000222d5020000, 0x00000222d6ef8000)

Polling page: 0x00000222b9ff0000

Metaspace:

Usage:
  Non-class:     16.60 MB used.
      Class:      2.31 MB used.
       Both:     18.90 MB used.

Virtual space:
  Non-class space:       24.00 MB reserved,      16.81 MB ( 70%) committed,  3 nodes.
      Class space:        1.00 GB reserved,       2.44 MB ( <1%) committed,  1 nodes.
             Both:        1.02 GB reserved,      19.25 MB (  2%) committed. 

Chunk freelists:
   Non-Class:  3.17 MB
       Class:  1.60 MB
        Both:  4.77 MB

MaxMetaspaceSize: unlimited
CompressedClassSpaceSize: 1.00 GB
Initial GC threshold: 21.00 MB
Current GC threshold: 21.00 MB
CDS: on
MetaspaceReclaimPolicy: balanced
 - commit_granule_bytes: 65536.
 - commit_granule_words: 8192.
 - virtual_space_node_default_size: 1048576.
 - enlarge_chunks_in_place: 1.
 - new_chunks_are_fully_committed: 0.
 - uncommit_free_chunks: 1.
 - use_allocation_guard: 0.
 - handle_deallocations: 1.


Internal statistics:

num_allocs_failed_limit: 0.
num_arena_births: 294.
num_arena_deaths: 0.
num_vsnodes_births: 4.
num_vsnodes_deaths: 0.
num_space_committed: 308.
num_space_uncommitted: 0.
num_chunks_returned_to_freelist: 0.
num_chunks_taken_from_freelist: 779.
num_chunk_merges: 0.
num_chunk_splits: 520.
num_chunks_enlarged: 384.
num_purges: 0.
num_inconsistent_stats: 0.

CodeHeap 'non-profiled nmethods': size=120000Kb used=788Kb max_used=788Kb free=119211Kb
 bounds [0x00000222caa50000, 0x00000222cacc0000, 0x00000222d1f80000]
CodeHeap 'profiled nmethods': size=120000Kb used=3965Kb max_used=3965Kb free=116035Kb
 bounds [0x00000222c3520000, 0x00000222c3900000, 0x00000222caa50000]
CodeHeap 'non-nmethods': size=5760Kb used=1274Kb max_used=1287Kb free=4485Kb
 bounds [0x00000222c2f80000, 0x00000222c31f0000, 0x00000222c3520000]
 total_blobs=2600 nmethods=2025 adapters=487
 compilation: enabled
              stopped_count=0, restarted_count=0
 full_count=0

Compilation events (20 events):
Event: 2.201 Thread 0x00000222d956e140 2013       3       org.openqa.selenium.json.JsonInput::peek (288 bytes)
Event: 2.202 Thread 0x00000222d956e140 nmethod 2013 0x00000222c38ed610 code [0x00000222c38eda00, 0x00000222c38ef208]
Event: 2.202 Thread 0x00000222d956e140 2014       3       java.util.ArrayDeque::peekFirst (12 bytes)
Event: 2.202 Thread 0x00000222d956e140 nmethod 2014 0x00000222c38efa10 code [0x00000222c38efba0, 0x00000222c38efd38]
Event: 2.209 Thread 0x00000222d956e140 2018       3       jdk.internal.org.objectweb.asm.MethodVisitor::visitEnd (15 bytes)
Event: 2.209 Thread 0x00000222d956e140 nmethod 2018 0x00000222c38efe90 code [0x00000222c38f0040, 0x00000222c38f0248]
Event: 2.210 Thread 0x00000222d956e140 2019   !   3       java.lang.invoke.InnerClassLambdaMetafactory::generateInnerClass (618 bytes)
Event: 2.212 Thread 0x00000222d956e140 nmethod 2019 0x00000222c38f0310 code [0x00000222c38f0820, 0x00000222c38f3188]
Event: 2.212 Thread 0x00000222d956e140 2025   !   3       jdk.internal.loader.URLClassPath$JarLoader::getResource (354 bytes)
Event: 2.213 Thread 0x00000222d956e140 nmethod 2025 0x00000222c38f4190 code [0x00000222c38f4600, 0x00000222c38f67f8]
Event: 2.213 Thread 0x00000222d956e140 2023       3       java.lang.invoke.InnerClassLambdaMetafactory$ForwardingMethodGenerator::convertArgumentTypes (96 bytes)
Event: 2.214 Thread 0x00000222d956e140 nmethod 2023 0x00000222c38f7a10 code [0x00000222c38f7c60, 0x00000222c38f86d8]
Event: 2.214 Thread 0x00000222d956e140 2020       3       java.lang.invoke.InnerClassLambdaMetafactory::generateConstructor (154 bytes)
Event: 2.215 Thread 0x00000222d956e140 nmethod 2020 0x00000222c38f8c10 code [0x00000222c38f8ee0, 0x00000222c38f9e88]
Event: 2.215 Thread 0x00000222d956e140 2022       3       java.lang.invoke.InnerClassLambdaMetafactory$ForwardingMethodGenerator::generate (272 bytes)
Event: 2.216 Thread 0x00000222d956e140 nmethod 2022 0x00000222c38fa410 code [0x00000222c38fa7a0, 0x00000222c38fc428]
Event: 2.216 Thread 0x00000222d956e140 2021       3       java.lang.invoke.InnerClassLambdaMetafactory$ForwardingMethodGenerator::<init> (11 bytes)
Event: 2.216 Thread 0x00000222d956e140 nmethod 2021 0x00000222c38fcc90 code [0x00000222c38fce40, 0x00000222c38fd048]
Event: 2.216 Thread 0x00000222d956e140 2024       3       java.lang.invoke.InnerClassLambdaMetafactory$ForwardingMethodGenerator::invocationOpcode (104 bytes)
Event: 2.216 Thread 0x00000222d956e140 nmethod 2024 0x00000222c38fd110 code [0x00000222c38fd360, 0x00000222c38fdb98]

GC Heap History (6 events):
Event: 0.695 GC heap before
{Heap before GC invocations=0 (full 0):
 garbage-first heap   total 126976K, used 13312K [0x0000000084a00000, 0x0000000100000000)
  region size 1024K, 13 young (13312K), 0 survivors (0K)
 Metaspace       used 4858K, committed 5056K, reserved 1056768K
  class space    used 510K, committed 640K, reserved 1048576K
}
Event: 0.702 GC heap after
{Heap after GC invocations=1 (full 0):
 garbage-first heap   total 126976K, used 5792K [0x0000000084a00000, 0x0000000100000000)
  region size 1024K, 2 young (2048K), 2 survivors (2048K)
 Metaspace       used 4858K, committed 5056K, reserved 1056768K
  class space    used 510K, committed 640K, reserved 1048576K
}
Event: 0.996 GC heap before
{Heap before GC invocations=1 (full 0):
 garbage-first heap   total 126976K, used 18080K [0x0000000084a00000, 0x0000000100000000)
  region size 1024K, 14 young (14336K), 2 survivors (2048K)
 Metaspace       used 8112K, committed 8384K, reserved 1056768K
  class space    used 948K, committed 1088K, reserved 1048576K
}
Event: 1.001 GC heap after
{Heap after GC invocations=2 (full 0):
 garbage-first heap   total 126976K, used 7102K [0x0000000084a00000, 0x0000000100000000)
  region size 1024K, 2 young (2048K), 2 survivors (2048K)
 Metaspace       used 8112K, committed 8384K, reserved 1056768K
  class space    used 948K, committed 1088K, reserved 1048576K
}
Event: 1.981 GC heap before
{Heap before GC invocations=2 (full 0):
 garbage-first heap   total 126976K, used 29630K [0x0000000084a00000, 0x0000000100000000)
  region size 1024K, 24 young (24576K), 2 survivors (2048K)
 Metaspace       used 16224K, committed 16448K, reserved 1064960K
  class space    used 1961K, committed 2048K, reserved 1048576K
}
Event: 1.985 GC heap after
{Heap after GC invocations=3 (full 0):
 garbage-first heap   total 126976K, used 9703K [0x0000000084a00000, 0x0000000100000000)
  region size 1024K, 3 young (3072K), 3 survivors (3072K)
 Metaspace       used 16224K, committed 16448K, reserved 1064960K
  class space    used 1961K, committed 2048K, reserved 1048576K
}

Deoptimization events (20 events):
Event: 2.058 Thread 0x00000222b9f209a0 Uncommon trap: trap_request=0xffffff45 fr.pc=0x00000222caad67bc relative=0x000000000000061c
Event: 2.058 Thread 0x00000222b9f209a0 Uncommon trap: reason=unstable_if action=reinterpret pc=0x00000222caad67bc method=java.lang.String.replace(CC)Ljava/lang/String; @ 2 c2
Event: 2.058 Thread 0x00000222b9f209a0 DEOPT PACKING pc=0x00000222caad67bc sp=0x000000a6f5bfd420
Event: 2.058 Thread 0x00000222b9f209a0 DEOPT UNPACKING pc=0x00000222c2fd5c23 sp=0x000000a6f5bfd3d0 mode 2
Event: 2.130 Thread 0x00000222dab02700 Uncommon trap: trap_request=0xffffffde fr.pc=0x00000222cab08e34 relative=0x0000000000000454
Event: 2.130 Thread 0x00000222dab02700 Uncommon trap: reason=class_check action=maybe_recompile pc=0x00000222cab08e34 method=java.util.regex.Pattern$Start.match(Ljava/util/regex/Matcher;ILjava/lang/CharSequence;)Z @ 44 c2
Event: 2.130 Thread 0x00000222dab02700 DEOPT PACKING pc=0x00000222cab08e34 sp=0x000000a6f7bfe6d0
Event: 2.130 Thread 0x00000222dab02700 DEOPT UNPACKING pc=0x00000222c2fd5c23 sp=0x000000a6f7bfe610 mode 2
Event: 2.152 Thread 0x00000222b9f209a0 Uncommon trap: trap_request=0xffffffde fr.pc=0x00000222cab08e34 relative=0x0000000000000454
Event: 2.152 Thread 0x00000222b9f209a0 Uncommon trap: reason=class_check action=maybe_recompile pc=0x00000222cab08e34 method=java.util.regex.Pattern$Start.match(Ljava/util/regex/Matcher;ILjava/lang/CharSequence;)Z @ 44 c2
Event: 2.152 Thread 0x00000222b9f209a0 DEOPT PACKING pc=0x00000222cab08e34 sp=0x000000a6f5bfc990
Event: 2.152 Thread 0x00000222b9f209a0 DEOPT UNPACKING pc=0x00000222c2fd5c23 sp=0x000000a6f5bfc8e0 mode 2
Event: 2.152 Thread 0x00000222b9f209a0 Uncommon trap: trap_request=0xffffffde fr.pc=0x00000222cab08e34 relative=0x0000000000000454
Event: 2.152 Thread 0x00000222b9f209a0 Uncommon trap: reason=class_check action=maybe_recompile pc=0x00000222cab08e34 method=java.util.regex.Pattern$Start.match(Ljava/util/regex/Matcher;ILjava/lang/CharSequence;)Z @ 44 c2
Event: 2.152 Thread 0x00000222b9f209a0 DEOPT PACKING pc=0x00000222cab08e34 sp=0x000000a6f5bfc990
Event: 2.152 Thread 0x00000222b9f209a0 DEOPT UNPACKING pc=0x00000222c2fd5c23 sp=0x000000a6f5bfc8e0 mode 2
Event: 2.153 Thread 0x00000222b9f209a0 Uncommon trap: trap_request=0xffffffde fr.pc=0x00000222cab08e34 relative=0x0000000000000454
Event: 2.153 Thread 0x00000222b9f209a0 Uncommon trap: reason=class_check action=maybe_recompile pc=0x00000222cab08e34 method=java.util.regex.Pattern$Start.match(Ljava/util/regex/Matcher;ILjava/lang/CharSequence;)Z @ 44 c2
Event: 2.153 Thread 0x00000222b9f209a0 DEOPT PACKING pc=0x00000222cab08e34 sp=0x000000a6f5bfc990
Event: 2.153 Thread 0x00000222b9f209a0 DEOPT UNPACKING pc=0x00000222c2fd5c23 sp=0x000000a6f5bfc8e0 mode 2

Classes unloaded (0 events):
No events

Classes redefined (0 events):
No events

Internal exceptions (20 events):
Event: 1.079 Thread 0x00000222b9f209a0 Exception <a 'java/lang/NoSuchMethodError'{0x000000008c33fce8}: 'void java.lang.invoke.DirectMethodHandle$Holder.invokeInterface(java.lang.Object, java.lang.Object, java.lang.Object)'> (0x000000008c33fce8) 
thrown [s\open\src\hotspot\share\interpreter\linkResolver.cpp, line 759]
Event: 1.108 Thread 0x00000222b9f209a0 Exception <a 'java/lang/NoSuchMethodError'{0x000000008c347b78}: 'void java.lang.invoke.DirectMethodHandle$Holder.invokeStatic(java.lang.Object, long)'> (0x000000008c347b78) 
thrown [s\open\src\hotspot\share\interpreter\linkResolver.cpp, line 759]
Event: 1.109 Thread 0x00000222b9f209a0 Exception <a 'java/lang/NoSuchMethodError'{0x000000008c34d1c8}: 'java.lang.Object java.lang.invoke.DirectMethodHandle$Holder.newInvokeSpecial(java.lang.Object, long)'> (0x000000008c34d1c8) 
thrown [s\open\src\hotspot\share\interpreter\linkResolver.cpp, line 759]
Event: 1.110 Thread 0x00000222b9f209a0 Exception <a 'java/lang/NoSuchMethodError'{0x000000008c353cf0}: 'java.lang.Object java.lang.invoke.DirectMethodHandle$Holder.invokeStatic(java.lang.Object, java.lang.Object, long, java.lang.Object)'> (0x000000008c353cf0) 
thrown [s\open\src\hotspot\share\interpreter\linkResolver.cpp, line 759]
Event: 1.110 Thread 0x00000222b9f209a0 Exception <a 'java/lang/NoSuchMethodError'{0x000000008c357788}: 'java.lang.Object java.lang.invoke.DirectMethodHandle$Holder.invokeStaticInit(java.lang.Object, java.lang.Object, long, java.lang.Object)'> (0x000000008c357788) 
thrown [s\open\src\hotspot\share\interpreter\linkResolver.cpp, line 759]
Event: 1.110 Thread 0x00000222b9f209a0 Exception <a 'java/lang/NoSuchMethodError'{0x000000008c35dab8}: 'java.lang.Object java.lang.invoke.DirectMethodHandle$Holder.newInvokeSpecial(java.lang.Object, java.lang.Object, long)'> (0x000000008c35dab8) 
thrown [s\open\src\hotspot\share\interpreter\linkResolver.cpp, line 759]
Event: 1.603 Thread 0x00000222b9f209a0 Exception <a 'java/lang/NoSuchMethodError'{0x000000008c3b4df8}: 'java.lang.Object java.lang.invoke.DirectMethodHandle$Holder.invokeSpecialIFC(java.lang.Object, java.lang.Object, java.lang.Object, java.lang.Object)'> (0x000000008c3b4df8) 
thrown [s\open\src\hotspot\share\interpreter\linkResolver.cpp, line 759]
Event: 1.605 Thread 0x00000222b9f209a0 Exception <a 'java/lang/NoSuchMethodError'{0x000000008c3c8040}: 'double java.lang.invoke.DirectMethodHandle$Holder.invokeVirtual(java.lang.Object, java.lang.Object)'> (0x000000008c3c8040) 
thrown [s\open\src\hotspot\share\interpreter\linkResolver.cpp, line 759]
Event: 1.605 Thread 0x00000222b9f209a0 Exception <a 'java/lang/NoSuchMethodError'{0x000000008c3ce7e8}: 'float java.lang.invoke.DirectMethodHandle$Holder.invokeVirtual(java.lang.Object, java.lang.Object)'> (0x000000008c3ce7e8) 
thrown [s\open\src\hotspot\share\interpreter\linkResolver.cpp, line 759]
Event: 1.605 Thread 0x00000222b9f209a0 Exception <a 'java/lang/NoSuchMethodError'{0x000000008c3d77c8}: 'long java.lang.invoke.DirectMethodHandle$Holder.invokeVirtual(java.lang.Object, java.lang.Object)'> (0x000000008c3d77c8) 
thrown [s\open\src\hotspot\share\interpreter\linkResolver.cpp, line 759]
Event: 1.609 Thread 0x00000222b9f209a0 Exception <a 'java/lang/NoSuchMethodError'{0x000000008c20dc78}: 'java.lang.Object java.lang.invoke.DirectMethodHandle$Holder.invokeVirtual(java.lang.Object, java.lang.Object, java.lang.Object)'> (0x000000008c20dc78) 
thrown [s\open\src\hotspot\share\interpreter\linkResolver.cpp, line 759]
Event: 1.677 Thread 0x00000222b9f209a0 Exception <a 'java/lang/NoClassDefFoundError'{0x000000008be285b0}> (0x000000008be285b0) 
thrown [s\open\src\hotspot\share\oops\instanceKlass.cpp, line 1166]
Event: 1.690 Thread 0x00000222b9f209a0 Exception <a 'java/lang/NoSuchMethodError'{0x000000008bd25590}: 'void java.lang.invoke.DirectMethodHandle$Holder.invokeSpecial(java.lang.Object, java.lang.Object, java.lang.Object, java.lang.Object, java.lang.Object)'> (0x000000008bd25590) 
thrown [s\open\src\hotspot\share\interpreter\linkResolver.cpp, line 759]
Event: 1.814 Thread 0x00000222b9f209a0 Exception <a 'sun/nio/fs/WindowsException'{0x000000008b5321b0}> (0x000000008b5321b0) 
thrown [s\open\src\hotspot\share\prims\jni.cpp, line 516]
Event: 1.822 Thread 0x00000222b9f209a0 Exception <a 'java/lang/NoSuchMethodError'{0x000000008b5537e0}: 'int java.lang.invoke.DirectMethodHandle$Holder.invokeStaticInit(java.lang.Object, java.lang.Object, java.lang.Object, java.lang.Object)'> (0x000000008b5537e0) 
thrown [s\open\src\hotspot\share\interpreter\linkResolver.cpp, line 759]
Event: 2.050 Thread 0x00000222b9f209a0 Exception <a 'java/lang/NoSuchMethodError'{0x000000008c10db48}: 'java.lang.Object java.lang.invoke.DirectMethodHandle$Holder.invokeInterface(java.lang.Object, java.lang.Object, java.lang.Object)'> (0x000000008c10db48) 
thrown [s\open\src\hotspot\share\interpreter\linkResolver.cpp, line 759]
Event: 2.050 Thread 0x00000222b9f209a0 Exception <a 'java/lang/IncompatibleClassChangeError'{0x000000008c111210}: Found class java.lang.Object, but interface was expected> (0x000000008c111210) 
thrown [s\open\src\hotspot\share\interpreter\linkResolver.cpp, line 826]
Event: 2.050 Thread 0x00000222b9f209a0 Exception <a 'java/lang/NoSuchMethodError'{0x000000008c119a20}: 'int java.lang.invoke.DirectMethodHandle$Holder.invokeSpecialIFC(java.lang.Object, java.lang.Object, java.lang.Object, java.lang.Object)'> (0x000000008c119a20) 
thrown [s\open\src\hotspot\share\interpreter\linkResolver.cpp, line 759]
Event: 2.168 Thread 0x00000222b9f209a0 Exception <a 'java/lang/NoSuchMethodError'{0x000000008becf430}: 'void java.lang.invoke.DirectMethodHandle$Holder.invokeStatic(java.lang.Object, java.lang.Object, int)'> (0x000000008becf430) 
thrown [s\open\src\hotspot\share\interpreter\linkResolver.cpp, line 759]
Event: 2.198 Thread 0x00000222b9f209a0 Exception <a 'java/lang/NoSuchMethodError'{0x000000008bcbab18}: 'int java.lang.invoke.DirectMethodHandle$Holder.invokeSpecialIFC(java.lang.Object, java.lang.Object, java.lang.Object)'> (0x000000008bcbab18) 
thrown [s\open\src\hotspot\share\interpreter\linkResolver.cpp, line 759]

VM Operations (20 events):
Event: 1.046 Executing VM operation: HandshakeAllThreads
Event: 1.046 Executing VM operation: HandshakeAllThreads done
Event: 1.675 Executing VM operation: HandshakeAllThreads
Event: 1.675 Executing VM operation: HandshakeAllThreads done
Event: 1.711 Executing VM operation: HandshakeAllThreads
Event: 1.711 Executing VM operation: HandshakeAllThreads done
Event: 1.797 Executing VM operation: HandshakeAllThreads
Event: 1.797 Executing VM operation: HandshakeAllThreads done
Event: 1.958 Executing VM operation: HandshakeAllThreads
Event: 1.959 Executing VM operation: HandshakeAllThreads done
Event: 1.962 Executing VM operation: HandshakeAllThreads
Event: 1.962 Executing VM operation: HandshakeAllThreads done
Event: 1.981 Executing VM operation: G1CollectForAllocation
Event: 1.985 Executing VM operation: G1CollectForAllocation done
Event: 2.139 Executing VM operation: HandshakeAllThreads
Event: 2.139 Executing VM operation: HandshakeAllThreads done
Event: 2.139 Executing VM operation: HandshakeAllThreads
Event: 2.140 Executing VM operation: HandshakeAllThreads done
Event: 2.141 Executing VM operation: HandshakeAllThreads
Event: 2.141 Executing VM operation: HandshakeAllThreads done

Events (20 events):
Event: 2.142 loading class java/util/concurrent/locks/AbstractQueuedSynchronizer$ConditionNode
Event: 2.143 loading class java/util/concurrent/locks/AbstractQueuedSynchronizer$ConditionNode done
Event: 2.162 loading class java/util/Collections$UnmodifiableMap$UnmodifiableEntrySet$UnmodifiableEntrySetSpliterator
Event: 2.162 loading class java/util/Collections$UnmodifiableMap$UnmodifiableEntrySet$UnmodifiableEntrySetSpliterator done
Event: 2.169 loading class java/util/function/UnaryOperator
Event: 2.169 loading class java/util/function/UnaryOperator done
Event: 2.169 loading class java/io/ObjectInputStream
Event: 2.169 loading class java/io/ObjectInput
Event: 2.169 loading class java/io/ObjectInput done
Event: 2.169 loading class java/io/ObjectStreamConstants
Event: 2.170 loading class java/io/ObjectStreamConstants done
Event: 2.170 loading class java/io/ObjectInputStream done
Event: 2.170 loading class java/io/ObjectOutputStream
Event: 2.170 loading class java/io/ObjectOutput
Event: 2.170 loading class java/io/ObjectOutput done
Event: 2.170 loading class java/io/ObjectOutputStream done
Event: 2.177 loading class java/util/stream/ReferencePipeline$15
Event: 2.177 loading class java/util/stream/ReferencePipeline$15 done
Event: 2.178 loading class java/util/stream/ReferencePipeline$15$1
Event: 2.178 loading class java/util/stream/ReferencePipeline$15$1 done


Dynamic libraries:
0x00007ff6c96b0000 - 0x00007ff6c96c0000 	C:\Program Files\Java\jdk-17.0.4.1\bin\javaw.exe
0x00007ffda6190000 - 0x00007ffda6388000 	C:\Windows\SYSTEM32\ntdll.dll
0x00007ffda6060000 - 0x00007ffda611f000 	C:\Windows\System32\KERNEL32.DLL
0x00007ffda39a0000 - 0x00007ffda3c96000 	C:\Windows\System32\KERNELBASE.dll
0x00007ffda38a0000 - 0x00007ffda39a0000 	C:\Windows\System32\ucrtbase.dll
0x00007ffda0da0000 - 0x00007ffda0db8000 	C:\Program Files\Java\jdk-17.0.4.1\bin\jli.dll
0x00007ffda4f50000 - 0x00007ffda4fff000 	C:\Windows\System32\ADVAPI32.dll
0x00007ffda5060000 - 0x00007ffda50fe000 	C:\Windows\System32\msvcrt.dll
0x00007ffda4290000 - 0x00007ffda432c000 	C:\Windows\System32\sechost.dll
0x00007ffda4330000 - 0x00007ffda4456000 	C:\Windows\System32\RPCRT4.dll
0x00007ffda5b20000 - 0x00007ffda5cbd000 	C:\Windows\System32\USER32.dll
0x00007ffda3870000 - 0x00007ffda3892000 	C:\Windows\System32\win32u.dll
0x00007ffda4de0000 - 0x00007ffda4e0c000 	C:\Windows\System32\GDI32.dll
0x00007ffda40d0000 - 0x00007ffda41e5000 	C:\Windows\System32\gdi32full.dll
0x00007ffda3cf0000 - 0x00007ffda3d8d000 	C:\Windows\System32\msvcp_win.dll
0x00007ffda0e80000 - 0x00007ffda0e9a000 	C:\Program Files\Java\jdk-17.0.4.1\bin\VCRUNTIME140.dll
0x00007ffd8be90000 - 0x00007ffd8c12a000 	C:\Windows\WinSxS\amd64_microsoft.windows.common-controls_6595b64144ccf1df_6.0.19041.1110_none_60b5254171f9507e\COMCTL32.dll
0x00007ffd95880000 - 0x00007ffd9588a000 	C:\Windows\SYSTEM32\VERSION.dll
0x00007ffda6120000 - 0x00007ffda6150000 	C:\Windows\System32\IMM32.DLL
0x00007ffda1e00000 - 0x00007ffda1e0c000 	C:\Program Files\Java\jdk-17.0.4.1\bin\vcruntime140_1.dll
0x00007ffd9ff90000 - 0x00007ffda001d000 	C:\Program Files\Java\jdk-17.0.4.1\bin\msvcp140.dll
0x00007ffd6bb00000 - 0x00007ffd6c6c2000 	C:\Program Files\Java\jdk-17.0.4.1\bin\server\jvm.dll
0x00007ffda4280000 - 0x00007ffda4288000 	C:\Windows\System32\PSAPI.DLL
0x00007ffd84f90000 - 0x00007ffd84f99000 	C:\Windows\SYSTEM32\WSOCK32.dll
0x00007ffda5100000 - 0x00007ffda516b000 	C:\Windows\System32\WS2_32.dll
0x00007ffd9ab80000 - 0x00007ffd9aba7000 	C:\Windows\SYSTEM32\WINMM.dll
0x00007ffda1fc0000 - 0x00007ffda1fd2000 	C:\Windows\SYSTEM32\kernel.appcore.dll
0x00007ffda0f20000 - 0x00007ffda0f2a000 	C:\Program Files\Java\jdk-17.0.4.1\bin\jimage.dll
0x00007ffda1c00000 - 0x00007ffda1de4000 	C:\Windows\SYSTEM32\DBGHELP.DLL
0x00007ffd9a7f0000 - 0x00007ffd9a824000 	C:\Windows\SYSTEM32\dbgcore.DLL
0x00007ffda3e30000 - 0x00007ffda3eb2000 	C:\Windows\System32\bcryptPrimitives.dll
0x00007ffda0ce0000 - 0x00007ffda0d05000 	C:\Program Files\Java\jdk-17.0.4.1\bin\java.dll
0x00007ffd9ef50000 - 0x00007ffd9f026000 	C:\Program Files\Java\jdk-17.0.4.1\bin\jsvml.dll
0x00007ffda5320000 - 0x00007ffda5a64000 	C:\Windows\System32\SHELL32.dll
0x00007ffda1180000 - 0x00007ffda1914000 	C:\Windows\SYSTEM32\windows.storage.dll
0x00007ffda4460000 - 0x00007ffda47b4000 	C:\Windows\System32\combase.dll
0x00007ffda32b0000 - 0x00007ffda32de000 	C:\Windows\SYSTEM32\Wldp.dll
0x00007ffda5a70000 - 0x00007ffda5b1d000 	C:\Windows\System32\SHCORE.dll
0x00007ffda5ea0000 - 0x00007ffda5ef5000 	C:\Windows\System32\shlwapi.dll
0x00007ffda37a0000 - 0x00007ffda37c5000 	C:\Windows\SYSTEM32\profapi.dll
0x00007ffda0cb0000 - 0x00007ffda0cc9000 	C:\Program Files\Java\jdk-17.0.4.1\bin\net.dll
0x00007ffd9bdc0000 - 0x00007ffd9beca000 	C:\Windows\SYSTEM32\WINHTTP.dll
0x00007ffda3010000 - 0x00007ffda307a000 	C:\Windows\system32\mswsock.dll
0x00007ffda0c10000 - 0x00007ffda0c26000 	C:\Program Files\Java\jdk-17.0.4.1\bin\nio.dll
0x00007ffda0bf0000 - 0x00007ffda0c08000 	C:\Program Files\Java\jdk-17.0.4.1\bin\zip.dll
0x00007ffda0ba0000 - 0x00007ffda0bb0000 	C:\Program Files\Java\jdk-17.0.4.1\bin\verify.dll
0x00007ffda2cf0000 - 0x00007ffda2dba000 	C:\Windows\SYSTEM32\DNSAPI.dll
0x00007ffda2cb0000 - 0x00007ffda2cec000 	C:\Windows\SYSTEM32\IPHLPAPI.DLL
0x00007ffda4820000 - 0x00007ffda4828000 	C:\Windows\System32\NSI.dll
0x00007ffd98f20000 - 0x00007ffd98f2a000 	C:\Windows\System32\rasadhlp.dll
0x00007ffd9b7f0000 - 0x00007ffd9b872000 	C:\Windows\System32\fwpuclnt.dll
0x00007ffda3e00000 - 0x00007ffda3e27000 	C:\Windows\System32\bcrypt.dll
0x00007ffda3200000 - 0x00007ffda3218000 	C:\Windows\SYSTEM32\CRYPTSP.dll
0x00007ffda28c0000 - 0x00007ffda28f4000 	C:\Windows\system32\rsaenh.dll
0x00007ffda3720000 - 0x00007ffda374e000 	C:\Windows\SYSTEM32\USERENV.dll
0x00007ffda3220000 - 0x00007ffda322c000 	C:\Windows\SYSTEM32\CRYPTBASE.dll
0x00007ffd9b4e0000 - 0x00007ffd9b4f7000 	C:\Windows\SYSTEM32\dhcpcsvc6.DLL
0x00007ffd9b250000 - 0x00007ffd9b26d000 	C:\Windows\SYSTEM32\dhcpcsvc.DLL
0x00007ffd9e0d0000 - 0x00007ffd9e161000 	C:\Windows\system32\apphelp.dll
0x00007ffda1940000 - 0x00007ffda1949000 	C:\Program Files\Java\jdk-17.0.4.1\bin\management.dll
0x00007ffda0d10000 - 0x00007ffda0d1b000 	C:\Program Files\Java\jdk-17.0.4.1\bin\management_ext.dll
0x00007ffda0b20000 - 0x00007ffda0b2e000 	C:\Program Files\Java\jdk-17.0.4.1\bin\sunmscapi.dll
0x00007ffda3ec0000 - 0x00007ffda401e000 	C:\Windows\System32\CRYPT32.dll
0x00007ffda3320000 - 0x00007ffda3348000 	C:\Windows\SYSTEM32\ncrypt.dll
0x00007ffda32e0000 - 0x00007ffda331b000 	C:\Windows\SYSTEM32\NTASN1.dll
0x00007ffda0360000 - 0x00007ffda0367000 	C:\Windows\system32\wshunix.dll

dbghelp: loaded successfully - version: 4.0.5 - missing functions: none
symbol engine: initialized successfully - sym options: 0x614 - pdb path: .;C:\Program Files\Java\jdk-17.0.4.1\bin;C:\Windows\SYSTEM32;C:\Windows\WinSxS\amd64_microsoft.windows.common-controls_6595b64144ccf1df_6.0.19041.1110_none_60b5254171f9507e;C:\Program Files\Java\jdk-17.0.4.1\bin\server

VM Arguments:
jvm_args: -ea -Dfile.encoding=UTF-8 -XX:+ShowCodeDetailsInExceptionMessages 
java_command: org.testng.remote.RemoteTestNG -serport 51465 -protocol json -d C:\Users\rohan.patil\eclipse-workspace\Zeus\test-output C:\Users\ROHAN~1.PAT\AppData\Local\Temp\testng-eclipse-1193257042\testng-customsuite.xml
java_class_path (initial): C:\Users\rohan.patil\eclipse\java-2022-09\eclipse\configuration\org.eclipse.osgi\839\0\.cp\lib\testng-remote.jar;C:\Users\rohan.patil\eclipse-workspace\Zeus\target\test-classes;C:\Users\rohan.patil\eclipse-workspace\Zeus\target\classes;C:\Users\rohan.patil\.p2\pool\plugins\org.testng_7.8.0.r202306071539.jar;C:\Users\rohan.patil\.p2\pool\plugins\com.beust.jcommander_1.82.0.jar;C:\Users\rohan.patil\.p2\pool\plugins\org.apache-extras.beanshell.bsh_2.0.0.b6.jar;C:\Users\rohan.patil\.p2\pool\plugins\org.yaml.snakeyaml_1.27.0.v20221112-0806.jar;C:\Users\rohan.patil\.p2\pool\plugins\org.webjars.jquery_3.6.1.jar;C:\Users\rohan.patil\.m2\repository\org\apache\poi\poi-ooxml\5.2.2\poi-ooxml-5.2.2.jar;C:\Users\rohan.patil\.m2\repository\org\apache\poi\poi\5.2.2\poi-5.2.2.jar;C:\Users\rohan.patil\.m2\repository\commons-codec\commons-codec\1.15\commons-codec-1.15.jar;C:\Users\rohan.patil\.m2\repository\org\apache\commons\commons-math3\3.6.1\commons-math3-3.6.1.jar;C:\Users\rohan.patil\.m2\repository\com\zaxxer\SparseBitSet\1.2\SparseBitSet-1.2.jar;C:\Users\rohan.patil\.m2\repository\org\apache\poi\poi-ooxml-lite\5.2.2\poi-ooxml-lite-5.2.2.jar;C:\Users\rohan.patil\.m2\repository\org\apache\xmlbeans\xmlbeans\5.0.3\xmlbeans-5.0.3.jar;C:\Users\rohan.patil\.m2\repository\org\apache\commons\commons-compress\1.21\commons-compress-1.21.jar;C:\Users\rohan.patil\.m2\repository\commons-io\commons-io\2.11.0\commons-io-2.11.0.jar;C:\Users\rohan.patil\.m2\repository\com\github\virtuald\curvesapi\1.07\curvesapi-1.07.jar;C:\Users\rohan.patil\.m2\repository\org\apache\logging\log4j\log4j-api\2.17.2\log4j-api-2.17.2.jar;C:\Users\rohan.patil\.m2\repository\org\apache\commons\commons-collections4\4.4\commons-collections4-4.4.jar;C:\Users\rohan.patil\.m2\repository\org\seleniumhq\selenium\selenium-java\4.10.0\selenium-java-4.10.0.jar;C:\Users\rohan.patil\.m2\repository\org\seleniumhq\selenium\selenium-api\4.10.0\selenium-api-4.10.0.jar;C:\Users\rohan.patil\.m2\repository\
Launcher Type: SUN_STANDARD

[Global flags]
     intx CICompilerCount                          = 3                                         {product} {ergonomic}
     uint ConcGCThreads                            = 1                                         {product} {ergonomic}
     uint G1ConcRefinementThreads                  = 4                                         {product} {ergonomic}
   size_t G1HeapRegionSize                         = 1048576                                   {product} {ergonomic}
    uintx GCDrainStackTargetSize                   = 64                                        {product} {ergonomic}
   size_t InitialHeapSize                          = 130023424                                 {product} {ergonomic}
   size_t MarkStackSize                            = 4194304                                   {product} {ergonomic}
   size_t MaxHeapSize                              = 2069889024                                {product} {ergonomic}
   size_t MaxNewSize                               = 1241513984                                {product} {ergonomic}
   size_t MinHeapDeltaBytes                        = 1048576                                   {product} {ergonomic}
   size_t MinHeapSize                              = 8388608                                   {product} {ergonomic}
    uintx NonNMethodCodeHeapSize                   = 5832780                                {pd product} {ergonomic}
    uintx NonProfiledCodeHeapSize                  = 122912730                              {pd product} {ergonomic}
    uintx ProfiledCodeHeapSize                     = 122912730                              {pd product} {ergonomic}
    uintx ReservedCodeCacheSize                    = 251658240                              {pd product} {ergonomic}
     bool SegmentedCodeCache                       = true                                      {product} {ergonomic}
     bool ShowCodeDetailsInExceptionMessages       = true                                   {manageable} {command line}
   size_t SoftMaxHeapSize                          = 2069889024                             {manageable} {ergonomic}
     bool UseCompressedClassPointers               = true                           {product lp64_product} {ergonomic}
     bool UseCompressedOops                        = true                           {product lp64_product} {ergonomic}
     bool UseG1GC                                  = true                                      {product} {ergonomic}
     bool UseLargePagesIndividualAllocation        = false                                  {pd product} {ergonomic}

Logging:
Log output configuration:
 #0: stdout all=warning uptime,level,tags
 #1: stderr all=off uptime,level,tags

Environment Variables:
JAVA_HOME=C:\Program Files\Java\jdk-17.0.4.1
PATH=C:\Program Files\Common Files\Oracle\Java\javapath;C:\Windows\system32;C:\Windows;C:\Windows\System32\Wbem;C:\Windows\System32\WindowsPowerShell\v1.0\;C:\Windows\System32\OpenSSH\;C:\Program Files\nodejs\;C:\Program Files\Microsoft SQL Server\150\Tools\Binn\;C:\Program Files\dotnet\;C:\Users\rohan.patil\AppData\Local\Microsoft\WindowsApps;C:\Users\rohan.patil\AppData\Local\Programs\Git\cmd;C:\Users\rohan.patil\AppData\Local\Programs\Microsoft VS Code\bin;C:\Users\rohan.patil\AppData\Roaming\npm
USERNAME=rohan.patil
OS=Windows_NT
PROCESSOR_IDENTIFIER=Intel64 Family 6 Model 140 Stepping 1, GenuineIntel



---------------  S Y S T E M  ---------------

OS:
 Windows 10 , 64 bit Build 19041 (10.0.19041.3155)
OS uptime: 1 days 6:37 hours

CPU: total 4 (initial active 4) (2 cores per cpu, 2 threads per core) family 6 model 140 stepping 1 microcode 0x86, cx8, cmov, fxsr, ht, mmx, 3dnowpref, sse, sse2, sse3, ssse3, sse4.1, sse4.2, popcnt, lzcnt, tsc, tscinvbit, avx, avx2, aes, erms, clmul, bmi1, bmi2, adx, avx512f, avx512dq, avx512cd, avx512bw, avx512vl, sha, fma, vzeroupper, avx512_vpopcntdq, avx512_vpclmulqdq, avx512_vaes, avx512_vnni, clflush, clflushopt, clwb, avx512_vbmi2, avx512_vbmi

Memory: 4k page, system-wide physical 7894M (944M free)
TotalPageFile size 20706M (AvailPageFile size 6M)
current process WorkingSet (physical memory assigned to process): 120M, peak: 120M
current process commit charge ("private bytes"): 249M, peak: 251M

vm_info: Java HotSpot(TM) 64-Bit Server VM (17.0.4.1+1-LTS-2) for windows-amd64 JRE (17.0.4.1+1-LTS-2), built on Aug 16 2022 18:32:06 by "mach5one" with MS VC++ 16.8 / 16.9 (VS2019)

END.
